[2024-10-19T20:21:11.529+0000] {processor.py:161} INFO - Started process (PID=556) to work on /opt/airflow/dags/dbt_transformation.py
[2024-10-19T20:21:11.531+0000] {processor.py:830} INFO - Processing file /opt/airflow/dags/dbt_transformation.py for tasks to queue
[2024-10-19T20:21:11.532+0000] {logging_mixin.py:188} INFO - [2024-10-19T20:21:11.532+0000] {dagbag.py:540} INFO - Filling up the DagBag from /opt/airflow/dags/dbt_transformation.py
[2024-10-19T20:21:11.563+0000] {processor.py:840} INFO - DAG(s) 'dbt_dag' retrieved from /opt/airflow/dags/dbt_transformation.py
[2024-10-19T20:21:11.723+0000] {logging_mixin.py:188} INFO - [2024-10-19T20:21:11.723+0000] {dag.py:3047} INFO - Sync 1 DAGs
[2024-10-19T20:21:11.746+0000] {logging_mixin.py:188} INFO - [2024-10-19T20:21:11.745+0000] {dag.py:3834} INFO - Setting next_dagrun for dbt_dag to 2024-10-20 00:00:00+00:00, run_after=2024-10-21 00:00:00+00:00
[2024-10-19T20:21:11.767+0000] {processor.py:183} INFO - Processing /opt/airflow/dags/dbt_transformation.py took 0.241 seconds
[2024-10-19T20:21:41.930+0000] {processor.py:161} INFO - Started process (PID=561) to work on /opt/airflow/dags/dbt_transformation.py
[2024-10-19T20:21:41.931+0000] {processor.py:830} INFO - Processing file /opt/airflow/dags/dbt_transformation.py for tasks to queue
[2024-10-19T20:21:41.932+0000] {logging_mixin.py:188} INFO - [2024-10-19T20:21:41.932+0000] {dagbag.py:540} INFO - Filling up the DagBag from /opt/airflow/dags/dbt_transformation.py
[2024-10-19T20:21:41.948+0000] {processor.py:840} INFO - DAG(s) 'dbt_dag' retrieved from /opt/airflow/dags/dbt_transformation.py
[2024-10-19T20:21:41.973+0000] {logging_mixin.py:188} INFO - [2024-10-19T20:21:41.973+0000] {dag.py:3047} INFO - Sync 1 DAGs
[2024-10-19T20:21:41.993+0000] {logging_mixin.py:188} INFO - [2024-10-19T20:21:41.992+0000] {dag.py:3834} INFO - Setting next_dagrun for dbt_dag to 2024-10-20 00:00:00+00:00, run_after=2024-10-21 00:00:00+00:00
[2024-10-19T20:21:42.019+0000] {processor.py:183} INFO - Processing /opt/airflow/dags/dbt_transformation.py took 0.092 seconds
[2024-10-19T20:22:12.095+0000] {processor.py:161} INFO - Started process (PID=566) to work on /opt/airflow/dags/dbt_transformation.py
[2024-10-19T20:22:12.096+0000] {processor.py:830} INFO - Processing file /opt/airflow/dags/dbt_transformation.py for tasks to queue
[2024-10-19T20:22:12.097+0000] {logging_mixin.py:188} INFO - [2024-10-19T20:22:12.097+0000] {dagbag.py:540} INFO - Filling up the DagBag from /opt/airflow/dags/dbt_transformation.py
[2024-10-19T20:22:12.115+0000] {processor.py:840} INFO - DAG(s) 'dbt_dag' retrieved from /opt/airflow/dags/dbt_transformation.py
[2024-10-19T20:22:12.140+0000] {logging_mixin.py:188} INFO - [2024-10-19T20:22:12.139+0000] {dag.py:3047} INFO - Sync 1 DAGs
[2024-10-19T20:22:12.162+0000] {logging_mixin.py:188} INFO - [2024-10-19T20:22:12.161+0000] {dag.py:3834} INFO - Setting next_dagrun for dbt_dag to 2024-10-20 00:00:00+00:00, run_after=2024-10-21 00:00:00+00:00
[2024-10-19T20:22:12.181+0000] {processor.py:183} INFO - Processing /opt/airflow/dags/dbt_transformation.py took 0.088 seconds
[2024-10-19T20:22:42.324+0000] {processor.py:161} INFO - Started process (PID=571) to work on /opt/airflow/dags/dbt_transformation.py
[2024-10-19T20:22:42.471+0000] {processor.py:830} INFO - Processing file /opt/airflow/dags/dbt_transformation.py for tasks to queue
[2024-10-19T20:22:42.472+0000] {logging_mixin.py:188} INFO - [2024-10-19T20:22:42.472+0000] {dagbag.py:540} INFO - Filling up the DagBag from /opt/airflow/dags/dbt_transformation.py
[2024-10-19T20:22:42.487+0000] {processor.py:840} INFO - DAG(s) 'dbt_dag' retrieved from /opt/airflow/dags/dbt_transformation.py
[2024-10-19T20:22:42.509+0000] {logging_mixin.py:188} INFO - [2024-10-19T20:22:42.509+0000] {dag.py:3047} INFO - Sync 1 DAGs
[2024-10-19T20:22:42.528+0000] {logging_mixin.py:188} INFO - [2024-10-19T20:22:42.528+0000] {dag.py:3834} INFO - Setting next_dagrun for dbt_dag to 2024-10-20 00:00:00+00:00, run_after=2024-10-21 00:00:00+00:00
[2024-10-19T20:22:42.546+0000] {processor.py:183} INFO - Processing /opt/airflow/dags/dbt_transformation.py took 0.223 seconds
[2024-10-19T20:23:12.757+0000] {processor.py:161} INFO - Started process (PID=576) to work on /opt/airflow/dags/dbt_transformation.py
[2024-10-19T20:23:12.758+0000] {processor.py:830} INFO - Processing file /opt/airflow/dags/dbt_transformation.py for tasks to queue
[2024-10-19T20:23:12.759+0000] {logging_mixin.py:188} INFO - [2024-10-19T20:23:12.758+0000] {dagbag.py:540} INFO - Filling up the DagBag from /opt/airflow/dags/dbt_transformation.py
[2024-10-19T20:23:12.775+0000] {processor.py:840} INFO - DAG(s) 'dbt_dag' retrieved from /opt/airflow/dags/dbt_transformation.py
[2024-10-19T20:23:12.799+0000] {logging_mixin.py:188} INFO - [2024-10-19T20:23:12.799+0000] {dag.py:3047} INFO - Sync 1 DAGs
[2024-10-19T20:23:12.819+0000] {logging_mixin.py:188} INFO - [2024-10-19T20:23:12.819+0000] {dag.py:3834} INFO - Setting next_dagrun for dbt_dag to 2024-10-20 00:00:00+00:00, run_after=2024-10-21 00:00:00+00:00
[2024-10-19T20:23:13.114+0000] {processor.py:183} INFO - Processing /opt/airflow/dags/dbt_transformation.py took 0.360 seconds
[2024-10-19T20:23:43.280+0000] {processor.py:161} INFO - Started process (PID=581) to work on /opt/airflow/dags/dbt_transformation.py
[2024-10-19T20:23:43.281+0000] {processor.py:830} INFO - Processing file /opt/airflow/dags/dbt_transformation.py for tasks to queue
[2024-10-19T20:23:43.282+0000] {logging_mixin.py:188} INFO - [2024-10-19T20:23:43.282+0000] {dagbag.py:540} INFO - Filling up the DagBag from /opt/airflow/dags/dbt_transformation.py
[2024-10-19T20:23:43.299+0000] {processor.py:840} INFO - DAG(s) 'dbt_dag' retrieved from /opt/airflow/dags/dbt_transformation.py
[2024-10-19T20:23:43.323+0000] {logging_mixin.py:188} INFO - [2024-10-19T20:23:43.323+0000] {dag.py:3047} INFO - Sync 1 DAGs
[2024-10-19T20:23:43.342+0000] {logging_mixin.py:188} INFO - [2024-10-19T20:23:43.342+0000] {dag.py:3834} INFO - Setting next_dagrun for dbt_dag to 2024-10-20 00:00:00+00:00, run_after=2024-10-21 00:00:00+00:00
[2024-10-19T20:23:43.358+0000] {processor.py:183} INFO - Processing /opt/airflow/dags/dbt_transformation.py took 0.081 seconds
[2024-10-19T20:24:13.445+0000] {processor.py:161} INFO - Started process (PID=586) to work on /opt/airflow/dags/dbt_transformation.py
[2024-10-19T20:24:13.445+0000] {processor.py:830} INFO - Processing file /opt/airflow/dags/dbt_transformation.py for tasks to queue
[2024-10-19T20:24:13.446+0000] {logging_mixin.py:188} INFO - [2024-10-19T20:24:13.446+0000] {dagbag.py:540} INFO - Filling up the DagBag from /opt/airflow/dags/dbt_transformation.py
[2024-10-19T20:24:13.461+0000] {processor.py:840} INFO - DAG(s) 'dbt_dag' retrieved from /opt/airflow/dags/dbt_transformation.py
[2024-10-19T20:24:13.482+0000] {logging_mixin.py:188} INFO - [2024-10-19T20:24:13.481+0000] {dag.py:3047} INFO - Sync 1 DAGs
[2024-10-19T20:24:13.498+0000] {logging_mixin.py:188} INFO - [2024-10-19T20:24:13.498+0000] {dag.py:3834} INFO - Setting next_dagrun for dbt_dag to 2024-10-20 00:00:00+00:00, run_after=2024-10-21 00:00:00+00:00
[2024-10-19T20:24:13.519+0000] {processor.py:183} INFO - Processing /opt/airflow/dags/dbt_transformation.py took 0.077 seconds
[2024-10-19T20:24:43.672+0000] {processor.py:161} INFO - Started process (PID=591) to work on /opt/airflow/dags/dbt_transformation.py
[2024-10-19T20:24:43.673+0000] {processor.py:830} INFO - Processing file /opt/airflow/dags/dbt_transformation.py for tasks to queue
[2024-10-19T20:24:43.674+0000] {logging_mixin.py:188} INFO - [2024-10-19T20:24:43.674+0000] {dagbag.py:540} INFO - Filling up the DagBag from /opt/airflow/dags/dbt_transformation.py
[2024-10-19T20:24:43.688+0000] {processor.py:840} INFO - DAG(s) 'dbt_dag' retrieved from /opt/airflow/dags/dbt_transformation.py
[2024-10-19T20:24:43.711+0000] {logging_mixin.py:188} INFO - [2024-10-19T20:24:43.710+0000] {dag.py:3047} INFO - Sync 1 DAGs
[2024-10-19T20:24:43.728+0000] {logging_mixin.py:188} INFO - [2024-10-19T20:24:43.728+0000] {dag.py:3834} INFO - Setting next_dagrun for dbt_dag to 2024-10-20 00:00:00+00:00, run_after=2024-10-21 00:00:00+00:00
[2024-10-19T20:24:43.746+0000] {processor.py:183} INFO - Processing /opt/airflow/dags/dbt_transformation.py took 0.077 seconds
[2024-10-19T20:25:13.839+0000] {processor.py:161} INFO - Started process (PID=596) to work on /opt/airflow/dags/dbt_transformation.py
[2024-10-19T20:25:13.840+0000] {processor.py:830} INFO - Processing file /opt/airflow/dags/dbt_transformation.py for tasks to queue
[2024-10-19T20:25:13.841+0000] {logging_mixin.py:188} INFO - [2024-10-19T20:25:13.841+0000] {dagbag.py:540} INFO - Filling up the DagBag from /opt/airflow/dags/dbt_transformation.py
[2024-10-19T20:25:13.855+0000] {processor.py:840} INFO - DAG(s) 'dbt_dag' retrieved from /opt/airflow/dags/dbt_transformation.py
[2024-10-19T20:25:13.876+0000] {logging_mixin.py:188} INFO - [2024-10-19T20:25:13.876+0000] {dag.py:3047} INFO - Sync 1 DAGs
[2024-10-19T20:25:13.894+0000] {logging_mixin.py:188} INFO - [2024-10-19T20:25:13.893+0000] {dag.py:3834} INFO - Setting next_dagrun for dbt_dag to 2024-10-20 00:00:00+00:00, run_after=2024-10-21 00:00:00+00:00
[2024-10-19T20:25:13.906+0000] {processor.py:183} INFO - Processing /opt/airflow/dags/dbt_transformation.py took 0.071 seconds
[2024-10-19T20:25:44.072+0000] {processor.py:161} INFO - Started process (PID=601) to work on /opt/airflow/dags/dbt_transformation.py
[2024-10-19T20:25:44.073+0000] {processor.py:830} INFO - Processing file /opt/airflow/dags/dbt_transformation.py for tasks to queue
[2024-10-19T20:25:44.074+0000] {logging_mixin.py:188} INFO - [2024-10-19T20:25:44.074+0000] {dagbag.py:540} INFO - Filling up the DagBag from /opt/airflow/dags/dbt_transformation.py
[2024-10-19T20:25:44.094+0000] {processor.py:840} INFO - DAG(s) 'dbt_dag' retrieved from /opt/airflow/dags/dbt_transformation.py
[2024-10-19T20:25:44.123+0000] {logging_mixin.py:188} INFO - [2024-10-19T20:25:44.122+0000] {dag.py:3047} INFO - Sync 1 DAGs
[2024-10-19T20:25:44.144+0000] {logging_mixin.py:188} INFO - [2024-10-19T20:25:44.144+0000] {dag.py:3834} INFO - Setting next_dagrun for dbt_dag to 2024-10-20 00:00:00+00:00, run_after=2024-10-21 00:00:00+00:00
[2024-10-19T20:25:44.163+0000] {processor.py:183} INFO - Processing /opt/airflow/dags/dbt_transformation.py took 0.094 seconds
[2024-10-19T20:26:14.250+0000] {processor.py:161} INFO - Started process (PID=606) to work on /opt/airflow/dags/dbt_transformation.py
[2024-10-19T20:26:14.290+0000] {processor.py:830} INFO - Processing file /opt/airflow/dags/dbt_transformation.py for tasks to queue
[2024-10-19T20:26:14.291+0000] {logging_mixin.py:188} INFO - [2024-10-19T20:26:14.291+0000] {dagbag.py:540} INFO - Filling up the DagBag from /opt/airflow/dags/dbt_transformation.py
[2024-10-19T20:26:14.305+0000] {processor.py:840} INFO - DAG(s) 'dbt_dag' retrieved from /opt/airflow/dags/dbt_transformation.py
[2024-10-19T20:26:14.326+0000] {logging_mixin.py:188} INFO - [2024-10-19T20:26:14.326+0000] {dag.py:3047} INFO - Sync 1 DAGs
[2024-10-19T20:26:14.346+0000] {logging_mixin.py:188} INFO - [2024-10-19T20:26:14.346+0000] {dag.py:3834} INFO - Setting next_dagrun for dbt_dag to 2024-10-20 00:00:00+00:00, run_after=2024-10-21 00:00:00+00:00
[2024-10-19T20:26:14.362+0000] {processor.py:183} INFO - Processing /opt/airflow/dags/dbt_transformation.py took 0.114 seconds
[2024-10-19T20:26:44.456+0000] {processor.py:161} INFO - Started process (PID=611) to work on /opt/airflow/dags/dbt_transformation.py
[2024-10-19T20:26:44.457+0000] {processor.py:830} INFO - Processing file /opt/airflow/dags/dbt_transformation.py for tasks to queue
[2024-10-19T20:26:44.458+0000] {logging_mixin.py:188} INFO - [2024-10-19T20:26:44.457+0000] {dagbag.py:540} INFO - Filling up the DagBag from /opt/airflow/dags/dbt_transformation.py
[2024-10-19T20:26:44.474+0000] {processor.py:840} INFO - DAG(s) 'dbt_dag' retrieved from /opt/airflow/dags/dbt_transformation.py
[2024-10-19T20:26:44.498+0000] {logging_mixin.py:188} INFO - [2024-10-19T20:26:44.498+0000] {dag.py:3047} INFO - Sync 1 DAGs
[2024-10-19T20:26:44.515+0000] {logging_mixin.py:188} INFO - [2024-10-19T20:26:44.515+0000] {dag.py:3834} INFO - Setting next_dagrun for dbt_dag to 2024-10-20 00:00:00+00:00, run_after=2024-10-21 00:00:00+00:00
[2024-10-19T20:26:44.535+0000] {processor.py:183} INFO - Processing /opt/airflow/dags/dbt_transformation.py took 0.082 seconds
[2024-10-19T20:27:14.648+0000] {processor.py:161} INFO - Started process (PID=616) to work on /opt/airflow/dags/dbt_transformation.py
[2024-10-19T20:27:14.649+0000] {processor.py:830} INFO - Processing file /opt/airflow/dags/dbt_transformation.py for tasks to queue
[2024-10-19T20:27:14.650+0000] {logging_mixin.py:188} INFO - [2024-10-19T20:27:14.650+0000] {dagbag.py:540} INFO - Filling up the DagBag from /opt/airflow/dags/dbt_transformation.py
[2024-10-19T20:27:14.665+0000] {processor.py:840} INFO - DAG(s) 'dbt_dag' retrieved from /opt/airflow/dags/dbt_transformation.py
[2024-10-19T20:27:14.687+0000] {logging_mixin.py:188} INFO - [2024-10-19T20:27:14.687+0000] {dag.py:3047} INFO - Sync 1 DAGs
[2024-10-19T20:27:14.703+0000] {logging_mixin.py:188} INFO - [2024-10-19T20:27:14.703+0000] {dag.py:3834} INFO - Setting next_dagrun for dbt_dag to 2024-10-20 00:00:00+00:00, run_after=2024-10-21 00:00:00+00:00
[2024-10-19T20:27:14.730+0000] {processor.py:183} INFO - Processing /opt/airflow/dags/dbt_transformation.py took 0.084 seconds
[2024-10-19T20:27:44.838+0000] {processor.py:161} INFO - Started process (PID=621) to work on /opt/airflow/dags/dbt_transformation.py
[2024-10-19T20:27:44.839+0000] {processor.py:830} INFO - Processing file /opt/airflow/dags/dbt_transformation.py for tasks to queue
[2024-10-19T20:27:44.839+0000] {logging_mixin.py:188} INFO - [2024-10-19T20:27:44.839+0000] {dagbag.py:540} INFO - Filling up the DagBag from /opt/airflow/dags/dbt_transformation.py
[2024-10-19T20:27:44.862+0000] {processor.py:840} INFO - DAG(s) 'dbt_dag' retrieved from /opt/airflow/dags/dbt_transformation.py
[2024-10-19T20:27:44.891+0000] {logging_mixin.py:188} INFO - [2024-10-19T20:27:44.891+0000] {dag.py:3047} INFO - Sync 1 DAGs
[2024-10-19T20:27:44.910+0000] {logging_mixin.py:188} INFO - [2024-10-19T20:27:44.910+0000] {dag.py:3834} INFO - Setting next_dagrun for dbt_dag to 2024-10-20 00:00:00+00:00, run_after=2024-10-21 00:00:00+00:00
[2024-10-19T20:27:44.928+0000] {processor.py:183} INFO - Processing /opt/airflow/dags/dbt_transformation.py took 0.094 seconds
[2024-10-19T20:28:15.042+0000] {processor.py:161} INFO - Started process (PID=626) to work on /opt/airflow/dags/dbt_transformation.py
[2024-10-19T20:28:15.043+0000] {processor.py:830} INFO - Processing file /opt/airflow/dags/dbt_transformation.py for tasks to queue
[2024-10-19T20:28:15.044+0000] {logging_mixin.py:188} INFO - [2024-10-19T20:28:15.044+0000] {dagbag.py:540} INFO - Filling up the DagBag from /opt/airflow/dags/dbt_transformation.py
[2024-10-19T20:28:15.060+0000] {processor.py:840} INFO - DAG(s) 'dbt_dag' retrieved from /opt/airflow/dags/dbt_transformation.py
[2024-10-19T20:28:15.082+0000] {logging_mixin.py:188} INFO - [2024-10-19T20:28:15.082+0000] {dag.py:3047} INFO - Sync 1 DAGs
[2024-10-19T20:28:15.099+0000] {logging_mixin.py:188} INFO - [2024-10-19T20:28:15.099+0000] {dag.py:3834} INFO - Setting next_dagrun for dbt_dag to 2024-10-20 00:00:00+00:00, run_after=2024-10-21 00:00:00+00:00
[2024-10-19T20:28:15.114+0000] {processor.py:183} INFO - Processing /opt/airflow/dags/dbt_transformation.py took 0.074 seconds
[2024-10-19T20:28:45.222+0000] {processor.py:161} INFO - Started process (PID=631) to work on /opt/airflow/dags/dbt_transformation.py
[2024-10-19T20:28:45.223+0000] {processor.py:830} INFO - Processing file /opt/airflow/dags/dbt_transformation.py for tasks to queue
[2024-10-19T20:28:45.224+0000] {logging_mixin.py:188} INFO - [2024-10-19T20:28:45.224+0000] {dagbag.py:540} INFO - Filling up the DagBag from /opt/airflow/dags/dbt_transformation.py
[2024-10-19T20:28:45.239+0000] {processor.py:840} INFO - DAG(s) 'dbt_dag' retrieved from /opt/airflow/dags/dbt_transformation.py
[2024-10-19T20:28:45.260+0000] {logging_mixin.py:188} INFO - [2024-10-19T20:28:45.259+0000] {dag.py:3047} INFO - Sync 1 DAGs
[2024-10-19T20:28:45.277+0000] {logging_mixin.py:188} INFO - [2024-10-19T20:28:45.277+0000] {dag.py:3834} INFO - Setting next_dagrun for dbt_dag to 2024-10-20 00:00:00+00:00, run_after=2024-10-21 00:00:00+00:00
[2024-10-19T20:28:45.293+0000] {processor.py:183} INFO - Processing /opt/airflow/dags/dbt_transformation.py took 0.073 seconds
[2024-10-19T20:29:15.426+0000] {processor.py:161} INFO - Started process (PID=636) to work on /opt/airflow/dags/dbt_transformation.py
[2024-10-19T20:29:15.427+0000] {processor.py:830} INFO - Processing file /opt/airflow/dags/dbt_transformation.py for tasks to queue
[2024-10-19T20:29:15.428+0000] {logging_mixin.py:188} INFO - [2024-10-19T20:29:15.427+0000] {dagbag.py:540} INFO - Filling up the DagBag from /opt/airflow/dags/dbt_transformation.py
[2024-10-19T20:29:15.447+0000] {processor.py:840} INFO - DAG(s) 'dbt_dag' retrieved from /opt/airflow/dags/dbt_transformation.py
[2024-10-19T20:29:15.471+0000] {logging_mixin.py:188} INFO - [2024-10-19T20:29:15.471+0000] {dag.py:3047} INFO - Sync 1 DAGs
[2024-10-19T20:29:15.489+0000] {logging_mixin.py:188} INFO - [2024-10-19T20:29:15.489+0000] {dag.py:3834} INFO - Setting next_dagrun for dbt_dag to 2024-10-20 00:00:00+00:00, run_after=2024-10-21 00:00:00+00:00
[2024-10-19T20:29:15.504+0000] {processor.py:183} INFO - Processing /opt/airflow/dags/dbt_transformation.py took 0.081 seconds
[2024-10-19T20:29:45.590+0000] {processor.py:161} INFO - Started process (PID=641) to work on /opt/airflow/dags/dbt_transformation.py
[2024-10-19T20:29:45.591+0000] {processor.py:830} INFO - Processing file /opt/airflow/dags/dbt_transformation.py for tasks to queue
[2024-10-19T20:29:45.592+0000] {logging_mixin.py:188} INFO - [2024-10-19T20:29:45.592+0000] {dagbag.py:540} INFO - Filling up the DagBag from /opt/airflow/dags/dbt_transformation.py
[2024-10-19T20:29:45.606+0000] {processor.py:840} INFO - DAG(s) 'dbt_dag' retrieved from /opt/airflow/dags/dbt_transformation.py
[2024-10-19T20:29:45.627+0000] {logging_mixin.py:188} INFO - [2024-10-19T20:29:45.627+0000] {dag.py:3047} INFO - Sync 1 DAGs
[2024-10-19T20:29:45.644+0000] {logging_mixin.py:188} INFO - [2024-10-19T20:29:45.644+0000] {dag.py:3834} INFO - Setting next_dagrun for dbt_dag to 2024-10-20 00:00:00+00:00, run_after=2024-10-21 00:00:00+00:00
[2024-10-19T20:29:45.661+0000] {processor.py:183} INFO - Processing /opt/airflow/dags/dbt_transformation.py took 0.073 seconds
[2024-10-19T20:30:15.817+0000] {processor.py:161} INFO - Started process (PID=646) to work on /opt/airflow/dags/dbt_transformation.py
[2024-10-19T20:30:15.818+0000] {processor.py:830} INFO - Processing file /opt/airflow/dags/dbt_transformation.py for tasks to queue
[2024-10-19T20:30:15.819+0000] {logging_mixin.py:188} INFO - [2024-10-19T20:30:15.818+0000] {dagbag.py:540} INFO - Filling up the DagBag from /opt/airflow/dags/dbt_transformation.py
[2024-10-19T20:30:15.833+0000] {processor.py:840} INFO - DAG(s) 'dbt_dag' retrieved from /opt/airflow/dags/dbt_transformation.py
[2024-10-19T20:30:15.854+0000] {logging_mixin.py:188} INFO - [2024-10-19T20:30:15.854+0000] {dag.py:3047} INFO - Sync 1 DAGs
[2024-10-19T20:30:15.872+0000] {logging_mixin.py:188} INFO - [2024-10-19T20:30:15.871+0000] {dag.py:3834} INFO - Setting next_dagrun for dbt_dag to 2024-10-20 00:00:00+00:00, run_after=2024-10-21 00:00:00+00:00
[2024-10-19T20:30:15.886+0000] {processor.py:183} INFO - Processing /opt/airflow/dags/dbt_transformation.py took 0.071 seconds
[2024-10-19T20:30:45.993+0000] {processor.py:161} INFO - Started process (PID=651) to work on /opt/airflow/dags/dbt_transformation.py
[2024-10-19T20:30:45.994+0000] {processor.py:830} INFO - Processing file /opt/airflow/dags/dbt_transformation.py for tasks to queue
[2024-10-19T20:30:45.994+0000] {logging_mixin.py:188} INFO - [2024-10-19T20:30:45.994+0000] {dagbag.py:540} INFO - Filling up the DagBag from /opt/airflow/dags/dbt_transformation.py
[2024-10-19T20:30:46.011+0000] {processor.py:840} INFO - DAG(s) 'dbt_dag' retrieved from /opt/airflow/dags/dbt_transformation.py
[2024-10-19T20:30:46.036+0000] {logging_mixin.py:188} INFO - [2024-10-19T20:30:46.035+0000] {dag.py:3047} INFO - Sync 1 DAGs
[2024-10-19T20:30:46.054+0000] {logging_mixin.py:188} INFO - [2024-10-19T20:30:46.054+0000] {dag.py:3834} INFO - Setting next_dagrun for dbt_dag to 2024-10-20 00:00:00+00:00, run_after=2024-10-21 00:00:00+00:00
[2024-10-19T20:30:46.073+0000] {processor.py:183} INFO - Processing /opt/airflow/dags/dbt_transformation.py took 0.083 seconds
[2024-10-19T20:31:16.221+0000] {processor.py:161} INFO - Started process (PID=656) to work on /opt/airflow/dags/dbt_transformation.py
[2024-10-19T20:31:16.222+0000] {processor.py:830} INFO - Processing file /opt/airflow/dags/dbt_transformation.py for tasks to queue
[2024-10-19T20:31:16.223+0000] {logging_mixin.py:188} INFO - [2024-10-19T20:31:16.222+0000] {dagbag.py:540} INFO - Filling up the DagBag from /opt/airflow/dags/dbt_transformation.py
[2024-10-19T20:31:16.239+0000] {processor.py:840} INFO - DAG(s) 'dbt_dag' retrieved from /opt/airflow/dags/dbt_transformation.py
[2024-10-19T20:31:16.263+0000] {logging_mixin.py:188} INFO - [2024-10-19T20:31:16.263+0000] {dag.py:3047} INFO - Sync 1 DAGs
[2024-10-19T20:31:16.282+0000] {logging_mixin.py:188} INFO - [2024-10-19T20:31:16.282+0000] {dag.py:3834} INFO - Setting next_dagrun for dbt_dag to 2024-10-20 00:00:00+00:00, run_after=2024-10-21 00:00:00+00:00
[2024-10-19T20:31:16.299+0000] {processor.py:183} INFO - Processing /opt/airflow/dags/dbt_transformation.py took 0.081 seconds
[2024-10-19T20:31:46.392+0000] {processor.py:161} INFO - Started process (PID=661) to work on /opt/airflow/dags/dbt_transformation.py
[2024-10-19T20:31:46.393+0000] {processor.py:830} INFO - Processing file /opt/airflow/dags/dbt_transformation.py for tasks to queue
[2024-10-19T20:31:46.394+0000] {logging_mixin.py:188} INFO - [2024-10-19T20:31:46.394+0000] {dagbag.py:540} INFO - Filling up the DagBag from /opt/airflow/dags/dbt_transformation.py
[2024-10-19T20:31:46.411+0000] {processor.py:840} INFO - DAG(s) 'dbt_dag' retrieved from /opt/airflow/dags/dbt_transformation.py
[2024-10-19T20:31:46.441+0000] {logging_mixin.py:188} INFO - [2024-10-19T20:31:46.441+0000] {dag.py:3047} INFO - Sync 1 DAGs
[2024-10-19T20:31:46.466+0000] {logging_mixin.py:188} INFO - [2024-10-19T20:31:46.466+0000] {dag.py:3834} INFO - Setting next_dagrun for dbt_dag to 2024-10-20 00:00:00+00:00, run_after=2024-10-21 00:00:00+00:00
[2024-10-19T20:31:46.486+0000] {processor.py:183} INFO - Processing /opt/airflow/dags/dbt_transformation.py took 0.097 seconds
[2024-10-19T20:32:16.618+0000] {processor.py:161} INFO - Started process (PID=666) to work on /opt/airflow/dags/dbt_transformation.py
[2024-10-19T20:32:16.619+0000] {processor.py:830} INFO - Processing file /opt/airflow/dags/dbt_transformation.py for tasks to queue
[2024-10-19T20:32:16.620+0000] {logging_mixin.py:188} INFO - [2024-10-19T20:32:16.620+0000] {dagbag.py:540} INFO - Filling up the DagBag from /opt/airflow/dags/dbt_transformation.py
[2024-10-19T20:32:16.634+0000] {processor.py:840} INFO - DAG(s) 'dbt_dag' retrieved from /opt/airflow/dags/dbt_transformation.py
[2024-10-19T20:32:16.659+0000] {logging_mixin.py:188} INFO - [2024-10-19T20:32:16.659+0000] {dag.py:3047} INFO - Sync 1 DAGs
[2024-10-19T20:32:16.677+0000] {logging_mixin.py:188} INFO - [2024-10-19T20:32:16.676+0000] {dag.py:3834} INFO - Setting next_dagrun for dbt_dag to 2024-10-20 00:00:00+00:00, run_after=2024-10-21 00:00:00+00:00
[2024-10-19T20:32:16.693+0000] {processor.py:183} INFO - Processing /opt/airflow/dags/dbt_transformation.py took 0.078 seconds
[2024-10-19T20:32:46.793+0000] {processor.py:161} INFO - Started process (PID=671) to work on /opt/airflow/dags/dbt_transformation.py
[2024-10-19T20:32:47.006+0000] {processor.py:830} INFO - Processing file /opt/airflow/dags/dbt_transformation.py for tasks to queue
[2024-10-19T20:32:47.007+0000] {logging_mixin.py:188} INFO - [2024-10-19T20:32:47.007+0000] {dagbag.py:540} INFO - Filling up the DagBag from /opt/airflow/dags/dbt_transformation.py
[2024-10-19T20:32:47.021+0000] {processor.py:840} INFO - DAG(s) 'dbt_dag' retrieved from /opt/airflow/dags/dbt_transformation.py
[2024-10-19T20:32:47.045+0000] {logging_mixin.py:188} INFO - [2024-10-19T20:32:47.045+0000] {dag.py:3047} INFO - Sync 1 DAGs
[2024-10-19T20:32:47.064+0000] {logging_mixin.py:188} INFO - [2024-10-19T20:32:47.064+0000] {dag.py:3834} INFO - Setting next_dagrun for dbt_dag to 2024-10-20 00:00:00+00:00, run_after=2024-10-21 00:00:00+00:00
[2024-10-19T20:32:47.096+0000] {processor.py:183} INFO - Processing /opt/airflow/dags/dbt_transformation.py took 0.306 seconds
[2024-10-19T20:33:17.178+0000] {processor.py:161} INFO - Started process (PID=676) to work on /opt/airflow/dags/dbt_transformation.py
[2024-10-19T20:33:17.179+0000] {processor.py:830} INFO - Processing file /opt/airflow/dags/dbt_transformation.py for tasks to queue
[2024-10-19T20:33:17.179+0000] {logging_mixin.py:188} INFO - [2024-10-19T20:33:17.179+0000] {dagbag.py:540} INFO - Filling up the DagBag from /opt/airflow/dags/dbt_transformation.py
[2024-10-19T20:33:17.195+0000] {processor.py:840} INFO - DAG(s) 'dbt_dag' retrieved from /opt/airflow/dags/dbt_transformation.py
[2024-10-19T20:33:17.216+0000] {logging_mixin.py:188} INFO - [2024-10-19T20:33:17.216+0000] {dag.py:3047} INFO - Sync 1 DAGs
[2024-10-19T20:33:17.232+0000] {logging_mixin.py:188} INFO - [2024-10-19T20:33:17.232+0000] {dag.py:3834} INFO - Setting next_dagrun for dbt_dag to 2024-10-20 00:00:00+00:00, run_after=2024-10-21 00:00:00+00:00
[2024-10-19T20:33:17.256+0000] {processor.py:183} INFO - Processing /opt/airflow/dags/dbt_transformation.py took 0.080 seconds
[2024-10-19T20:33:47.422+0000] {processor.py:161} INFO - Started process (PID=681) to work on /opt/airflow/dags/dbt_transformation.py
[2024-10-19T20:33:47.423+0000] {processor.py:830} INFO - Processing file /opt/airflow/dags/dbt_transformation.py for tasks to queue
[2024-10-19T20:33:47.424+0000] {logging_mixin.py:188} INFO - [2024-10-19T20:33:47.424+0000] {dagbag.py:540} INFO - Filling up the DagBag from /opt/airflow/dags/dbt_transformation.py
[2024-10-19T20:33:47.438+0000] {processor.py:840} INFO - DAG(s) 'dbt_dag' retrieved from /opt/airflow/dags/dbt_transformation.py
[2024-10-19T20:33:47.460+0000] {logging_mixin.py:188} INFO - [2024-10-19T20:33:47.460+0000] {dag.py:3047} INFO - Sync 1 DAGs
[2024-10-19T20:33:47.476+0000] {logging_mixin.py:188} INFO - [2024-10-19T20:33:47.476+0000] {dag.py:3834} INFO - Setting next_dagrun for dbt_dag to 2024-10-20 00:00:00+00:00, run_after=2024-10-21 00:00:00+00:00
[2024-10-19T20:33:47.502+0000] {processor.py:183} INFO - Processing /opt/airflow/dags/dbt_transformation.py took 0.082 seconds
[2024-10-19T20:34:17.575+0000] {processor.py:161} INFO - Started process (PID=686) to work on /opt/airflow/dags/dbt_transformation.py
[2024-10-19T20:34:17.576+0000] {processor.py:830} INFO - Processing file /opt/airflow/dags/dbt_transformation.py for tasks to queue
[2024-10-19T20:34:17.577+0000] {logging_mixin.py:188} INFO - [2024-10-19T20:34:17.577+0000] {dagbag.py:540} INFO - Filling up the DagBag from /opt/airflow/dags/dbt_transformation.py
[2024-10-19T20:34:17.593+0000] {processor.py:840} INFO - DAG(s) 'dbt_dag' retrieved from /opt/airflow/dags/dbt_transformation.py
[2024-10-19T20:34:17.616+0000] {logging_mixin.py:188} INFO - [2024-10-19T20:34:17.616+0000] {dag.py:3047} INFO - Sync 1 DAGs
[2024-10-19T20:34:17.636+0000] {logging_mixin.py:188} INFO - [2024-10-19T20:34:17.636+0000] {dag.py:3834} INFO - Setting next_dagrun for dbt_dag to 2024-10-20 00:00:00+00:00, run_after=2024-10-21 00:00:00+00:00
[2024-10-19T20:34:17.656+0000] {processor.py:183} INFO - Processing /opt/airflow/dags/dbt_transformation.py took 0.083 seconds
[2024-10-19T20:34:47.794+0000] {processor.py:161} INFO - Started process (PID=691) to work on /opt/airflow/dags/dbt_transformation.py
[2024-10-19T20:34:47.797+0000] {processor.py:830} INFO - Processing file /opt/airflow/dags/dbt_transformation.py for tasks to queue
[2024-10-19T20:34:47.798+0000] {logging_mixin.py:188} INFO - [2024-10-19T20:34:47.798+0000] {dagbag.py:540} INFO - Filling up the DagBag from /opt/airflow/dags/dbt_transformation.py
[2024-10-19T20:34:47.818+0000] {processor.py:840} INFO - DAG(s) 'dbt_dag' retrieved from /opt/airflow/dags/dbt_transformation.py
[2024-10-19T20:34:47.843+0000] {logging_mixin.py:188} INFO - [2024-10-19T20:34:47.843+0000] {dag.py:3047} INFO - Sync 1 DAGs
[2024-10-19T20:34:47.863+0000] {logging_mixin.py:188} INFO - [2024-10-19T20:34:47.862+0000] {dag.py:3834} INFO - Setting next_dagrun for dbt_dag to 2024-10-20 00:00:00+00:00, run_after=2024-10-21 00:00:00+00:00
[2024-10-19T20:34:47.902+0000] {processor.py:183} INFO - Processing /opt/airflow/dags/dbt_transformation.py took 0.111 seconds
[2024-10-19T20:35:17.967+0000] {processor.py:161} INFO - Started process (PID=696) to work on /opt/airflow/dags/dbt_transformation.py
[2024-10-19T20:35:17.968+0000] {processor.py:830} INFO - Processing file /opt/airflow/dags/dbt_transformation.py for tasks to queue
[2024-10-19T20:35:17.969+0000] {logging_mixin.py:188} INFO - [2024-10-19T20:35:17.969+0000] {dagbag.py:540} INFO - Filling up the DagBag from /opt/airflow/dags/dbt_transformation.py
[2024-10-19T20:35:17.987+0000] {processor.py:840} INFO - DAG(s) 'dbt_dag' retrieved from /opt/airflow/dags/dbt_transformation.py
[2024-10-19T20:35:18.012+0000] {logging_mixin.py:188} INFO - [2024-10-19T20:35:18.012+0000] {dag.py:3047} INFO - Sync 1 DAGs
[2024-10-19T20:35:18.031+0000] {logging_mixin.py:188} INFO - [2024-10-19T20:35:18.031+0000] {dag.py:3834} INFO - Setting next_dagrun for dbt_dag to 2024-10-20 00:00:00+00:00, run_after=2024-10-21 00:00:00+00:00
[2024-10-19T20:35:18.046+0000] {processor.py:183} INFO - Processing /opt/airflow/dags/dbt_transformation.py took 0.082 seconds
[2024-10-19T20:35:48.120+0000] {processor.py:161} INFO - Started process (PID=701) to work on /opt/airflow/dags/dbt_transformation.py
[2024-10-19T20:35:48.121+0000] {processor.py:830} INFO - Processing file /opt/airflow/dags/dbt_transformation.py for tasks to queue
[2024-10-19T20:35:48.122+0000] {logging_mixin.py:188} INFO - [2024-10-19T20:35:48.121+0000] {dagbag.py:540} INFO - Filling up the DagBag from /opt/airflow/dags/dbt_transformation.py
[2024-10-19T20:35:48.136+0000] {processor.py:840} INFO - DAG(s) 'dbt_dag' retrieved from /opt/airflow/dags/dbt_transformation.py
[2024-10-19T20:35:48.162+0000] {logging_mixin.py:188} INFO - [2024-10-19T20:35:48.161+0000] {dag.py:3047} INFO - Sync 1 DAGs
[2024-10-19T20:35:48.180+0000] {logging_mixin.py:188} INFO - [2024-10-19T20:35:48.180+0000] {dag.py:3834} INFO - Setting next_dagrun for dbt_dag to 2024-10-20 00:00:00+00:00, run_after=2024-10-21 00:00:00+00:00
[2024-10-19T20:35:48.201+0000] {processor.py:183} INFO - Processing /opt/airflow/dags/dbt_transformation.py took 0.084 seconds
[2024-10-19T20:36:18.369+0000] {processor.py:161} INFO - Started process (PID=706) to work on /opt/airflow/dags/dbt_transformation.py
[2024-10-19T20:36:18.370+0000] {processor.py:830} INFO - Processing file /opt/airflow/dags/dbt_transformation.py for tasks to queue
[2024-10-19T20:36:18.371+0000] {logging_mixin.py:188} INFO - [2024-10-19T20:36:18.371+0000] {dagbag.py:540} INFO - Filling up the DagBag from /opt/airflow/dags/dbt_transformation.py
[2024-10-19T20:36:18.385+0000] {processor.py:840} INFO - DAG(s) 'dbt_dag' retrieved from /opt/airflow/dags/dbt_transformation.py
[2024-10-19T20:36:18.409+0000] {logging_mixin.py:188} INFO - [2024-10-19T20:36:18.409+0000] {dag.py:3047} INFO - Sync 1 DAGs
[2024-10-19T20:36:18.425+0000] {logging_mixin.py:188} INFO - [2024-10-19T20:36:18.425+0000] {dag.py:3834} INFO - Setting next_dagrun for dbt_dag to 2024-10-20 00:00:00+00:00, run_after=2024-10-21 00:00:00+00:00
[2024-10-19T20:36:18.440+0000] {processor.py:183} INFO - Processing /opt/airflow/dags/dbt_transformation.py took 0.073 seconds
[2024-10-19T20:36:48.543+0000] {processor.py:161} INFO - Started process (PID=711) to work on /opt/airflow/dags/dbt_transformation.py
[2024-10-19T20:36:48.544+0000] {processor.py:830} INFO - Processing file /opt/airflow/dags/dbt_transformation.py for tasks to queue
[2024-10-19T20:36:48.546+0000] {logging_mixin.py:188} INFO - [2024-10-19T20:36:48.546+0000] {dagbag.py:540} INFO - Filling up the DagBag from /opt/airflow/dags/dbt_transformation.py
[2024-10-19T20:36:48.561+0000] {processor.py:840} INFO - DAG(s) 'dbt_dag' retrieved from /opt/airflow/dags/dbt_transformation.py
[2024-10-19T20:36:48.583+0000] {logging_mixin.py:188} INFO - [2024-10-19T20:36:48.582+0000] {dag.py:3047} INFO - Sync 1 DAGs
[2024-10-19T20:36:48.599+0000] {logging_mixin.py:188} INFO - [2024-10-19T20:36:48.599+0000] {dag.py:3834} INFO - Setting next_dagrun for dbt_dag to 2024-10-20 00:00:00+00:00, run_after=2024-10-21 00:00:00+00:00
[2024-10-19T20:36:48.614+0000] {processor.py:183} INFO - Processing /opt/airflow/dags/dbt_transformation.py took 0.074 seconds
[2024-10-19T20:37:18.754+0000] {processor.py:161} INFO - Started process (PID=716) to work on /opt/airflow/dags/dbt_transformation.py
[2024-10-19T20:37:18.755+0000] {processor.py:830} INFO - Processing file /opt/airflow/dags/dbt_transformation.py for tasks to queue
[2024-10-19T20:37:18.756+0000] {logging_mixin.py:188} INFO - [2024-10-19T20:37:18.756+0000] {dagbag.py:540} INFO - Filling up the DagBag from /opt/airflow/dags/dbt_transformation.py
[2024-10-19T20:37:18.775+0000] {processor.py:840} INFO - DAG(s) 'dbt_dag' retrieved from /opt/airflow/dags/dbt_transformation.py
[2024-10-19T20:37:18.804+0000] {logging_mixin.py:188} INFO - [2024-10-19T20:37:18.803+0000] {dag.py:3047} INFO - Sync 1 DAGs
[2024-10-19T20:37:18.824+0000] {logging_mixin.py:188} INFO - [2024-10-19T20:37:18.824+0000] {dag.py:3834} INFO - Setting next_dagrun for dbt_dag to 2024-10-20 00:00:00+00:00, run_after=2024-10-21 00:00:00+00:00
[2024-10-19T20:37:18.837+0000] {processor.py:183} INFO - Processing /opt/airflow/dags/dbt_transformation.py took 0.086 seconds
[2024-10-19T20:37:48.926+0000] {processor.py:161} INFO - Started process (PID=721) to work on /opt/airflow/dags/dbt_transformation.py
[2024-10-19T20:37:48.927+0000] {processor.py:830} INFO - Processing file /opt/airflow/dags/dbt_transformation.py for tasks to queue
[2024-10-19T20:37:48.927+0000] {logging_mixin.py:188} INFO - [2024-10-19T20:37:48.927+0000] {dagbag.py:540} INFO - Filling up the DagBag from /opt/airflow/dags/dbt_transformation.py
[2024-10-19T20:37:48.942+0000] {processor.py:840} INFO - DAG(s) 'dbt_dag' retrieved from /opt/airflow/dags/dbt_transformation.py
[2024-10-19T20:37:48.965+0000] {logging_mixin.py:188} INFO - [2024-10-19T20:37:48.965+0000] {dag.py:3047} INFO - Sync 1 DAGs
[2024-10-19T20:37:48.983+0000] {logging_mixin.py:188} INFO - [2024-10-19T20:37:48.983+0000] {dag.py:3834} INFO - Setting next_dagrun for dbt_dag to 2024-10-20 00:00:00+00:00, run_after=2024-10-21 00:00:00+00:00
[2024-10-19T20:37:48.996+0000] {processor.py:183} INFO - Processing /opt/airflow/dags/dbt_transformation.py took 0.072 seconds
[2024-10-19T20:38:19.161+0000] {processor.py:161} INFO - Started process (PID=726) to work on /opt/airflow/dags/dbt_transformation.py
[2024-10-19T20:38:19.162+0000] {processor.py:830} INFO - Processing file /opt/airflow/dags/dbt_transformation.py for tasks to queue
[2024-10-19T20:38:19.163+0000] {logging_mixin.py:188} INFO - [2024-10-19T20:38:19.163+0000] {dagbag.py:540} INFO - Filling up the DagBag from /opt/airflow/dags/dbt_transformation.py
[2024-10-19T20:38:19.177+0000] {processor.py:840} INFO - DAG(s) 'dbt_dag' retrieved from /opt/airflow/dags/dbt_transformation.py
[2024-10-19T20:38:19.200+0000] {logging_mixin.py:188} INFO - [2024-10-19T20:38:19.200+0000] {dag.py:3047} INFO - Sync 1 DAGs
[2024-10-19T20:38:19.219+0000] {logging_mixin.py:188} INFO - [2024-10-19T20:38:19.219+0000] {dag.py:3834} INFO - Setting next_dagrun for dbt_dag to 2024-10-20 00:00:00+00:00, run_after=2024-10-21 00:00:00+00:00
[2024-10-19T20:38:19.234+0000] {processor.py:183} INFO - Processing /opt/airflow/dags/dbt_transformation.py took 0.075 seconds
[2024-10-19T20:38:49.337+0000] {processor.py:161} INFO - Started process (PID=731) to work on /opt/airflow/dags/dbt_transformation.py
[2024-10-19T20:38:49.338+0000] {processor.py:830} INFO - Processing file /opt/airflow/dags/dbt_transformation.py for tasks to queue
[2024-10-19T20:38:49.339+0000] {logging_mixin.py:188} INFO - [2024-10-19T20:38:49.338+0000] {dagbag.py:540} INFO - Filling up the DagBag from /opt/airflow/dags/dbt_transformation.py
[2024-10-19T20:38:49.353+0000] {processor.py:840} INFO - DAG(s) 'dbt_dag' retrieved from /opt/airflow/dags/dbt_transformation.py
[2024-10-19T20:38:49.376+0000] {logging_mixin.py:188} INFO - [2024-10-19T20:38:49.375+0000] {dag.py:3047} INFO - Sync 1 DAGs
[2024-10-19T20:38:49.392+0000] {logging_mixin.py:188} INFO - [2024-10-19T20:38:49.392+0000] {dag.py:3834} INFO - Setting next_dagrun for dbt_dag to 2024-10-20 00:00:00+00:00, run_after=2024-10-21 00:00:00+00:00
[2024-10-19T20:38:49.407+0000] {processor.py:183} INFO - Processing /opt/airflow/dags/dbt_transformation.py took 0.073 seconds
[2024-10-19T20:39:19.547+0000] {processor.py:161} INFO - Started process (PID=736) to work on /opt/airflow/dags/dbt_transformation.py
[2024-10-19T20:39:19.548+0000] {processor.py:830} INFO - Processing file /opt/airflow/dags/dbt_transformation.py for tasks to queue
[2024-10-19T20:39:19.549+0000] {logging_mixin.py:188} INFO - [2024-10-19T20:39:19.549+0000] {dagbag.py:540} INFO - Filling up the DagBag from /opt/airflow/dags/dbt_transformation.py
[2024-10-19T20:39:19.563+0000] {processor.py:840} INFO - DAG(s) 'dbt_dag' retrieved from /opt/airflow/dags/dbt_transformation.py
[2024-10-19T20:39:19.584+0000] {logging_mixin.py:188} INFO - [2024-10-19T20:39:19.583+0000] {dag.py:3047} INFO - Sync 1 DAGs
[2024-10-19T20:39:19.600+0000] {logging_mixin.py:188} INFO - [2024-10-19T20:39:19.599+0000] {dag.py:3834} INFO - Setting next_dagrun for dbt_dag to 2024-10-20 00:00:00+00:00, run_after=2024-10-21 00:00:00+00:00
[2024-10-19T20:39:19.622+0000] {processor.py:183} INFO - Processing /opt/airflow/dags/dbt_transformation.py took 0.077 seconds
[2024-10-19T20:39:49.719+0000] {processor.py:161} INFO - Started process (PID=741) to work on /opt/airflow/dags/dbt_transformation.py
[2024-10-19T20:39:49.720+0000] {processor.py:830} INFO - Processing file /opt/airflow/dags/dbt_transformation.py for tasks to queue
[2024-10-19T20:39:49.721+0000] {logging_mixin.py:188} INFO - [2024-10-19T20:39:49.721+0000] {dagbag.py:540} INFO - Filling up the DagBag from /opt/airflow/dags/dbt_transformation.py
[2024-10-19T20:39:49.741+0000] {processor.py:840} INFO - DAG(s) 'dbt_dag' retrieved from /opt/airflow/dags/dbt_transformation.py
[2024-10-19T20:39:49.763+0000] {logging_mixin.py:188} INFO - [2024-10-19T20:39:49.763+0000] {dag.py:3047} INFO - Sync 1 DAGs
[2024-10-19T20:39:49.782+0000] {logging_mixin.py:188} INFO - [2024-10-19T20:39:49.781+0000] {dag.py:3834} INFO - Setting next_dagrun for dbt_dag to 2024-10-20 00:00:00+00:00, run_after=2024-10-21 00:00:00+00:00
[2024-10-19T20:39:49.796+0000] {processor.py:183} INFO - Processing /opt/airflow/dags/dbt_transformation.py took 0.079 seconds
[2024-10-19T20:40:19.879+0000] {processor.py:161} INFO - Started process (PID=746) to work on /opt/airflow/dags/dbt_transformation.py
[2024-10-19T20:40:19.880+0000] {processor.py:830} INFO - Processing file /opt/airflow/dags/dbt_transformation.py for tasks to queue
[2024-10-19T20:40:19.881+0000] {logging_mixin.py:188} INFO - [2024-10-19T20:40:19.880+0000] {dagbag.py:540} INFO - Filling up the DagBag from /opt/airflow/dags/dbt_transformation.py
[2024-10-19T20:40:19.895+0000] {processor.py:840} INFO - DAG(s) 'dbt_dag' retrieved from /opt/airflow/dags/dbt_transformation.py
[2024-10-19T20:40:19.916+0000] {logging_mixin.py:188} INFO - [2024-10-19T20:40:19.916+0000] {dag.py:3047} INFO - Sync 1 DAGs
[2024-10-19T20:40:19.933+0000] {logging_mixin.py:188} INFO - [2024-10-19T20:40:19.933+0000] {dag.py:3834} INFO - Setting next_dagrun for dbt_dag to 2024-10-20 00:00:00+00:00, run_after=2024-10-21 00:00:00+00:00
[2024-10-19T20:40:19.947+0000] {processor.py:183} INFO - Processing /opt/airflow/dags/dbt_transformation.py took 0.071 seconds
[2024-10-19T20:40:50.102+0000] {processor.py:161} INFO - Started process (PID=751) to work on /opt/airflow/dags/dbt_transformation.py
[2024-10-19T20:40:50.103+0000] {processor.py:830} INFO - Processing file /opt/airflow/dags/dbt_transformation.py for tasks to queue
[2024-10-19T20:40:50.104+0000] {logging_mixin.py:188} INFO - [2024-10-19T20:40:50.104+0000] {dagbag.py:540} INFO - Filling up the DagBag from /opt/airflow/dags/dbt_transformation.py
[2024-10-19T20:40:50.118+0000] {processor.py:840} INFO - DAG(s) 'dbt_dag' retrieved from /opt/airflow/dags/dbt_transformation.py
[2024-10-19T20:40:50.140+0000] {logging_mixin.py:188} INFO - [2024-10-19T20:40:50.140+0000] {dag.py:3047} INFO - Sync 1 DAGs
[2024-10-19T20:40:50.157+0000] {logging_mixin.py:188} INFO - [2024-10-19T20:40:50.157+0000] {dag.py:3834} INFO - Setting next_dagrun for dbt_dag to 2024-10-20 00:00:00+00:00, run_after=2024-10-21 00:00:00+00:00
[2024-10-19T20:40:50.172+0000] {processor.py:183} INFO - Processing /opt/airflow/dags/dbt_transformation.py took 0.072 seconds
[2024-10-19T20:41:20.744+0000] {processor.py:161} INFO - Started process (PID=756) to work on /opt/airflow/dags/dbt_transformation.py
[2024-10-19T20:41:20.960+0000] {processor.py:830} INFO - Processing file /opt/airflow/dags/dbt_transformation.py for tasks to queue
[2024-10-19T20:41:20.961+0000] {logging_mixin.py:188} INFO - [2024-10-19T20:41:20.961+0000] {dagbag.py:540} INFO - Filling up the DagBag from /opt/airflow/dags/dbt_transformation.py
[2024-10-19T20:41:20.977+0000] {processor.py:840} INFO - DAG(s) 'dbt_dag' retrieved from /opt/airflow/dags/dbt_transformation.py
[2024-10-19T20:41:21.000+0000] {logging_mixin.py:188} INFO - [2024-10-19T20:41:21.000+0000] {dag.py:3047} INFO - Sync 1 DAGs
[2024-10-19T20:41:21.016+0000] {logging_mixin.py:188} INFO - [2024-10-19T20:41:21.016+0000] {dag.py:3834} INFO - Setting next_dagrun for dbt_dag to 2024-10-20 00:00:00+00:00, run_after=2024-10-21 00:00:00+00:00
[2024-10-19T20:41:21.061+0000] {processor.py:183} INFO - Processing /opt/airflow/dags/dbt_transformation.py took 0.319 seconds
[2024-10-19T20:41:51.226+0000] {processor.py:161} INFO - Started process (PID=761) to work on /opt/airflow/dags/dbt_transformation.py
[2024-10-19T20:41:51.227+0000] {processor.py:830} INFO - Processing file /opt/airflow/dags/dbt_transformation.py for tasks to queue
[2024-10-19T20:41:51.228+0000] {logging_mixin.py:188} INFO - [2024-10-19T20:41:51.228+0000] {dagbag.py:540} INFO - Filling up the DagBag from /opt/airflow/dags/dbt_transformation.py
[2024-10-19T20:41:51.242+0000] {processor.py:840} INFO - DAG(s) 'dbt_dag' retrieved from /opt/airflow/dags/dbt_transformation.py
[2024-10-19T20:41:51.265+0000] {logging_mixin.py:188} INFO - [2024-10-19T20:41:51.264+0000] {dag.py:3047} INFO - Sync 1 DAGs
[2024-10-19T20:41:51.282+0000] {logging_mixin.py:188} INFO - [2024-10-19T20:41:51.282+0000] {dag.py:3834} INFO - Setting next_dagrun for dbt_dag to 2024-10-20 00:00:00+00:00, run_after=2024-10-21 00:00:00+00:00
[2024-10-19T20:41:51.298+0000] {processor.py:183} INFO - Processing /opt/airflow/dags/dbt_transformation.py took 0.075 seconds
[2024-10-19T20:42:21.395+0000] {processor.py:161} INFO - Started process (PID=766) to work on /opt/airflow/dags/dbt_transformation.py
[2024-10-19T20:42:21.396+0000] {processor.py:830} INFO - Processing file /opt/airflow/dags/dbt_transformation.py for tasks to queue
[2024-10-19T20:42:21.397+0000] {logging_mixin.py:188} INFO - [2024-10-19T20:42:21.397+0000] {dagbag.py:540} INFO - Filling up the DagBag from /opt/airflow/dags/dbt_transformation.py
[2024-10-19T20:42:21.411+0000] {processor.py:840} INFO - DAG(s) 'dbt_dag' retrieved from /opt/airflow/dags/dbt_transformation.py
[2024-10-19T20:42:21.431+0000] {logging_mixin.py:188} INFO - [2024-10-19T20:42:21.431+0000] {dag.py:3047} INFO - Sync 1 DAGs
[2024-10-19T20:42:21.449+0000] {logging_mixin.py:188} INFO - [2024-10-19T20:42:21.449+0000] {dag.py:3834} INFO - Setting next_dagrun for dbt_dag to 2024-10-20 00:00:00+00:00, run_after=2024-10-21 00:00:00+00:00
[2024-10-19T20:42:21.476+0000] {processor.py:183} INFO - Processing /opt/airflow/dags/dbt_transformation.py took 0.084 seconds
[2024-10-19T20:42:51.627+0000] {processor.py:161} INFO - Started process (PID=771) to work on /opt/airflow/dags/dbt_transformation.py
[2024-10-19T20:42:51.628+0000] {processor.py:830} INFO - Processing file /opt/airflow/dags/dbt_transformation.py for tasks to queue
[2024-10-19T20:42:51.629+0000] {logging_mixin.py:188} INFO - [2024-10-19T20:42:51.628+0000] {dagbag.py:540} INFO - Filling up the DagBag from /opt/airflow/dags/dbt_transformation.py
[2024-10-19T20:42:51.642+0000] {processor.py:840} INFO - DAG(s) 'dbt_dag' retrieved from /opt/airflow/dags/dbt_transformation.py
[2024-10-19T20:42:51.662+0000] {logging_mixin.py:188} INFO - [2024-10-19T20:42:51.662+0000] {dag.py:3047} INFO - Sync 1 DAGs
[2024-10-19T20:42:51.678+0000] {logging_mixin.py:188} INFO - [2024-10-19T20:42:51.678+0000] {dag.py:3834} INFO - Setting next_dagrun for dbt_dag to 2024-10-20 00:00:00+00:00, run_after=2024-10-21 00:00:00+00:00
[2024-10-19T20:42:51.697+0000] {processor.py:183} INFO - Processing /opt/airflow/dags/dbt_transformation.py took 0.072 seconds
[2024-10-19T20:43:21.805+0000] {processor.py:161} INFO - Started process (PID=776) to work on /opt/airflow/dags/dbt_transformation.py
[2024-10-19T20:43:21.806+0000] {processor.py:830} INFO - Processing file /opt/airflow/dags/dbt_transformation.py for tasks to queue
[2024-10-19T20:43:21.807+0000] {logging_mixin.py:188} INFO - [2024-10-19T20:43:21.806+0000] {dagbag.py:540} INFO - Filling up the DagBag from /opt/airflow/dags/dbt_transformation.py
[2024-10-19T20:43:21.822+0000] {processor.py:840} INFO - DAG(s) 'dbt_dag' retrieved from /opt/airflow/dags/dbt_transformation.py
[2024-10-19T20:43:21.844+0000] {logging_mixin.py:188} INFO - [2024-10-19T20:43:21.844+0000] {dag.py:3047} INFO - Sync 1 DAGs
[2024-10-19T20:43:21.860+0000] {logging_mixin.py:188} INFO - [2024-10-19T20:43:21.860+0000] {dag.py:3834} INFO - Setting next_dagrun for dbt_dag to 2024-10-20 00:00:00+00:00, run_after=2024-10-21 00:00:00+00:00
[2024-10-19T20:43:21.886+0000] {processor.py:183} INFO - Processing /opt/airflow/dags/dbt_transformation.py took 0.083 seconds
[2024-10-19T20:43:52.017+0000] {processor.py:161} INFO - Started process (PID=781) to work on /opt/airflow/dags/dbt_transformation.py
[2024-10-19T20:43:52.017+0000] {processor.py:830} INFO - Processing file /opt/airflow/dags/dbt_transformation.py for tasks to queue
[2024-10-19T20:43:52.018+0000] {logging_mixin.py:188} INFO - [2024-10-19T20:43:52.018+0000] {dagbag.py:540} INFO - Filling up the DagBag from /opt/airflow/dags/dbt_transformation.py
[2024-10-19T20:43:52.032+0000] {processor.py:840} INFO - DAG(s) 'dbt_dag' retrieved from /opt/airflow/dags/dbt_transformation.py
[2024-10-19T20:43:52.054+0000] {logging_mixin.py:188} INFO - [2024-10-19T20:43:52.054+0000] {dag.py:3047} INFO - Sync 1 DAGs
[2024-10-19T20:43:52.070+0000] {logging_mixin.py:188} INFO - [2024-10-19T20:43:52.070+0000] {dag.py:3834} INFO - Setting next_dagrun for dbt_dag to 2024-10-20 00:00:00+00:00, run_after=2024-10-21 00:00:00+00:00
[2024-10-19T20:43:52.084+0000] {processor.py:183} INFO - Processing /opt/airflow/dags/dbt_transformation.py took 0.070 seconds
[2024-10-19T20:44:22.197+0000] {processor.py:161} INFO - Started process (PID=786) to work on /opt/airflow/dags/dbt_transformation.py
[2024-10-19T20:44:22.198+0000] {processor.py:830} INFO - Processing file /opt/airflow/dags/dbt_transformation.py for tasks to queue
[2024-10-19T20:44:22.199+0000] {logging_mixin.py:188} INFO - [2024-10-19T20:44:22.199+0000] {dagbag.py:540} INFO - Filling up the DagBag from /opt/airflow/dags/dbt_transformation.py
[2024-10-19T20:44:22.214+0000] {processor.py:840} INFO - DAG(s) 'dbt_dag' retrieved from /opt/airflow/dags/dbt_transformation.py
[2024-10-19T20:44:22.236+0000] {logging_mixin.py:188} INFO - [2024-10-19T20:44:22.235+0000] {dag.py:3047} INFO - Sync 1 DAGs
[2024-10-19T20:44:22.251+0000] {logging_mixin.py:188} INFO - [2024-10-19T20:44:22.251+0000] {dag.py:3834} INFO - Setting next_dagrun for dbt_dag to 2024-10-20 00:00:00+00:00, run_after=2024-10-21 00:00:00+00:00
[2024-10-19T20:44:22.269+0000] {processor.py:183} INFO - Processing /opt/airflow/dags/dbt_transformation.py took 0.076 seconds
[2024-10-19T20:44:52.399+0000] {processor.py:161} INFO - Started process (PID=791) to work on /opt/airflow/dags/dbt_transformation.py
[2024-10-19T20:44:52.400+0000] {processor.py:830} INFO - Processing file /opt/airflow/dags/dbt_transformation.py for tasks to queue
[2024-10-19T20:44:52.401+0000] {logging_mixin.py:188} INFO - [2024-10-19T20:44:52.400+0000] {dagbag.py:540} INFO - Filling up the DagBag from /opt/airflow/dags/dbt_transformation.py
[2024-10-19T20:44:52.415+0000] {processor.py:840} INFO - DAG(s) 'dbt_dag' retrieved from /opt/airflow/dags/dbt_transformation.py
[2024-10-19T20:44:52.436+0000] {logging_mixin.py:188} INFO - [2024-10-19T20:44:52.436+0000] {dag.py:3047} INFO - Sync 1 DAGs
[2024-10-19T20:44:52.453+0000] {logging_mixin.py:188} INFO - [2024-10-19T20:44:52.453+0000] {dag.py:3834} INFO - Setting next_dagrun for dbt_dag to 2024-10-20 00:00:00+00:00, run_after=2024-10-21 00:00:00+00:00
[2024-10-19T20:44:52.467+0000] {processor.py:183} INFO - Processing /opt/airflow/dags/dbt_transformation.py took 0.070 seconds
[2024-10-19T20:45:22.571+0000] {processor.py:161} INFO - Started process (PID=796) to work on /opt/airflow/dags/dbt_transformation.py
[2024-10-19T20:45:22.572+0000] {processor.py:830} INFO - Processing file /opt/airflow/dags/dbt_transformation.py for tasks to queue
[2024-10-19T20:45:22.573+0000] {logging_mixin.py:188} INFO - [2024-10-19T20:45:22.572+0000] {dagbag.py:540} INFO - Filling up the DagBag from /opt/airflow/dags/dbt_transformation.py
[2024-10-19T20:45:22.588+0000] {processor.py:840} INFO - DAG(s) 'dbt_dag' retrieved from /opt/airflow/dags/dbt_transformation.py
[2024-10-19T20:45:22.609+0000] {logging_mixin.py:188} INFO - [2024-10-19T20:45:22.608+0000] {dag.py:3047} INFO - Sync 1 DAGs
[2024-10-19T20:45:22.624+0000] {logging_mixin.py:188} INFO - [2024-10-19T20:45:22.624+0000] {dag.py:3834} INFO - Setting next_dagrun for dbt_dag to 2024-10-20 00:00:00+00:00, run_after=2024-10-21 00:00:00+00:00
[2024-10-19T20:45:22.646+0000] {processor.py:183} INFO - Processing /opt/airflow/dags/dbt_transformation.py took 0.078 seconds
[2024-10-19T20:45:52.789+0000] {processor.py:161} INFO - Started process (PID=801) to work on /opt/airflow/dags/dbt_transformation.py
[2024-10-19T20:45:52.790+0000] {processor.py:830} INFO - Processing file /opt/airflow/dags/dbt_transformation.py for tasks to queue
[2024-10-19T20:45:52.791+0000] {logging_mixin.py:188} INFO - [2024-10-19T20:45:52.790+0000] {dagbag.py:540} INFO - Filling up the DagBag from /opt/airflow/dags/dbt_transformation.py
[2024-10-19T20:45:52.806+0000] {processor.py:840} INFO - DAG(s) 'dbt_dag' retrieved from /opt/airflow/dags/dbt_transformation.py
[2024-10-19T20:45:52.826+0000] {logging_mixin.py:188} INFO - [2024-10-19T20:45:52.826+0000] {dag.py:3047} INFO - Sync 1 DAGs
[2024-10-19T20:45:52.843+0000] {logging_mixin.py:188} INFO - [2024-10-19T20:45:52.842+0000] {dag.py:3834} INFO - Setting next_dagrun for dbt_dag to 2024-10-20 00:00:00+00:00, run_after=2024-10-21 00:00:00+00:00
[2024-10-19T20:45:52.871+0000] {processor.py:183} INFO - Processing /opt/airflow/dags/dbt_transformation.py took 0.085 seconds
[2024-10-19T20:46:22.976+0000] {processor.py:161} INFO - Started process (PID=806) to work on /opt/airflow/dags/dbt_transformation.py
[2024-10-19T20:46:22.977+0000] {processor.py:830} INFO - Processing file /opt/airflow/dags/dbt_transformation.py for tasks to queue
[2024-10-19T20:46:22.978+0000] {logging_mixin.py:188} INFO - [2024-10-19T20:46:22.978+0000] {dagbag.py:540} INFO - Filling up the DagBag from /opt/airflow/dags/dbt_transformation.py
[2024-10-19T20:46:22.993+0000] {processor.py:840} INFO - DAG(s) 'dbt_dag' retrieved from /opt/airflow/dags/dbt_transformation.py
[2024-10-19T20:46:23.014+0000] {logging_mixin.py:188} INFO - [2024-10-19T20:46:23.014+0000] {dag.py:3047} INFO - Sync 1 DAGs
[2024-10-19T20:46:23.031+0000] {logging_mixin.py:188} INFO - [2024-10-19T20:46:23.031+0000] {dag.py:3834} INFO - Setting next_dagrun for dbt_dag to 2024-10-20 00:00:00+00:00, run_after=2024-10-21 00:00:00+00:00
[2024-10-19T20:46:23.058+0000] {processor.py:183} INFO - Processing /opt/airflow/dags/dbt_transformation.py took 0.084 seconds
[2024-10-19T20:46:53.204+0000] {processor.py:161} INFO - Started process (PID=811) to work on /opt/airflow/dags/dbt_transformation.py
[2024-10-19T20:46:53.205+0000] {processor.py:830} INFO - Processing file /opt/airflow/dags/dbt_transformation.py for tasks to queue
[2024-10-19T20:46:53.206+0000] {logging_mixin.py:188} INFO - [2024-10-19T20:46:53.206+0000] {dagbag.py:540} INFO - Filling up the DagBag from /opt/airflow/dags/dbt_transformation.py
[2024-10-19T20:46:53.220+0000] {processor.py:840} INFO - DAG(s) 'dbt_dag' retrieved from /opt/airflow/dags/dbt_transformation.py
[2024-10-19T20:46:53.242+0000] {logging_mixin.py:188} INFO - [2024-10-19T20:46:53.242+0000] {dag.py:3047} INFO - Sync 1 DAGs
[2024-10-19T20:46:53.258+0000] {logging_mixin.py:188} INFO - [2024-10-19T20:46:53.258+0000] {dag.py:3834} INFO - Setting next_dagrun for dbt_dag to 2024-10-20 00:00:00+00:00, run_after=2024-10-21 00:00:00+00:00
[2024-10-19T20:46:53.287+0000] {processor.py:183} INFO - Processing /opt/airflow/dags/dbt_transformation.py took 0.085 seconds
[2024-10-19T20:47:23.379+0000] {processor.py:161} INFO - Started process (PID=816) to work on /opt/airflow/dags/dbt_transformation.py
[2024-10-19T20:47:23.380+0000] {processor.py:830} INFO - Processing file /opt/airflow/dags/dbt_transformation.py for tasks to queue
[2024-10-19T20:47:23.381+0000] {logging_mixin.py:188} INFO - [2024-10-19T20:47:23.380+0000] {dagbag.py:540} INFO - Filling up the DagBag from /opt/airflow/dags/dbt_transformation.py
[2024-10-19T20:47:23.396+0000] {processor.py:840} INFO - DAG(s) 'dbt_dag' retrieved from /opt/airflow/dags/dbt_transformation.py
[2024-10-19T20:47:23.417+0000] {logging_mixin.py:188} INFO - [2024-10-19T20:47:23.417+0000] {dag.py:3047} INFO - Sync 1 DAGs
[2024-10-19T20:47:23.433+0000] {logging_mixin.py:188} INFO - [2024-10-19T20:47:23.433+0000] {dag.py:3834} INFO - Setting next_dagrun for dbt_dag to 2024-10-20 00:00:00+00:00, run_after=2024-10-21 00:00:00+00:00
[2024-10-19T20:47:23.450+0000] {processor.py:183} INFO - Processing /opt/airflow/dags/dbt_transformation.py took 0.074 seconds
[2024-10-19T20:47:53.613+0000] {processor.py:161} INFO - Started process (PID=821) to work on /opt/airflow/dags/dbt_transformation.py
[2024-10-19T20:47:53.614+0000] {processor.py:830} INFO - Processing file /opt/airflow/dags/dbt_transformation.py for tasks to queue
[2024-10-19T20:47:53.615+0000] {logging_mixin.py:188} INFO - [2024-10-19T20:47:53.615+0000] {dagbag.py:540} INFO - Filling up the DagBag from /opt/airflow/dags/dbt_transformation.py
[2024-10-19T20:47:53.629+0000] {processor.py:840} INFO - DAG(s) 'dbt_dag' retrieved from /opt/airflow/dags/dbt_transformation.py
[2024-10-19T20:47:53.650+0000] {logging_mixin.py:188} INFO - [2024-10-19T20:47:53.650+0000] {dag.py:3047} INFO - Sync 1 DAGs
[2024-10-19T20:47:53.665+0000] {logging_mixin.py:188} INFO - [2024-10-19T20:47:53.665+0000] {dag.py:3834} INFO - Setting next_dagrun for dbt_dag to 2024-10-20 00:00:00+00:00, run_after=2024-10-21 00:00:00+00:00
[2024-10-19T20:47:53.689+0000] {processor.py:183} INFO - Processing /opt/airflow/dags/dbt_transformation.py took 0.078 seconds
[2024-10-19T20:48:23.789+0000] {processor.py:161} INFO - Started process (PID=826) to work on /opt/airflow/dags/dbt_transformation.py
[2024-10-19T20:48:23.790+0000] {processor.py:830} INFO - Processing file /opt/airflow/dags/dbt_transformation.py for tasks to queue
[2024-10-19T20:48:23.791+0000] {logging_mixin.py:188} INFO - [2024-10-19T20:48:23.791+0000] {dagbag.py:540} INFO - Filling up the DagBag from /opt/airflow/dags/dbt_transformation.py
[2024-10-19T20:48:23.806+0000] {processor.py:840} INFO - DAG(s) 'dbt_dag' retrieved from /opt/airflow/dags/dbt_transformation.py
[2024-10-19T20:48:23.830+0000] {logging_mixin.py:188} INFO - [2024-10-19T20:48:23.830+0000] {dag.py:3047} INFO - Sync 1 DAGs
[2024-10-19T20:48:23.846+0000] {logging_mixin.py:188} INFO - [2024-10-19T20:48:23.846+0000] {dag.py:3834} INFO - Setting next_dagrun for dbt_dag to 2024-10-20 00:00:00+00:00, run_after=2024-10-21 00:00:00+00:00
[2024-10-19T20:48:23.872+0000] {processor.py:183} INFO - Processing /opt/airflow/dags/dbt_transformation.py took 0.085 seconds
[2024-10-19T20:48:54.007+0000] {processor.py:161} INFO - Started process (PID=831) to work on /opt/airflow/dags/dbt_transformation.py
[2024-10-19T20:48:59.549+0000] {processor.py:830} INFO - Processing file /opt/airflow/dags/dbt_transformation.py for tasks to queue
[2024-10-19T20:48:59.551+0000] {logging_mixin.py:188} INFO - [2024-10-19T20:48:59.550+0000] {dagbag.py:540} INFO - Filling up the DagBag from /opt/airflow/dags/dbt_transformation.py
[2024-10-19T20:48:59.573+0000] {processor.py:840} INFO - DAG(s) 'dbt_dag' retrieved from /opt/airflow/dags/dbt_transformation.py
[2024-10-19T20:48:59.597+0000] {logging_mixin.py:188} INFO - [2024-10-19T20:48:59.596+0000] {dag.py:3047} INFO - Sync 1 DAGs
[2024-10-19T20:48:59.615+0000] {logging_mixin.py:188} INFO - [2024-10-19T20:48:59.615+0000] {dag.py:3834} INFO - Setting next_dagrun for dbt_dag to 2024-10-20 00:00:00+00:00, run_after=2024-10-21 00:00:00+00:00
[2024-10-19T20:48:59.651+0000] {processor.py:183} INFO - Processing /opt/airflow/dags/dbt_transformation.py took 5.646 seconds
[2024-10-19T20:49:29.730+0000] {processor.py:161} INFO - Started process (PID=836) to work on /opt/airflow/dags/dbt_transformation.py
[2024-10-19T20:49:29.731+0000] {processor.py:830} INFO - Processing file /opt/airflow/dags/dbt_transformation.py for tasks to queue
[2024-10-19T20:49:29.732+0000] {logging_mixin.py:188} INFO - [2024-10-19T20:49:29.731+0000] {dagbag.py:540} INFO - Filling up the DagBag from /opt/airflow/dags/dbt_transformation.py
[2024-10-19T20:49:29.748+0000] {processor.py:840} INFO - DAG(s) 'dbt_dag' retrieved from /opt/airflow/dags/dbt_transformation.py
[2024-10-19T20:49:29.770+0000] {logging_mixin.py:188} INFO - [2024-10-19T20:49:29.769+0000] {dag.py:3047} INFO - Sync 1 DAGs
[2024-10-19T20:49:29.786+0000] {logging_mixin.py:188} INFO - [2024-10-19T20:49:29.785+0000] {dag.py:3834} INFO - Setting next_dagrun for dbt_dag to 2024-10-20 00:00:00+00:00, run_after=2024-10-21 00:00:00+00:00
[2024-10-19T20:49:29.805+0000] {processor.py:183} INFO - Processing /opt/airflow/dags/dbt_transformation.py took 0.077 seconds
[2024-10-19T20:49:59.973+0000] {processor.py:161} INFO - Started process (PID=841) to work on /opt/airflow/dags/dbt_transformation.py
[2024-10-19T20:49:59.973+0000] {processor.py:830} INFO - Processing file /opt/airflow/dags/dbt_transformation.py for tasks to queue
[2024-10-19T20:49:59.974+0000] {logging_mixin.py:188} INFO - [2024-10-19T20:49:59.974+0000] {dagbag.py:540} INFO - Filling up the DagBag from /opt/airflow/dags/dbt_transformation.py
[2024-10-19T20:49:59.988+0000] {processor.py:840} INFO - DAG(s) 'dbt_dag' retrieved from /opt/airflow/dags/dbt_transformation.py
[2024-10-19T20:50:00.009+0000] {logging_mixin.py:188} INFO - [2024-10-19T20:50:00.009+0000] {dag.py:3047} INFO - Sync 1 DAGs
[2024-10-19T20:50:00.029+0000] {logging_mixin.py:188} INFO - [2024-10-19T20:50:00.029+0000] {dag.py:3834} INFO - Setting next_dagrun for dbt_dag to 2024-10-20 00:00:00+00:00, run_after=2024-10-21 00:00:00+00:00
[2024-10-19T20:50:00.056+0000] {processor.py:183} INFO - Processing /opt/airflow/dags/dbt_transformation.py took 0.086 seconds
[2024-10-19T20:50:30.134+0000] {processor.py:161} INFO - Started process (PID=846) to work on /opt/airflow/dags/dbt_transformation.py
[2024-10-19T20:50:30.135+0000] {processor.py:830} INFO - Processing file /opt/airflow/dags/dbt_transformation.py for tasks to queue
[2024-10-19T20:50:30.137+0000] {logging_mixin.py:188} INFO - [2024-10-19T20:50:30.136+0000] {dagbag.py:540} INFO - Filling up the DagBag from /opt/airflow/dags/dbt_transformation.py
[2024-10-19T20:50:30.151+0000] {processor.py:840} INFO - DAG(s) 'dbt_dag' retrieved from /opt/airflow/dags/dbt_transformation.py
[2024-10-19T20:50:30.172+0000] {logging_mixin.py:188} INFO - [2024-10-19T20:50:30.171+0000] {dag.py:3047} INFO - Sync 1 DAGs
[2024-10-19T20:50:30.188+0000] {logging_mixin.py:188} INFO - [2024-10-19T20:50:30.187+0000] {dag.py:3834} INFO - Setting next_dagrun for dbt_dag to 2024-10-20 00:00:00+00:00, run_after=2024-10-21 00:00:00+00:00
[2024-10-19T20:50:30.212+0000] {processor.py:183} INFO - Processing /opt/airflow/dags/dbt_transformation.py took 0.081 seconds
[2024-10-19T20:51:00.380+0000] {processor.py:161} INFO - Started process (PID=851) to work on /opt/airflow/dags/dbt_transformation.py
[2024-10-19T20:51:00.381+0000] {processor.py:830} INFO - Processing file /opt/airflow/dags/dbt_transformation.py for tasks to queue
[2024-10-19T20:51:00.382+0000] {logging_mixin.py:188} INFO - [2024-10-19T20:51:00.381+0000] {dagbag.py:540} INFO - Filling up the DagBag from /opt/airflow/dags/dbt_transformation.py
[2024-10-19T20:51:00.396+0000] {processor.py:840} INFO - DAG(s) 'dbt_dag' retrieved from /opt/airflow/dags/dbt_transformation.py
[2024-10-19T20:51:00.417+0000] {logging_mixin.py:188} INFO - [2024-10-19T20:51:00.417+0000] {dag.py:3047} INFO - Sync 1 DAGs
[2024-10-19T20:51:00.434+0000] {logging_mixin.py:188} INFO - [2024-10-19T20:51:00.434+0000] {dag.py:3834} INFO - Setting next_dagrun for dbt_dag to 2024-10-20 00:00:00+00:00, run_after=2024-10-21 00:00:00+00:00
[2024-10-19T20:51:00.448+0000] {processor.py:183} INFO - Processing /opt/airflow/dags/dbt_transformation.py took 0.071 seconds
[2024-10-19T20:51:30.563+0000] {processor.py:161} INFO - Started process (PID=856) to work on /opt/airflow/dags/dbt_transformation.py
[2024-10-19T20:51:30.563+0000] {processor.py:830} INFO - Processing file /opt/airflow/dags/dbt_transformation.py for tasks to queue
[2024-10-19T20:51:30.564+0000] {logging_mixin.py:188} INFO - [2024-10-19T20:51:30.564+0000] {dagbag.py:540} INFO - Filling up the DagBag from /opt/airflow/dags/dbt_transformation.py
[2024-10-19T20:51:30.580+0000] {processor.py:840} INFO - DAG(s) 'dbt_dag' retrieved from /opt/airflow/dags/dbt_transformation.py
[2024-10-19T20:51:30.602+0000] {logging_mixin.py:188} INFO - [2024-10-19T20:51:30.602+0000] {dag.py:3047} INFO - Sync 1 DAGs
[2024-10-19T20:51:30.618+0000] {logging_mixin.py:188} INFO - [2024-10-19T20:51:30.618+0000] {dag.py:3834} INFO - Setting next_dagrun for dbt_dag to 2024-10-20 00:00:00+00:00, run_after=2024-10-21 00:00:00+00:00
[2024-10-19T20:51:30.644+0000] {processor.py:183} INFO - Processing /opt/airflow/dags/dbt_transformation.py took 0.085 seconds
[2024-10-19T20:52:00.749+0000] {processor.py:161} INFO - Started process (PID=861) to work on /opt/airflow/dags/dbt_transformation.py
[2024-10-19T20:52:00.751+0000] {processor.py:830} INFO - Processing file /opt/airflow/dags/dbt_transformation.py for tasks to queue
[2024-10-19T20:52:00.752+0000] {logging_mixin.py:188} INFO - [2024-10-19T20:52:00.751+0000] {dagbag.py:540} INFO - Filling up the DagBag from /opt/airflow/dags/dbt_transformation.py
[2024-10-19T20:52:00.768+0000] {processor.py:840} INFO - DAG(s) 'dbt_dag' retrieved from /opt/airflow/dags/dbt_transformation.py
[2024-10-19T20:52:00.791+0000] {logging_mixin.py:188} INFO - [2024-10-19T20:52:00.791+0000] {dag.py:3047} INFO - Sync 1 DAGs
[2024-10-19T20:52:00.810+0000] {logging_mixin.py:188} INFO - [2024-10-19T20:52:00.809+0000] {dag.py:3834} INFO - Setting next_dagrun for dbt_dag to 2024-10-20 00:00:00+00:00, run_after=2024-10-21 00:00:00+00:00
[2024-10-19T20:52:00.825+0000] {processor.py:183} INFO - Processing /opt/airflow/dags/dbt_transformation.py took 0.078 seconds
[2024-10-19T20:52:30.946+0000] {processor.py:161} INFO - Started process (PID=866) to work on /opt/airflow/dags/dbt_transformation.py
[2024-10-19T20:52:30.947+0000] {processor.py:830} INFO - Processing file /opt/airflow/dags/dbt_transformation.py for tasks to queue
[2024-10-19T20:52:30.948+0000] {logging_mixin.py:188} INFO - [2024-10-19T20:52:30.947+0000] {dagbag.py:540} INFO - Filling up the DagBag from /opt/airflow/dags/dbt_transformation.py
[2024-10-19T20:52:30.962+0000] {processor.py:840} INFO - DAG(s) 'dbt_dag' retrieved from /opt/airflow/dags/dbt_transformation.py
[2024-10-19T20:52:30.984+0000] {logging_mixin.py:188} INFO - [2024-10-19T20:52:30.984+0000] {dag.py:3047} INFO - Sync 1 DAGs
[2024-10-19T20:52:31.001+0000] {logging_mixin.py:188} INFO - [2024-10-19T20:52:31.001+0000] {dag.py:3834} INFO - Setting next_dagrun for dbt_dag to 2024-10-20 00:00:00+00:00, run_after=2024-10-21 00:00:00+00:00
[2024-10-19T20:52:31.017+0000] {processor.py:183} INFO - Processing /opt/airflow/dags/dbt_transformation.py took 0.074 seconds
[2024-10-19T20:53:01.115+0000] {processor.py:161} INFO - Started process (PID=871) to work on /opt/airflow/dags/dbt_transformation.py
[2024-10-19T20:53:01.116+0000] {processor.py:830} INFO - Processing file /opt/airflow/dags/dbt_transformation.py for tasks to queue
[2024-10-19T20:53:01.117+0000] {logging_mixin.py:188} INFO - [2024-10-19T20:53:01.116+0000] {dagbag.py:540} INFO - Filling up the DagBag from /opt/airflow/dags/dbt_transformation.py
[2024-10-19T20:53:01.132+0000] {processor.py:840} INFO - DAG(s) 'dbt_dag' retrieved from /opt/airflow/dags/dbt_transformation.py
[2024-10-19T20:53:01.152+0000] {logging_mixin.py:188} INFO - [2024-10-19T20:53:01.152+0000] {dag.py:3047} INFO - Sync 1 DAGs
[2024-10-19T20:53:01.169+0000] {logging_mixin.py:188} INFO - [2024-10-19T20:53:01.169+0000] {dag.py:3834} INFO - Setting next_dagrun for dbt_dag to 2024-10-20 00:00:00+00:00, run_after=2024-10-21 00:00:00+00:00
[2024-10-19T20:53:01.183+0000] {processor.py:183} INFO - Processing /opt/airflow/dags/dbt_transformation.py took 0.071 seconds
[2024-10-19T20:53:31.334+0000] {processor.py:161} INFO - Started process (PID=876) to work on /opt/airflow/dags/dbt_transformation.py
[2024-10-19T20:53:31.335+0000] {processor.py:830} INFO - Processing file /opt/airflow/dags/dbt_transformation.py for tasks to queue
[2024-10-19T20:53:31.336+0000] {logging_mixin.py:188} INFO - [2024-10-19T20:53:31.335+0000] {dagbag.py:540} INFO - Filling up the DagBag from /opt/airflow/dags/dbt_transformation.py
[2024-10-19T20:53:31.353+0000] {processor.py:840} INFO - DAG(s) 'dbt_dag' retrieved from /opt/airflow/dags/dbt_transformation.py
[2024-10-19T20:53:31.377+0000] {logging_mixin.py:188} INFO - [2024-10-19T20:53:31.377+0000] {dag.py:3047} INFO - Sync 1 DAGs
[2024-10-19T20:53:31.394+0000] {logging_mixin.py:188} INFO - [2024-10-19T20:53:31.394+0000] {dag.py:3834} INFO - Setting next_dagrun for dbt_dag to 2024-10-20 00:00:00+00:00, run_after=2024-10-21 00:00:00+00:00
[2024-10-19T20:53:31.413+0000] {processor.py:183} INFO - Processing /opt/airflow/dags/dbt_transformation.py took 0.082 seconds
[2024-10-19T20:54:01.500+0000] {processor.py:161} INFO - Started process (PID=881) to work on /opt/airflow/dags/dbt_transformation.py
[2024-10-19T20:54:01.501+0000] {processor.py:830} INFO - Processing file /opt/airflow/dags/dbt_transformation.py for tasks to queue
[2024-10-19T20:54:01.502+0000] {logging_mixin.py:188} INFO - [2024-10-19T20:54:01.502+0000] {dagbag.py:540} INFO - Filling up the DagBag from /opt/airflow/dags/dbt_transformation.py
[2024-10-19T20:54:01.518+0000] {processor.py:840} INFO - DAG(s) 'dbt_dag' retrieved from /opt/airflow/dags/dbt_transformation.py
[2024-10-19T20:54:01.542+0000] {logging_mixin.py:188} INFO - [2024-10-19T20:54:01.541+0000] {dag.py:3047} INFO - Sync 1 DAGs
[2024-10-19T20:54:01.559+0000] {logging_mixin.py:188} INFO - [2024-10-19T20:54:01.559+0000] {dag.py:3834} INFO - Setting next_dagrun for dbt_dag to 2024-10-20 00:00:00+00:00, run_after=2024-10-21 00:00:00+00:00
[2024-10-19T20:54:01.575+0000] {processor.py:183} INFO - Processing /opt/airflow/dags/dbt_transformation.py took 0.078 seconds
[2024-10-19T20:54:31.728+0000] {processor.py:161} INFO - Started process (PID=886) to work on /opt/airflow/dags/dbt_transformation.py
[2024-10-19T20:54:31.729+0000] {processor.py:830} INFO - Processing file /opt/airflow/dags/dbt_transformation.py for tasks to queue
[2024-10-19T20:54:31.730+0000] {logging_mixin.py:188} INFO - [2024-10-19T20:54:31.730+0000] {dagbag.py:540} INFO - Filling up the DagBag from /opt/airflow/dags/dbt_transformation.py
[2024-10-19T20:54:31.743+0000] {processor.py:840} INFO - DAG(s) 'dbt_dag' retrieved from /opt/airflow/dags/dbt_transformation.py
[2024-10-19T20:54:31.763+0000] {logging_mixin.py:188} INFO - [2024-10-19T20:54:31.762+0000] {dag.py:3047} INFO - Sync 1 DAGs
[2024-10-19T20:54:31.779+0000] {logging_mixin.py:188} INFO - [2024-10-19T20:54:31.779+0000] {dag.py:3834} INFO - Setting next_dagrun for dbt_dag to 2024-10-20 00:00:00+00:00, run_after=2024-10-21 00:00:00+00:00
[2024-10-19T20:54:31.795+0000] {processor.py:183} INFO - Processing /opt/airflow/dags/dbt_transformation.py took 0.069 seconds
[2024-10-19T20:55:01.907+0000] {processor.py:161} INFO - Started process (PID=891) to work on /opt/airflow/dags/dbt_transformation.py
[2024-10-19T20:55:01.908+0000] {processor.py:830} INFO - Processing file /opt/airflow/dags/dbt_transformation.py for tasks to queue
[2024-10-19T20:55:01.909+0000] {logging_mixin.py:188} INFO - [2024-10-19T20:55:01.909+0000] {dagbag.py:540} INFO - Filling up the DagBag from /opt/airflow/dags/dbt_transformation.py
[2024-10-19T20:55:01.926+0000] {processor.py:840} INFO - DAG(s) 'dbt_dag' retrieved from /opt/airflow/dags/dbt_transformation.py
[2024-10-19T20:55:01.951+0000] {logging_mixin.py:188} INFO - [2024-10-19T20:55:01.951+0000] {dag.py:3047} INFO - Sync 1 DAGs
[2024-10-19T20:55:01.967+0000] {logging_mixin.py:188} INFO - [2024-10-19T20:55:01.967+0000] {dag.py:3834} INFO - Setting next_dagrun for dbt_dag to 2024-10-20 00:00:00+00:00, run_after=2024-10-21 00:00:00+00:00
[2024-10-19T20:55:01.982+0000] {processor.py:183} INFO - Processing /opt/airflow/dags/dbt_transformation.py took 0.079 seconds
[2024-10-19T20:55:32.097+0000] {processor.py:161} INFO - Started process (PID=896) to work on /opt/airflow/dags/dbt_transformation.py
[2024-10-19T20:55:32.098+0000] {processor.py:830} INFO - Processing file /opt/airflow/dags/dbt_transformation.py for tasks to queue
[2024-10-19T20:55:32.099+0000] {logging_mixin.py:188} INFO - [2024-10-19T20:55:32.099+0000] {dagbag.py:540} INFO - Filling up the DagBag from /opt/airflow/dags/dbt_transformation.py
[2024-10-19T20:55:32.112+0000] {processor.py:840} INFO - DAG(s) 'dbt_dag' retrieved from /opt/airflow/dags/dbt_transformation.py
[2024-10-19T20:55:32.134+0000] {logging_mixin.py:188} INFO - [2024-10-19T20:55:32.133+0000] {dag.py:3047} INFO - Sync 1 DAGs
[2024-10-19T20:55:32.149+0000] {logging_mixin.py:188} INFO - [2024-10-19T20:55:32.149+0000] {dag.py:3834} INFO - Setting next_dagrun for dbt_dag to 2024-10-20 00:00:00+00:00, run_after=2024-10-21 00:00:00+00:00
[2024-10-19T20:55:32.163+0000] {processor.py:183} INFO - Processing /opt/airflow/dags/dbt_transformation.py took 0.068 seconds
[2024-10-19T20:56:02.310+0000] {processor.py:161} INFO - Started process (PID=901) to work on /opt/airflow/dags/dbt_transformation.py
[2024-10-19T20:56:02.311+0000] {processor.py:830} INFO - Processing file /opt/airflow/dags/dbt_transformation.py for tasks to queue
[2024-10-19T20:56:02.312+0000] {logging_mixin.py:188} INFO - [2024-10-19T20:56:02.312+0000] {dagbag.py:540} INFO - Filling up the DagBag from /opt/airflow/dags/dbt_transformation.py
[2024-10-19T20:56:02.326+0000] {processor.py:840} INFO - DAG(s) 'dbt_dag' retrieved from /opt/airflow/dags/dbt_transformation.py
[2024-10-19T20:56:02.346+0000] {logging_mixin.py:188} INFO - [2024-10-19T20:56:02.345+0000] {dag.py:3047} INFO - Sync 1 DAGs
[2024-10-19T20:56:02.361+0000] {logging_mixin.py:188} INFO - [2024-10-19T20:56:02.361+0000] {dag.py:3834} INFO - Setting next_dagrun for dbt_dag to 2024-10-20 00:00:00+00:00, run_after=2024-10-21 00:00:00+00:00
[2024-10-19T20:56:02.376+0000] {processor.py:183} INFO - Processing /opt/airflow/dags/dbt_transformation.py took 0.068 seconds
[2024-10-19T20:56:32.633+0000] {processor.py:161} INFO - Started process (PID=906) to work on /opt/airflow/dags/dbt_transformation.py
[2024-10-19T20:56:32.633+0000] {processor.py:830} INFO - Processing file /opt/airflow/dags/dbt_transformation.py for tasks to queue
[2024-10-19T20:56:32.634+0000] {logging_mixin.py:188} INFO - [2024-10-19T20:56:32.634+0000] {dagbag.py:540} INFO - Filling up the DagBag from /opt/airflow/dags/dbt_transformation.py
[2024-10-19T20:56:32.650+0000] {processor.py:840} INFO - DAG(s) 'dbt_dag' retrieved from /opt/airflow/dags/dbt_transformation.py
[2024-10-19T20:56:32.671+0000] {logging_mixin.py:188} INFO - [2024-10-19T20:56:32.671+0000] {dag.py:3047} INFO - Sync 1 DAGs
[2024-10-19T20:56:32.687+0000] {logging_mixin.py:188} INFO - [2024-10-19T20:56:32.686+0000] {dag.py:3834} INFO - Setting next_dagrun for dbt_dag to 2024-10-20 00:00:00+00:00, run_after=2024-10-21 00:00:00+00:00
[2024-10-19T20:56:32.702+0000] {processor.py:183} INFO - Processing /opt/airflow/dags/dbt_transformation.py took 0.071 seconds
[2024-10-19T20:57:02.799+0000] {processor.py:161} INFO - Started process (PID=911) to work on /opt/airflow/dags/dbt_transformation.py
[2024-10-19T20:57:02.800+0000] {processor.py:830} INFO - Processing file /opt/airflow/dags/dbt_transformation.py for tasks to queue
[2024-10-19T20:57:02.800+0000] {logging_mixin.py:188} INFO - [2024-10-19T20:57:02.800+0000] {dagbag.py:540} INFO - Filling up the DagBag from /opt/airflow/dags/dbt_transformation.py
[2024-10-19T20:57:02.816+0000] {processor.py:840} INFO - DAG(s) 'dbt_dag' retrieved from /opt/airflow/dags/dbt_transformation.py
[2024-10-19T20:57:02.838+0000] {logging_mixin.py:188} INFO - [2024-10-19T20:57:02.838+0000] {dag.py:3047} INFO - Sync 1 DAGs
[2024-10-19T20:57:02.854+0000] {logging_mixin.py:188} INFO - [2024-10-19T20:57:02.854+0000] {dag.py:3834} INFO - Setting next_dagrun for dbt_dag to 2024-10-20 00:00:00+00:00, run_after=2024-10-21 00:00:00+00:00
[2024-10-19T20:57:02.870+0000] {processor.py:183} INFO - Processing /opt/airflow/dags/dbt_transformation.py took 0.074 seconds
[2024-10-19T20:57:32.988+0000] {processor.py:161} INFO - Started process (PID=916) to work on /opt/airflow/dags/dbt_transformation.py
[2024-10-19T20:57:32.990+0000] {processor.py:830} INFO - Processing file /opt/airflow/dags/dbt_transformation.py for tasks to queue
[2024-10-19T20:57:32.991+0000] {logging_mixin.py:188} INFO - [2024-10-19T20:57:32.991+0000] {dagbag.py:540} INFO - Filling up the DagBag from /opt/airflow/dags/dbt_transformation.py
[2024-10-19T20:57:33.009+0000] {processor.py:840} INFO - DAG(s) 'dbt_dag' retrieved from /opt/airflow/dags/dbt_transformation.py
[2024-10-19T20:57:33.034+0000] {logging_mixin.py:188} INFO - [2024-10-19T20:57:33.034+0000] {dag.py:3047} INFO - Sync 1 DAGs
[2024-10-19T20:57:33.054+0000] {logging_mixin.py:188} INFO - [2024-10-19T20:57:33.053+0000] {dag.py:3834} INFO - Setting next_dagrun for dbt_dag to 2024-10-20 00:00:00+00:00, run_after=2024-10-21 00:00:00+00:00
[2024-10-19T20:57:33.067+0000] {processor.py:183} INFO - Processing /opt/airflow/dags/dbt_transformation.py took 0.081 seconds
[2024-10-19T20:58:03.371+0000] {processor.py:161} INFO - Started process (PID=921) to work on /opt/airflow/dags/dbt_transformation.py
[2024-10-19T20:58:03.372+0000] {processor.py:830} INFO - Processing file /opt/airflow/dags/dbt_transformation.py for tasks to queue
[2024-10-19T20:58:03.373+0000] {logging_mixin.py:188} INFO - [2024-10-19T20:58:03.372+0000] {dagbag.py:540} INFO - Filling up the DagBag from /opt/airflow/dags/dbt_transformation.py
[2024-10-19T20:58:03.386+0000] {processor.py:840} INFO - DAG(s) 'dbt_dag' retrieved from /opt/airflow/dags/dbt_transformation.py
[2024-10-19T20:58:03.409+0000] {logging_mixin.py:188} INFO - [2024-10-19T20:58:03.409+0000] {dag.py:3047} INFO - Sync 1 DAGs
[2024-10-19T20:58:03.426+0000] {logging_mixin.py:188} INFO - [2024-10-19T20:58:03.425+0000] {dag.py:3834} INFO - Setting next_dagrun for dbt_dag to 2024-10-20 00:00:00+00:00, run_after=2024-10-21 00:00:00+00:00
[2024-10-19T20:58:04.781+0000] {processor.py:183} INFO - Processing /opt/airflow/dags/dbt_transformation.py took 1.412 seconds
[2024-10-19T20:58:34.945+0000] {processor.py:161} INFO - Started process (PID=926) to work on /opt/airflow/dags/dbt_transformation.py
[2024-10-19T20:58:35.077+0000] {processor.py:830} INFO - Processing file /opt/airflow/dags/dbt_transformation.py for tasks to queue
[2024-10-19T20:58:35.078+0000] {logging_mixin.py:188} INFO - [2024-10-19T20:58:35.078+0000] {dagbag.py:540} INFO - Filling up the DagBag from /opt/airflow/dags/dbt_transformation.py
[2024-10-19T20:58:35.096+0000] {processor.py:840} INFO - DAG(s) 'dbt_dag' retrieved from /opt/airflow/dags/dbt_transformation.py
[2024-10-19T20:58:35.123+0000] {logging_mixin.py:188} INFO - [2024-10-19T20:58:35.123+0000] {dag.py:3047} INFO - Sync 1 DAGs
[2024-10-19T20:58:35.141+0000] {logging_mixin.py:188} INFO - [2024-10-19T20:58:35.140+0000] {dag.py:3834} INFO - Setting next_dagrun for dbt_dag to 2024-10-20 00:00:00+00:00, run_after=2024-10-21 00:00:00+00:00
[2024-10-19T20:58:35.158+0000] {processor.py:183} INFO - Processing /opt/airflow/dags/dbt_transformation.py took 0.216 seconds
[2024-10-19T20:59:05.323+0000] {processor.py:161} INFO - Started process (PID=931) to work on /opt/airflow/dags/dbt_transformation.py
[2024-10-19T20:59:05.324+0000] {processor.py:830} INFO - Processing file /opt/airflow/dags/dbt_transformation.py for tasks to queue
[2024-10-19T20:59:05.325+0000] {logging_mixin.py:188} INFO - [2024-10-19T20:59:05.325+0000] {dagbag.py:540} INFO - Filling up the DagBag from /opt/airflow/dags/dbt_transformation.py
[2024-10-19T20:59:05.349+0000] {processor.py:840} INFO - DAG(s) 'dbt_dag' retrieved from /opt/airflow/dags/dbt_transformation.py
[2024-10-19T20:59:05.381+0000] {logging_mixin.py:188} INFO - [2024-10-19T20:59:05.381+0000] {dag.py:3047} INFO - Sync 1 DAGs
[2024-10-19T20:59:05.400+0000] {logging_mixin.py:188} INFO - [2024-10-19T20:59:05.400+0000] {dag.py:3834} INFO - Setting next_dagrun for dbt_dag to 2024-10-20 00:00:00+00:00, run_after=2024-10-21 00:00:00+00:00
[2024-10-19T20:59:05.418+0000] {processor.py:183} INFO - Processing /opt/airflow/dags/dbt_transformation.py took 0.098 seconds
[2024-10-19T20:59:35.476+0000] {processor.py:161} INFO - Started process (PID=936) to work on /opt/airflow/dags/dbt_transformation.py
[2024-10-19T20:59:35.477+0000] {processor.py:830} INFO - Processing file /opt/airflow/dags/dbt_transformation.py for tasks to queue
[2024-10-19T20:59:35.478+0000] {logging_mixin.py:188} INFO - [2024-10-19T20:59:35.477+0000] {dagbag.py:540} INFO - Filling up the DagBag from /opt/airflow/dags/dbt_transformation.py
[2024-10-19T20:59:35.494+0000] {processor.py:840} INFO - DAG(s) 'dbt_dag' retrieved from /opt/airflow/dags/dbt_transformation.py
[2024-10-19T20:59:35.519+0000] {logging_mixin.py:188} INFO - [2024-10-19T20:59:35.519+0000] {dag.py:3047} INFO - Sync 1 DAGs
[2024-10-19T20:59:35.538+0000] {logging_mixin.py:188} INFO - [2024-10-19T20:59:35.538+0000] {dag.py:3834} INFO - Setting next_dagrun for dbt_dag to 2024-10-20 00:00:00+00:00, run_after=2024-10-21 00:00:00+00:00
[2024-10-19T20:59:35.559+0000] {processor.py:183} INFO - Processing /opt/airflow/dags/dbt_transformation.py took 0.086 seconds
[2024-10-19T21:00:05.737+0000] {processor.py:161} INFO - Started process (PID=941) to work on /opt/airflow/dags/dbt_transformation.py
[2024-10-19T21:00:05.738+0000] {processor.py:830} INFO - Processing file /opt/airflow/dags/dbt_transformation.py for tasks to queue
[2024-10-19T21:00:05.739+0000] {logging_mixin.py:188} INFO - [2024-10-19T21:00:05.738+0000] {dagbag.py:540} INFO - Filling up the DagBag from /opt/airflow/dags/dbt_transformation.py
[2024-10-19T21:00:05.752+0000] {processor.py:840} INFO - DAG(s) 'dbt_dag' retrieved from /opt/airflow/dags/dbt_transformation.py
[2024-10-19T21:00:05.774+0000] {logging_mixin.py:188} INFO - [2024-10-19T21:00:05.774+0000] {dag.py:3047} INFO - Sync 1 DAGs
[2024-10-19T21:00:05.791+0000] {logging_mixin.py:188} INFO - [2024-10-19T21:00:05.791+0000] {dag.py:3834} INFO - Setting next_dagrun for dbt_dag to 2024-10-20 00:00:00+00:00, run_after=2024-10-21 00:00:00+00:00
[2024-10-19T21:00:05.805+0000] {processor.py:183} INFO - Processing /opt/airflow/dags/dbt_transformation.py took 0.070 seconds
[2024-10-19T21:00:35.898+0000] {processor.py:161} INFO - Started process (PID=946) to work on /opt/airflow/dags/dbt_transformation.py
[2024-10-19T21:00:35.898+0000] {processor.py:830} INFO - Processing file /opt/airflow/dags/dbt_transformation.py for tasks to queue
[2024-10-19T21:00:35.899+0000] {logging_mixin.py:188} INFO - [2024-10-19T21:00:35.899+0000] {dagbag.py:540} INFO - Filling up the DagBag from /opt/airflow/dags/dbt_transformation.py
[2024-10-19T21:00:35.915+0000] {processor.py:840} INFO - DAG(s) 'dbt_dag' retrieved from /opt/airflow/dags/dbt_transformation.py
[2024-10-19T21:00:35.939+0000] {logging_mixin.py:188} INFO - [2024-10-19T21:00:35.939+0000] {dag.py:3047} INFO - Sync 1 DAGs
[2024-10-19T21:00:35.957+0000] {logging_mixin.py:188} INFO - [2024-10-19T21:00:35.957+0000] {dag.py:3834} INFO - Setting next_dagrun for dbt_dag to 2024-10-20 00:00:00+00:00, run_after=2024-10-21 00:00:00+00:00
[2024-10-19T21:00:35.976+0000] {processor.py:183} INFO - Processing /opt/airflow/dags/dbt_transformation.py took 0.081 seconds
[2024-10-19T21:01:06.121+0000] {processor.py:161} INFO - Started process (PID=951) to work on /opt/airflow/dags/dbt_transformation.py
[2024-10-19T21:01:06.122+0000] {processor.py:830} INFO - Processing file /opt/airflow/dags/dbt_transformation.py for tasks to queue
[2024-10-19T21:01:06.123+0000] {logging_mixin.py:188} INFO - [2024-10-19T21:01:06.123+0000] {dagbag.py:540} INFO - Filling up the DagBag from /opt/airflow/dags/dbt_transformation.py
[2024-10-19T21:01:06.146+0000] {processor.py:840} INFO - DAG(s) 'dbt_dag' retrieved from /opt/airflow/dags/dbt_transformation.py
[2024-10-19T21:01:06.176+0000] {logging_mixin.py:188} INFO - [2024-10-19T21:01:06.176+0000] {dag.py:3047} INFO - Sync 1 DAGs
[2024-10-19T21:01:06.194+0000] {logging_mixin.py:188} INFO - [2024-10-19T21:01:06.193+0000] {dag.py:3834} INFO - Setting next_dagrun for dbt_dag to 2024-10-20 00:00:00+00:00, run_after=2024-10-21 00:00:00+00:00
[2024-10-19T21:01:06.213+0000] {processor.py:183} INFO - Processing /opt/airflow/dags/dbt_transformation.py took 0.095 seconds
[2024-10-19T21:01:36.293+0000] {processor.py:161} INFO - Started process (PID=956) to work on /opt/airflow/dags/dbt_transformation.py
[2024-10-19T21:01:36.294+0000] {processor.py:830} INFO - Processing file /opt/airflow/dags/dbt_transformation.py for tasks to queue
[2024-10-19T21:01:36.295+0000] {logging_mixin.py:188} INFO - [2024-10-19T21:01:36.294+0000] {dagbag.py:540} INFO - Filling up the DagBag from /opt/airflow/dags/dbt_transformation.py
[2024-10-19T21:01:36.311+0000] {processor.py:840} INFO - DAG(s) 'dbt_dag' retrieved from /opt/airflow/dags/dbt_transformation.py
[2024-10-19T21:01:36.333+0000] {logging_mixin.py:188} INFO - [2024-10-19T21:01:36.333+0000] {dag.py:3047} INFO - Sync 1 DAGs
[2024-10-19T21:01:36.350+0000] {logging_mixin.py:188} INFO - [2024-10-19T21:01:36.350+0000] {dag.py:3834} INFO - Setting next_dagrun for dbt_dag to 2024-10-20 00:00:00+00:00, run_after=2024-10-21 00:00:00+00:00
[2024-10-19T21:01:36.365+0000] {processor.py:183} INFO - Processing /opt/airflow/dags/dbt_transformation.py took 0.075 seconds
[2024-10-19T21:02:06.517+0000] {processor.py:161} INFO - Started process (PID=961) to work on /opt/airflow/dags/dbt_transformation.py
[2024-10-19T21:02:06.518+0000] {processor.py:830} INFO - Processing file /opt/airflow/dags/dbt_transformation.py for tasks to queue
[2024-10-19T21:02:06.519+0000] {logging_mixin.py:188} INFO - [2024-10-19T21:02:06.519+0000] {dagbag.py:540} INFO - Filling up the DagBag from /opt/airflow/dags/dbt_transformation.py
[2024-10-19T21:02:06.534+0000] {processor.py:840} INFO - DAG(s) 'dbt_dag' retrieved from /opt/airflow/dags/dbt_transformation.py
[2024-10-19T21:02:06.554+0000] {logging_mixin.py:188} INFO - [2024-10-19T21:02:06.554+0000] {dag.py:3047} INFO - Sync 1 DAGs
[2024-10-19T21:02:06.569+0000] {logging_mixin.py:188} INFO - [2024-10-19T21:02:06.569+0000] {dag.py:3834} INFO - Setting next_dagrun for dbt_dag to 2024-10-20 00:00:00+00:00, run_after=2024-10-21 00:00:00+00:00
[2024-10-19T21:02:06.583+0000] {processor.py:183} INFO - Processing /opt/airflow/dags/dbt_transformation.py took 0.068 seconds
[2024-10-19T21:02:36.822+0000] {processor.py:161} INFO - Started process (PID=966) to work on /opt/airflow/dags/dbt_transformation.py
[2024-10-19T21:02:36.823+0000] {processor.py:830} INFO - Processing file /opt/airflow/dags/dbt_transformation.py for tasks to queue
[2024-10-19T21:02:36.824+0000] {logging_mixin.py:188} INFO - [2024-10-19T21:02:36.824+0000] {dagbag.py:540} INFO - Filling up the DagBag from /opt/airflow/dags/dbt_transformation.py
[2024-10-19T21:02:36.838+0000] {processor.py:840} INFO - DAG(s) 'dbt_dag' retrieved from /opt/airflow/dags/dbt_transformation.py
[2024-10-19T21:02:36.859+0000] {logging_mixin.py:188} INFO - [2024-10-19T21:02:36.859+0000] {dag.py:3047} INFO - Sync 1 DAGs
[2024-10-19T21:02:36.878+0000] {logging_mixin.py:188} INFO - [2024-10-19T21:02:36.877+0000] {dag.py:3834} INFO - Setting next_dagrun for dbt_dag to 2024-10-20 00:00:00+00:00, run_after=2024-10-21 00:00:00+00:00
[2024-10-19T21:02:36.893+0000] {processor.py:183} INFO - Processing /opt/airflow/dags/dbt_transformation.py took 0.074 seconds
[2024-10-19T21:03:06.976+0000] {processor.py:161} INFO - Started process (PID=971) to work on /opt/airflow/dags/dbt_transformation.py
[2024-10-19T21:03:06.977+0000] {processor.py:830} INFO - Processing file /opt/airflow/dags/dbt_transformation.py for tasks to queue
[2024-10-19T21:03:06.978+0000] {logging_mixin.py:188} INFO - [2024-10-19T21:03:06.978+0000] {dagbag.py:540} INFO - Filling up the DagBag from /opt/airflow/dags/dbt_transformation.py
[2024-10-19T21:03:06.994+0000] {processor.py:840} INFO - DAG(s) 'dbt_dag' retrieved from /opt/airflow/dags/dbt_transformation.py
[2024-10-19T21:03:07.025+0000] {logging_mixin.py:188} INFO - [2024-10-19T21:03:07.024+0000] {dag.py:3047} INFO - Sync 1 DAGs
[2024-10-19T21:03:07.044+0000] {logging_mixin.py:188} INFO - [2024-10-19T21:03:07.043+0000] {dag.py:3834} INFO - Setting next_dagrun for dbt_dag to 2024-10-20 00:00:00+00:00, run_after=2024-10-21 00:00:00+00:00
[2024-10-19T21:03:07.058+0000] {processor.py:183} INFO - Processing /opt/airflow/dags/dbt_transformation.py took 0.084 seconds
[2024-10-19T21:03:37.697+0000] {processor.py:161} INFO - Started process (PID=976) to work on /opt/airflow/dags/dbt_transformation.py
[2024-10-19T21:03:37.698+0000] {processor.py:830} INFO - Processing file /opt/airflow/dags/dbt_transformation.py for tasks to queue
[2024-10-19T21:03:37.699+0000] {logging_mixin.py:188} INFO - [2024-10-19T21:03:37.699+0000] {dagbag.py:540} INFO - Filling up the DagBag from /opt/airflow/dags/dbt_transformation.py
[2024-10-19T21:03:37.715+0000] {processor.py:840} INFO - DAG(s) 'dbt_dag' retrieved from /opt/airflow/dags/dbt_transformation.py
[2024-10-19T21:03:37.742+0000] {logging_mixin.py:188} INFO - [2024-10-19T21:03:37.741+0000] {dag.py:3047} INFO - Sync 1 DAGs
[2024-10-19T21:03:37.762+0000] {logging_mixin.py:188} INFO - [2024-10-19T21:03:37.762+0000] {dag.py:3834} INFO - Setting next_dagrun for dbt_dag to 2024-10-20 00:00:00+00:00, run_after=2024-10-21 00:00:00+00:00
[2024-10-19T21:03:37.787+0000] {processor.py:183} INFO - Processing /opt/airflow/dags/dbt_transformation.py took 0.092 seconds
[2024-10-19T21:04:07.862+0000] {processor.py:161} INFO - Started process (PID=981) to work on /opt/airflow/dags/dbt_transformation.py
[2024-10-19T21:04:07.863+0000] {processor.py:830} INFO - Processing file /opt/airflow/dags/dbt_transformation.py for tasks to queue
[2024-10-19T21:04:07.864+0000] {logging_mixin.py:188} INFO - [2024-10-19T21:04:07.863+0000] {dagbag.py:540} INFO - Filling up the DagBag from /opt/airflow/dags/dbt_transformation.py
[2024-10-19T21:04:07.881+0000] {processor.py:840} INFO - DAG(s) 'dbt_dag' retrieved from /opt/airflow/dags/dbt_transformation.py
[2024-10-19T21:04:07.905+0000] {logging_mixin.py:188} INFO - [2024-10-19T21:04:07.904+0000] {dag.py:3047} INFO - Sync 1 DAGs
[2024-10-19T21:04:07.922+0000] {logging_mixin.py:188} INFO - [2024-10-19T21:04:07.922+0000] {dag.py:3834} INFO - Setting next_dagrun for dbt_dag to 2024-10-20 00:00:00+00:00, run_after=2024-10-21 00:00:00+00:00
[2024-10-19T21:04:07.945+0000] {processor.py:183} INFO - Processing /opt/airflow/dags/dbt_transformation.py took 0.085 seconds
[2024-10-19T21:04:38.095+0000] {processor.py:161} INFO - Started process (PID=986) to work on /opt/airflow/dags/dbt_transformation.py
[2024-10-19T21:04:38.096+0000] {processor.py:830} INFO - Processing file /opt/airflow/dags/dbt_transformation.py for tasks to queue
[2024-10-19T21:04:38.097+0000] {logging_mixin.py:188} INFO - [2024-10-19T21:04:38.096+0000] {dagbag.py:540} INFO - Filling up the DagBag from /opt/airflow/dags/dbt_transformation.py
[2024-10-19T21:04:38.112+0000] {processor.py:840} INFO - DAG(s) 'dbt_dag' retrieved from /opt/airflow/dags/dbt_transformation.py
[2024-10-19T21:04:38.136+0000] {logging_mixin.py:188} INFO - [2024-10-19T21:04:38.136+0000] {dag.py:3047} INFO - Sync 1 DAGs
[2024-10-19T21:04:38.155+0000] {logging_mixin.py:188} INFO - [2024-10-19T21:04:38.155+0000] {dag.py:3834} INFO - Setting next_dagrun for dbt_dag to 2024-10-20 00:00:00+00:00, run_after=2024-10-21 00:00:00+00:00
[2024-10-19T21:04:38.182+0000] {processor.py:183} INFO - Processing /opt/airflow/dags/dbt_transformation.py took 0.090 seconds
[2024-10-19T21:05:08.258+0000] {processor.py:161} INFO - Started process (PID=991) to work on /opt/airflow/dags/dbt_transformation.py
[2024-10-19T21:05:08.259+0000] {processor.py:830} INFO - Processing file /opt/airflow/dags/dbt_transformation.py for tasks to queue
[2024-10-19T21:05:08.260+0000] {logging_mixin.py:188} INFO - [2024-10-19T21:05:08.259+0000] {dagbag.py:540} INFO - Filling up the DagBag from /opt/airflow/dags/dbt_transformation.py
[2024-10-19T21:05:08.274+0000] {processor.py:840} INFO - DAG(s) 'dbt_dag' retrieved from /opt/airflow/dags/dbt_transformation.py
[2024-10-19T21:05:08.295+0000] {logging_mixin.py:188} INFO - [2024-10-19T21:05:08.295+0000] {dag.py:3047} INFO - Sync 1 DAGs
[2024-10-19T21:05:08.312+0000] {logging_mixin.py:188} INFO - [2024-10-19T21:05:08.312+0000] {dag.py:3834} INFO - Setting next_dagrun for dbt_dag to 2024-10-20 00:00:00+00:00, run_after=2024-10-21 00:00:00+00:00
[2024-10-19T21:05:08.328+0000] {processor.py:183} INFO - Processing /opt/airflow/dags/dbt_transformation.py took 0.073 seconds
