[2024-10-19T19:51:10.009+0000] {processor.py:161} INFO - Started process (PID=172) to work on /opt/airflow/dags/marketing_dbt_transformation.py
[2024-10-19T19:51:10.012+0000] {processor.py:830} INFO - Processing file /opt/airflow/dags/marketing_dbt_transformation.py for tasks to queue
[2024-10-19T19:51:10.023+0000] {logging_mixin.py:188} INFO - [2024-10-19T19:51:10.018+0000] {dagbag.py:540} INFO - Filling up the DagBag from /opt/airflow/dags/marketing_dbt_transformation.py
[2024-10-19T19:51:10.216+0000] {processor.py:840} INFO - DAG(s) 'dbt_dag' retrieved from /opt/airflow/dags/marketing_dbt_transformation.py
[2024-10-19T19:51:10.716+0000] {logging_mixin.py:188} INFO - [2024-10-19T19:51:10.715+0000] {override.py:1769} INFO - Created Permission View: can delete on DAG:dbt_dag
[2024-10-19T19:51:10.726+0000] {logging_mixin.py:188} INFO - [2024-10-19T19:51:10.725+0000] {override.py:1769} INFO - Created Permission View: can read on DAG:dbt_dag
[2024-10-19T19:51:10.730+0000] {logging_mixin.py:188} INFO - [2024-10-19T19:51:10.730+0000] {override.py:1769} INFO - Created Permission View: can edit on DAG:dbt_dag
[2024-10-19T19:51:10.731+0000] {logging_mixin.py:188} INFO - [2024-10-19T19:51:10.731+0000] {dag.py:3047} INFO - Sync 1 DAGs
[2024-10-19T19:51:10.752+0000] {logging_mixin.py:188} INFO - [2024-10-19T19:51:10.752+0000] {dag.py:3069} INFO - Creating ORM DAG for dbt_dag
[2024-10-19T19:51:10.775+0000] {logging_mixin.py:188} INFO - [2024-10-19T19:51:10.775+0000] {dag.py:3834} INFO - Setting next_dagrun for dbt_dag to 2023-05-01 00:00:00+00:00, run_after=2023-05-02 00:00:00+00:00
[2024-10-19T19:51:10.796+0000] {processor.py:183} INFO - Processing /opt/airflow/dags/marketing_dbt_transformation.py took 0.831 seconds
[2024-10-19T19:51:40.990+0000] {processor.py:161} INFO - Started process (PID=177) to work on /opt/airflow/dags/marketing_dbt_transformation.py
[2024-10-19T19:51:40.991+0000] {processor.py:830} INFO - Processing file /opt/airflow/dags/marketing_dbt_transformation.py for tasks to queue
[2024-10-19T19:51:40.992+0000] {logging_mixin.py:188} INFO - [2024-10-19T19:51:40.992+0000] {dagbag.py:540} INFO - Filling up the DagBag from /opt/airflow/dags/marketing_dbt_transformation.py
[2024-10-19T19:51:41.006+0000] {processor.py:840} INFO - DAG(s) 'dbt_dag' retrieved from /opt/airflow/dags/marketing_dbt_transformation.py
[2024-10-19T19:51:41.028+0000] {logging_mixin.py:188} INFO - [2024-10-19T19:51:41.027+0000] {dag.py:3047} INFO - Sync 1 DAGs
[2024-10-19T19:51:41.046+0000] {logging_mixin.py:188} INFO - [2024-10-19T19:51:41.046+0000] {dag.py:3834} INFO - Setting next_dagrun for dbt_dag to 2023-05-01 00:00:00+00:00, run_after=2023-05-02 00:00:00+00:00
[2024-10-19T19:51:41.076+0000] {processor.py:183} INFO - Processing /opt/airflow/dags/marketing_dbt_transformation.py took 0.088 seconds
[2024-10-19T19:52:11.219+0000] {processor.py:161} INFO - Started process (PID=182) to work on /opt/airflow/dags/marketing_dbt_transformation.py
[2024-10-19T19:52:11.220+0000] {processor.py:830} INFO - Processing file /opt/airflow/dags/marketing_dbt_transformation.py for tasks to queue
[2024-10-19T19:52:11.221+0000] {logging_mixin.py:188} INFO - [2024-10-19T19:52:11.221+0000] {dagbag.py:540} INFO - Filling up the DagBag from /opt/airflow/dags/marketing_dbt_transformation.py
[2024-10-19T19:52:11.238+0000] {processor.py:840} INFO - DAG(s) 'dbt_dag' retrieved from /opt/airflow/dags/marketing_dbt_transformation.py
[2024-10-19T19:52:11.264+0000] {logging_mixin.py:188} INFO - [2024-10-19T19:52:11.263+0000] {dag.py:3047} INFO - Sync 1 DAGs
[2024-10-19T19:52:11.285+0000] {logging_mixin.py:188} INFO - [2024-10-19T19:52:11.285+0000] {dag.py:3834} INFO - Setting next_dagrun for dbt_dag to 2023-05-01 00:00:00+00:00, run_after=2023-05-02 00:00:00+00:00
[2024-10-19T19:52:11.310+0000] {processor.py:183} INFO - Processing /opt/airflow/dags/marketing_dbt_transformation.py took 0.093 seconds
[2024-10-19T19:52:41.393+0000] {processor.py:161} INFO - Started process (PID=187) to work on /opt/airflow/dags/marketing_dbt_transformation.py
[2024-10-19T19:52:41.395+0000] {processor.py:830} INFO - Processing file /opt/airflow/dags/marketing_dbt_transformation.py for tasks to queue
[2024-10-19T19:52:41.396+0000] {logging_mixin.py:188} INFO - [2024-10-19T19:52:41.395+0000] {dagbag.py:540} INFO - Filling up the DagBag from /opt/airflow/dags/marketing_dbt_transformation.py
[2024-10-19T19:52:41.415+0000] {processor.py:840} INFO - DAG(s) 'dbt_dag' retrieved from /opt/airflow/dags/marketing_dbt_transformation.py
[2024-10-19T19:52:41.446+0000] {logging_mixin.py:188} INFO - [2024-10-19T19:52:41.446+0000] {dag.py:3047} INFO - Sync 1 DAGs
[2024-10-19T19:52:41.470+0000] {logging_mixin.py:188} INFO - [2024-10-19T19:52:41.470+0000] {dag.py:3834} INFO - Setting next_dagrun for dbt_dag to 2023-05-01 00:00:00+00:00, run_after=2023-05-02 00:00:00+00:00
[2024-10-19T19:52:41.486+0000] {processor.py:183} INFO - Processing /opt/airflow/dags/marketing_dbt_transformation.py took 0.096 seconds
[2024-10-19T19:53:11.623+0000] {processor.py:161} INFO - Started process (PID=192) to work on /opt/airflow/dags/marketing_dbt_transformation.py
[2024-10-19T19:53:11.624+0000] {processor.py:830} INFO - Processing file /opt/airflow/dags/marketing_dbt_transformation.py for tasks to queue
[2024-10-19T19:53:11.625+0000] {logging_mixin.py:188} INFO - [2024-10-19T19:53:11.625+0000] {dagbag.py:540} INFO - Filling up the DagBag from /opt/airflow/dags/marketing_dbt_transformation.py
[2024-10-19T19:53:11.641+0000] {processor.py:840} INFO - DAG(s) 'dbt_dag' retrieved from /opt/airflow/dags/marketing_dbt_transformation.py
[2024-10-19T19:53:11.663+0000] {logging_mixin.py:188} INFO - [2024-10-19T19:53:11.662+0000] {dag.py:3047} INFO - Sync 1 DAGs
[2024-10-19T19:53:11.684+0000] {logging_mixin.py:188} INFO - [2024-10-19T19:53:11.684+0000] {dag.py:3834} INFO - Setting next_dagrun for dbt_dag to 2023-05-01 00:00:00+00:00, run_after=2023-05-02 00:00:00+00:00
[2024-10-19T19:53:11.711+0000] {processor.py:183} INFO - Processing /opt/airflow/dags/marketing_dbt_transformation.py took 0.091 seconds
[2024-10-19T19:53:41.788+0000] {processor.py:161} INFO - Started process (PID=197) to work on /opt/airflow/dags/marketing_dbt_transformation.py
[2024-10-19T19:53:41.789+0000] {processor.py:830} INFO - Processing file /opt/airflow/dags/marketing_dbt_transformation.py for tasks to queue
[2024-10-19T19:53:41.790+0000] {logging_mixin.py:188} INFO - [2024-10-19T19:53:41.790+0000] {dagbag.py:540} INFO - Filling up the DagBag from /opt/airflow/dags/marketing_dbt_transformation.py
[2024-10-19T19:53:41.803+0000] {processor.py:840} INFO - DAG(s) 'dbt_dag' retrieved from /opt/airflow/dags/marketing_dbt_transformation.py
[2024-10-19T19:53:41.823+0000] {logging_mixin.py:188} INFO - [2024-10-19T19:53:41.823+0000] {dag.py:3047} INFO - Sync 1 DAGs
[2024-10-19T19:53:41.838+0000] {logging_mixin.py:188} INFO - [2024-10-19T19:53:41.838+0000] {dag.py:3834} INFO - Setting next_dagrun for dbt_dag to 2023-05-01 00:00:00+00:00, run_after=2023-05-02 00:00:00+00:00
[2024-10-19T19:53:41.858+0000] {processor.py:183} INFO - Processing /opt/airflow/dags/marketing_dbt_transformation.py took 0.072 seconds
[2024-10-19T19:54:12.031+0000] {processor.py:161} INFO - Started process (PID=202) to work on /opt/airflow/dags/marketing_dbt_transformation.py
[2024-10-19T19:54:12.032+0000] {processor.py:830} INFO - Processing file /opt/airflow/dags/marketing_dbt_transformation.py for tasks to queue
[2024-10-19T19:54:12.032+0000] {logging_mixin.py:188} INFO - [2024-10-19T19:54:12.032+0000] {dagbag.py:540} INFO - Filling up the DagBag from /opt/airflow/dags/marketing_dbt_transformation.py
[2024-10-19T19:54:12.047+0000] {processor.py:840} INFO - DAG(s) 'dbt_dag' retrieved from /opt/airflow/dags/marketing_dbt_transformation.py
[2024-10-19T19:54:12.066+0000] {logging_mixin.py:188} INFO - [2024-10-19T19:54:12.066+0000] {dag.py:3047} INFO - Sync 1 DAGs
[2024-10-19T19:54:12.084+0000] {logging_mixin.py:188} INFO - [2024-10-19T19:54:12.084+0000] {dag.py:3834} INFO - Setting next_dagrun for dbt_dag to 2023-05-01 00:00:00+00:00, run_after=2023-05-02 00:00:00+00:00
[2024-10-19T19:54:12.102+0000] {processor.py:183} INFO - Processing /opt/airflow/dags/marketing_dbt_transformation.py took 0.073 seconds
[2024-10-19T19:54:42.198+0000] {processor.py:161} INFO - Started process (PID=207) to work on /opt/airflow/dags/marketing_dbt_transformation.py
[2024-10-19T19:54:42.199+0000] {processor.py:830} INFO - Processing file /opt/airflow/dags/marketing_dbt_transformation.py for tasks to queue
[2024-10-19T19:54:42.200+0000] {logging_mixin.py:188} INFO - [2024-10-19T19:54:42.199+0000] {dagbag.py:540} INFO - Filling up the DagBag from /opt/airflow/dags/marketing_dbt_transformation.py
[2024-10-19T19:54:42.215+0000] {processor.py:840} INFO - DAG(s) 'dbt_dag' retrieved from /opt/airflow/dags/marketing_dbt_transformation.py
[2024-10-19T19:54:42.236+0000] {logging_mixin.py:188} INFO - [2024-10-19T19:54:42.236+0000] {dag.py:3047} INFO - Sync 1 DAGs
[2024-10-19T19:54:42.253+0000] {logging_mixin.py:188} INFO - [2024-10-19T19:54:42.252+0000] {dag.py:3834} INFO - Setting next_dagrun for dbt_dag to 2023-05-01 00:00:00+00:00, run_after=2023-05-02 00:00:00+00:00
[2024-10-19T19:54:42.269+0000] {processor.py:183} INFO - Processing /opt/airflow/dags/marketing_dbt_transformation.py took 0.073 seconds
[2024-10-19T19:55:12.415+0000] {processor.py:161} INFO - Started process (PID=260) to work on /opt/airflow/dags/marketing_dbt_transformation.py
[2024-10-19T19:55:12.415+0000] {processor.py:830} INFO - Processing file /opt/airflow/dags/marketing_dbt_transformation.py for tasks to queue
[2024-10-19T19:55:12.416+0000] {logging_mixin.py:188} INFO - [2024-10-19T19:55:12.416+0000] {dagbag.py:540} INFO - Filling up the DagBag from /opt/airflow/dags/marketing_dbt_transformation.py
[2024-10-19T19:55:12.430+0000] {processor.py:840} INFO - DAG(s) 'dbt_dag' retrieved from /opt/airflow/dags/marketing_dbt_transformation.py
[2024-10-19T19:55:12.454+0000] {logging_mixin.py:188} INFO - [2024-10-19T19:55:12.454+0000] {dag.py:3047} INFO - Sync 1 DAGs
[2024-10-19T19:55:12.488+0000] {processor.py:183} INFO - Processing /opt/airflow/dags/marketing_dbt_transformation.py took 0.076 seconds
[2024-10-19T19:55:32.606+0000] {processor.py:161} INFO - Started process (PID=265) to work on /opt/airflow/dags/marketing_dbt_transformation.py
[2024-10-19T19:55:32.607+0000] {processor.py:830} INFO - Processing file /opt/airflow/dags/marketing_dbt_transformation.py for tasks to queue
[2024-10-19T19:55:32.608+0000] {logging_mixin.py:188} INFO - [2024-10-19T19:55:32.608+0000] {dagbag.py:540} INFO - Filling up the DagBag from /opt/airflow/dags/marketing_dbt_transformation.py
[2024-10-19T19:55:32.628+0000] {processor.py:840} INFO - DAG(s) 'dbt_dag' retrieved from /opt/airflow/dags/marketing_dbt_transformation.py
[2024-10-19T19:55:32.714+0000] {logging_mixin.py:188} INFO - [2024-10-19T19:55:32.714+0000] {dag.py:3047} INFO - Sync 1 DAGs
[2024-10-19T19:55:32.752+0000] {processor.py:183} INFO - Processing /opt/airflow/dags/marketing_dbt_transformation.py took 0.149 seconds
[2024-10-19T19:56:02.906+0000] {processor.py:161} INFO - Started process (PID=276) to work on /opt/airflow/dags/marketing_dbt_transformation.py
[2024-10-19T19:56:02.908+0000] {processor.py:830} INFO - Processing file /opt/airflow/dags/marketing_dbt_transformation.py for tasks to queue
[2024-10-19T19:56:02.908+0000] {logging_mixin.py:188} INFO - [2024-10-19T19:56:02.908+0000] {dagbag.py:540} INFO - Filling up the DagBag from /opt/airflow/dags/marketing_dbt_transformation.py
[2024-10-19T19:56:02.924+0000] {processor.py:840} INFO - DAG(s) 'dbt_dag' retrieved from /opt/airflow/dags/marketing_dbt_transformation.py
[2024-10-19T19:56:02.946+0000] {logging_mixin.py:188} INFO - [2024-10-19T19:56:02.946+0000] {dag.py:3047} INFO - Sync 1 DAGs
[2024-10-19T19:56:02.988+0000] {processor.py:183} INFO - Processing /opt/airflow/dags/marketing_dbt_transformation.py took 0.084 seconds
[2024-10-19T19:56:14.997+0000] {processor.py:161} INFO - Started process (PID=281) to work on /opt/airflow/dags/marketing_dbt_transformation.py
[2024-10-19T19:56:14.998+0000] {processor.py:830} INFO - Processing file /opt/airflow/dags/marketing_dbt_transformation.py for tasks to queue
[2024-10-19T19:56:14.999+0000] {logging_mixin.py:188} INFO - [2024-10-19T19:56:14.999+0000] {dagbag.py:540} INFO - Filling up the DagBag from /opt/airflow/dags/marketing_dbt_transformation.py
[2024-10-19T19:56:15.020+0000] {processor.py:840} INFO - DAG(s) 'dbt_dag' retrieved from /opt/airflow/dags/marketing_dbt_transformation.py
[2024-10-19T19:56:15.099+0000] {logging_mixin.py:188} INFO - [2024-10-19T19:56:15.099+0000] {dag.py:3047} INFO - Sync 1 DAGs
[2024-10-19T19:56:15.132+0000] {processor.py:183} INFO - Processing /opt/airflow/dags/marketing_dbt_transformation.py took 0.138 seconds
[2024-10-19T19:56:45.223+0000] {processor.py:161} INFO - Started process (PID=286) to work on /opt/airflow/dags/marketing_dbt_transformation.py
[2024-10-19T19:56:45.224+0000] {processor.py:830} INFO - Processing file /opt/airflow/dags/marketing_dbt_transformation.py for tasks to queue
[2024-10-19T19:56:45.225+0000] {logging_mixin.py:188} INFO - [2024-10-19T19:56:45.225+0000] {dagbag.py:540} INFO - Filling up the DagBag from /opt/airflow/dags/marketing_dbt_transformation.py
[2024-10-19T19:56:45.241+0000] {processor.py:840} INFO - DAG(s) 'dbt_dag' retrieved from /opt/airflow/dags/marketing_dbt_transformation.py
[2024-10-19T19:56:45.267+0000] {logging_mixin.py:188} INFO - [2024-10-19T19:56:45.266+0000] {dag.py:3047} INFO - Sync 1 DAGs
[2024-10-19T19:56:45.305+0000] {processor.py:183} INFO - Processing /opt/airflow/dags/marketing_dbt_transformation.py took 0.085 seconds
[2024-10-19T19:57:15.443+0000] {processor.py:161} INFO - Started process (PID=291) to work on /opt/airflow/dags/marketing_dbt_transformation.py
[2024-10-19T19:57:15.444+0000] {processor.py:830} INFO - Processing file /opt/airflow/dags/marketing_dbt_transformation.py for tasks to queue
[2024-10-19T19:57:15.445+0000] {logging_mixin.py:188} INFO - [2024-10-19T19:57:15.445+0000] {dagbag.py:540} INFO - Filling up the DagBag from /opt/airflow/dags/marketing_dbt_transformation.py
[2024-10-19T19:57:15.463+0000] {processor.py:840} INFO - DAG(s) 'dbt_dag' retrieved from /opt/airflow/dags/marketing_dbt_transformation.py
[2024-10-19T19:57:15.489+0000] {logging_mixin.py:188} INFO - [2024-10-19T19:57:15.489+0000] {dag.py:3047} INFO - Sync 1 DAGs
[2024-10-19T19:57:15.520+0000] {processor.py:183} INFO - Processing /opt/airflow/dags/marketing_dbt_transformation.py took 0.079 seconds
[2024-10-19T19:57:45.611+0000] {processor.py:161} INFO - Started process (PID=296) to work on /opt/airflow/dags/marketing_dbt_transformation.py
[2024-10-19T19:57:45.612+0000] {processor.py:830} INFO - Processing file /opt/airflow/dags/marketing_dbt_transformation.py for tasks to queue
[2024-10-19T19:57:45.613+0000] {logging_mixin.py:188} INFO - [2024-10-19T19:57:45.612+0000] {dagbag.py:540} INFO - Filling up the DagBag from /opt/airflow/dags/marketing_dbt_transformation.py
[2024-10-19T19:57:45.627+0000] {processor.py:840} INFO - DAG(s) 'dbt_dag' retrieved from /opt/airflow/dags/marketing_dbt_transformation.py
[2024-10-19T19:57:45.659+0000] {logging_mixin.py:188} INFO - [2024-10-19T19:57:45.659+0000] {dag.py:3047} INFO - Sync 1 DAGs
[2024-10-19T19:57:45.692+0000] {processor.py:183} INFO - Processing /opt/airflow/dags/marketing_dbt_transformation.py took 0.083 seconds
[2024-10-19T19:58:15.829+0000] {processor.py:161} INFO - Started process (PID=301) to work on /opt/airflow/dags/marketing_dbt_transformation.py
[2024-10-19T19:58:15.830+0000] {processor.py:830} INFO - Processing file /opt/airflow/dags/marketing_dbt_transformation.py for tasks to queue
[2024-10-19T19:58:15.831+0000] {logging_mixin.py:188} INFO - [2024-10-19T19:58:15.831+0000] {dagbag.py:540} INFO - Filling up the DagBag from /opt/airflow/dags/marketing_dbt_transformation.py
[2024-10-19T19:58:15.844+0000] {processor.py:840} INFO - DAG(s) 'dbt_dag' retrieved from /opt/airflow/dags/marketing_dbt_transformation.py
[2024-10-19T19:58:15.866+0000] {logging_mixin.py:188} INFO - [2024-10-19T19:58:15.866+0000] {dag.py:3047} INFO - Sync 1 DAGs
[2024-10-19T19:58:15.901+0000] {processor.py:183} INFO - Processing /opt/airflow/dags/marketing_dbt_transformation.py took 0.074 seconds
[2024-10-19T19:58:45.998+0000] {processor.py:161} INFO - Started process (PID=306) to work on /opt/airflow/dags/marketing_dbt_transformation.py
[2024-10-19T19:58:45.999+0000] {processor.py:830} INFO - Processing file /opt/airflow/dags/marketing_dbt_transformation.py for tasks to queue
[2024-10-19T19:58:45.999+0000] {logging_mixin.py:188} INFO - [2024-10-19T19:58:45.999+0000] {dagbag.py:540} INFO - Filling up the DagBag from /opt/airflow/dags/marketing_dbt_transformation.py
[2024-10-19T19:58:46.014+0000] {processor.py:840} INFO - DAG(s) 'dbt_dag' retrieved from /opt/airflow/dags/marketing_dbt_transformation.py
[2024-10-19T19:58:46.034+0000] {logging_mixin.py:188} INFO - [2024-10-19T19:58:46.034+0000] {dag.py:3047} INFO - Sync 1 DAGs
[2024-10-19T19:58:46.073+0000] {processor.py:183} INFO - Processing /opt/airflow/dags/marketing_dbt_transformation.py took 0.078 seconds
[2024-10-19T19:59:16.213+0000] {processor.py:161} INFO - Started process (PID=311) to work on /opt/airflow/dags/marketing_dbt_transformation.py
[2024-10-19T19:59:16.214+0000] {processor.py:830} INFO - Processing file /opt/airflow/dags/marketing_dbt_transformation.py for tasks to queue
[2024-10-19T19:59:16.215+0000] {logging_mixin.py:188} INFO - [2024-10-19T19:59:16.215+0000] {dagbag.py:540} INFO - Filling up the DagBag from /opt/airflow/dags/marketing_dbt_transformation.py
[2024-10-19T19:59:16.228+0000] {processor.py:840} INFO - DAG(s) 'dbt_dag' retrieved from /opt/airflow/dags/marketing_dbt_transformation.py
[2024-10-19T19:59:16.250+0000] {logging_mixin.py:188} INFO - [2024-10-19T19:59:16.250+0000] {dag.py:3047} INFO - Sync 1 DAGs
[2024-10-19T19:59:16.282+0000] {processor.py:183} INFO - Processing /opt/airflow/dags/marketing_dbt_transformation.py took 0.072 seconds
[2024-10-19T19:59:46.385+0000] {processor.py:161} INFO - Started process (PID=316) to work on /opt/airflow/dags/marketing_dbt_transformation.py
[2024-10-19T19:59:46.386+0000] {processor.py:830} INFO - Processing file /opt/airflow/dags/marketing_dbt_transformation.py for tasks to queue
[2024-10-19T19:59:46.387+0000] {logging_mixin.py:188} INFO - [2024-10-19T19:59:46.386+0000] {dagbag.py:540} INFO - Filling up the DagBag from /opt/airflow/dags/marketing_dbt_transformation.py
[2024-10-19T19:59:46.401+0000] {processor.py:840} INFO - DAG(s) 'dbt_dag' retrieved from /opt/airflow/dags/marketing_dbt_transformation.py
[2024-10-19T19:59:46.424+0000] {logging_mixin.py:188} INFO - [2024-10-19T19:59:46.424+0000] {dag.py:3047} INFO - Sync 1 DAGs
[2024-10-19T19:59:46.466+0000] {processor.py:183} INFO - Processing /opt/airflow/dags/marketing_dbt_transformation.py took 0.084 seconds
[2024-10-19T20:00:16.595+0000] {processor.py:161} INFO - Started process (PID=321) to work on /opt/airflow/dags/marketing_dbt_transformation.py
[2024-10-19T20:00:16.597+0000] {processor.py:830} INFO - Processing file /opt/airflow/dags/marketing_dbt_transformation.py for tasks to queue
[2024-10-19T20:00:16.598+0000] {logging_mixin.py:188} INFO - [2024-10-19T20:00:16.598+0000] {dagbag.py:540} INFO - Filling up the DagBag from /opt/airflow/dags/marketing_dbt_transformation.py
[2024-10-19T20:00:16.623+0000] {processor.py:840} INFO - DAG(s) 'dbt_dag' retrieved from /opt/airflow/dags/marketing_dbt_transformation.py
[2024-10-19T20:00:16.650+0000] {logging_mixin.py:188} INFO - [2024-10-19T20:00:16.650+0000] {dag.py:3047} INFO - Sync 1 DAGs
[2024-10-19T20:00:16.682+0000] {processor.py:183} INFO - Processing /opt/airflow/dags/marketing_dbt_transformation.py took 0.090 seconds
[2024-10-19T20:00:46.794+0000] {processor.py:161} INFO - Started process (PID=326) to work on /opt/airflow/dags/marketing_dbt_transformation.py
[2024-10-19T20:00:46.795+0000] {processor.py:830} INFO - Processing file /opt/airflow/dags/marketing_dbt_transformation.py for tasks to queue
[2024-10-19T20:00:46.795+0000] {logging_mixin.py:188} INFO - [2024-10-19T20:00:46.795+0000] {dagbag.py:540} INFO - Filling up the DagBag from /opt/airflow/dags/marketing_dbt_transformation.py
[2024-10-19T20:00:46.817+0000] {processor.py:840} INFO - DAG(s) 'dbt_dag' retrieved from /opt/airflow/dags/marketing_dbt_transformation.py
[2024-10-19T20:00:46.958+0000] {logging_mixin.py:188} INFO - [2024-10-19T20:00:46.958+0000] {dag.py:3047} INFO - Sync 1 DAGs
[2024-10-19T20:00:47.004+0000] {processor.py:183} INFO - Processing /opt/airflow/dags/marketing_dbt_transformation.py took 0.214 seconds
[2024-10-19T20:00:53.886+0000] {processor.py:161} INFO - Started process (PID=331) to work on /opt/airflow/dags/marketing_dbt_transformation.py
[2024-10-19T20:00:53.886+0000] {processor.py:830} INFO - Processing file /opt/airflow/dags/marketing_dbt_transformation.py for tasks to queue
[2024-10-19T20:00:53.887+0000] {logging_mixin.py:188} INFO - [2024-10-19T20:00:53.887+0000] {dagbag.py:540} INFO - Filling up the DagBag from /opt/airflow/dags/marketing_dbt_transformation.py
[2024-10-19T20:00:53.910+0000] {processor.py:840} INFO - DAG(s) 'dbt_dag' retrieved from /opt/airflow/dags/marketing_dbt_transformation.py
[2024-10-19T20:00:53.922+0000] {logging_mixin.py:188} INFO - [2024-10-19T20:00:53.922+0000] {dag.py:3047} INFO - Sync 1 DAGs
[2024-10-19T20:00:53.958+0000] {processor.py:183} INFO - Processing /opt/airflow/dags/marketing_dbt_transformation.py took 0.075 seconds
[2024-10-19T20:00:54.897+0000] {processor.py:161} INFO - Started process (PID=336) to work on /opt/airflow/dags/marketing_dbt_transformation.py
[2024-10-19T20:00:54.897+0000] {processor.py:830} INFO - Processing file /opt/airflow/dags/marketing_dbt_transformation.py for tasks to queue
[2024-10-19T20:00:54.898+0000] {logging_mixin.py:188} INFO - [2024-10-19T20:00:54.898+0000] {dagbag.py:540} INFO - Filling up the DagBag from /opt/airflow/dags/marketing_dbt_transformation.py
[2024-10-19T20:00:54.919+0000] {processor.py:840} INFO - DAG(s) 'dbt_dag' retrieved from /opt/airflow/dags/marketing_dbt_transformation.py
[2024-10-19T20:00:54.930+0000] {logging_mixin.py:188} INFO - [2024-10-19T20:00:54.930+0000] {dag.py:3047} INFO - Sync 1 DAGs
[2024-10-19T20:00:54.972+0000] {processor.py:183} INFO - Processing /opt/airflow/dags/marketing_dbt_transformation.py took 0.078 seconds
[2024-10-19T20:01:25.166+0000] {processor.py:161} INFO - Started process (PID=341) to work on /opt/airflow/dags/marketing_dbt_transformation.py
[2024-10-19T20:01:25.167+0000] {processor.py:830} INFO - Processing file /opt/airflow/dags/marketing_dbt_transformation.py for tasks to queue
[2024-10-19T20:01:25.168+0000] {logging_mixin.py:188} INFO - [2024-10-19T20:01:25.168+0000] {dagbag.py:540} INFO - Filling up the DagBag from /opt/airflow/dags/marketing_dbt_transformation.py
[2024-10-19T20:01:25.183+0000] {processor.py:840} INFO - DAG(s) 'dbt_dag' retrieved from /opt/airflow/dags/marketing_dbt_transformation.py
[2024-10-19T20:01:25.266+0000] {logging_mixin.py:188} INFO - [2024-10-19T20:01:25.266+0000] {dag.py:3047} INFO - Sync 1 DAGs
[2024-10-19T20:01:25.295+0000] {processor.py:183} INFO - Processing /opt/airflow/dags/marketing_dbt_transformation.py took 0.131 seconds
[2024-10-19T20:01:44.279+0000] {processor.py:161} INFO - Started process (PID=346) to work on /opt/airflow/dags/marketing_dbt_transformation.py
[2024-10-19T20:01:44.280+0000] {processor.py:830} INFO - Processing file /opt/airflow/dags/marketing_dbt_transformation.py for tasks to queue
[2024-10-19T20:01:44.281+0000] {logging_mixin.py:188} INFO - [2024-10-19T20:01:44.280+0000] {dagbag.py:540} INFO - Filling up the DagBag from /opt/airflow/dags/marketing_dbt_transformation.py
[2024-10-19T20:01:44.302+0000] {processor.py:840} INFO - DAG(s) 'dbt_dag' retrieved from /opt/airflow/dags/marketing_dbt_transformation.py
[2024-10-19T20:01:44.315+0000] {logging_mixin.py:188} INFO - [2024-10-19T20:01:44.315+0000] {dag.py:3047} INFO - Sync 1 DAGs
[2024-10-19T20:01:44.357+0000] {processor.py:183} INFO - Processing /opt/airflow/dags/marketing_dbt_transformation.py took 0.081 seconds
[2024-10-19T20:02:14.440+0000] {processor.py:161} INFO - Started process (PID=351) to work on /opt/airflow/dags/marketing_dbt_transformation.py
[2024-10-19T20:02:14.861+0000] {processor.py:830} INFO - Processing file /opt/airflow/dags/marketing_dbt_transformation.py for tasks to queue
[2024-10-19T20:02:14.862+0000] {logging_mixin.py:188} INFO - [2024-10-19T20:02:14.862+0000] {dagbag.py:540} INFO - Filling up the DagBag from /opt/airflow/dags/marketing_dbt_transformation.py
[2024-10-19T20:02:14.877+0000] {processor.py:840} INFO - DAG(s) 'dbt_dag' retrieved from /opt/airflow/dags/marketing_dbt_transformation.py
[2024-10-19T20:02:14.964+0000] {logging_mixin.py:188} INFO - [2024-10-19T20:02:14.964+0000] {dag.py:3047} INFO - Sync 1 DAGs
[2024-10-19T20:02:14.997+0000] {processor.py:183} INFO - Processing /opt/airflow/dags/marketing_dbt_transformation.py took 0.561 seconds
[2024-10-19T20:02:45.041+0000] {processor.py:161} INFO - Started process (PID=356) to work on /opt/airflow/dags/marketing_dbt_transformation.py
[2024-10-19T20:02:48.616+0000] {processor.py:830} INFO - Processing file /opt/airflow/dags/marketing_dbt_transformation.py for tasks to queue
[2024-10-19T20:02:48.617+0000] {logging_mixin.py:188} INFO - [2024-10-19T20:02:48.617+0000] {dagbag.py:540} INFO - Filling up the DagBag from /opt/airflow/dags/marketing_dbt_transformation.py
[2024-10-19T20:02:48.632+0000] {processor.py:840} INFO - DAG(s) 'dbt_dag' retrieved from /opt/airflow/dags/marketing_dbt_transformation.py
[2024-10-19T20:02:48.654+0000] {logging_mixin.py:188} INFO - [2024-10-19T20:02:48.653+0000] {dag.py:3047} INFO - Sync 1 DAGs
[2024-10-19T20:02:48.711+0000] {processor.py:183} INFO - Processing /opt/airflow/dags/marketing_dbt_transformation.py took 3.672 seconds
[2024-10-19T20:03:06.748+0000] {processor.py:161} INFO - Started process (PID=361) to work on /opt/airflow/dags/marketing_dbt_transformation.py
[2024-10-19T20:03:06.748+0000] {processor.py:830} INFO - Processing file /opt/airflow/dags/marketing_dbt_transformation.py for tasks to queue
[2024-10-19T20:03:06.749+0000] {logging_mixin.py:188} INFO - [2024-10-19T20:03:06.749+0000] {dagbag.py:540} INFO - Filling up the DagBag from /opt/airflow/dags/marketing_dbt_transformation.py
[2024-10-19T20:03:06.769+0000] {processor.py:840} INFO - DAG(s) 'dbt_dag' retrieved from /opt/airflow/dags/marketing_dbt_transformation.py
[2024-10-19T20:03:06.844+0000] {logging_mixin.py:188} INFO - [2024-10-19T20:03:06.844+0000] {dag.py:3047} INFO - Sync 1 DAGs
[2024-10-19T20:03:06.886+0000] {processor.py:183} INFO - Processing /opt/airflow/dags/marketing_dbt_transformation.py took 0.142 seconds
[2024-10-19T20:03:15.955+0000] {processor.py:161} INFO - Started process (PID=366) to work on /opt/airflow/dags/marketing_dbt_transformation.py
[2024-10-19T20:03:15.956+0000] {processor.py:830} INFO - Processing file /opt/airflow/dags/marketing_dbt_transformation.py for tasks to queue
[2024-10-19T20:03:15.957+0000] {logging_mixin.py:188} INFO - [2024-10-19T20:03:15.956+0000] {dagbag.py:540} INFO - Filling up the DagBag from /opt/airflow/dags/marketing_dbt_transformation.py
[2024-10-19T20:03:15.978+0000] {processor.py:840} INFO - DAG(s) 'dbt_dag' retrieved from /opt/airflow/dags/marketing_dbt_transformation.py
[2024-10-19T20:03:15.989+0000] {logging_mixin.py:188} INFO - [2024-10-19T20:03:15.989+0000] {dag.py:3047} INFO - Sync 1 DAGs
[2024-10-19T20:03:16.027+0000] {processor.py:183} INFO - Processing /opt/airflow/dags/marketing_dbt_transformation.py took 0.075 seconds
[2024-10-19T20:03:46.367+0000] {processor.py:161} INFO - Started process (PID=371) to work on /opt/airflow/dags/marketing_dbt_transformation.py
[2024-10-19T20:03:46.367+0000] {processor.py:830} INFO - Processing file /opt/airflow/dags/marketing_dbt_transformation.py for tasks to queue
[2024-10-19T20:03:46.368+0000] {logging_mixin.py:188} INFO - [2024-10-19T20:03:46.368+0000] {dagbag.py:540} INFO - Filling up the DagBag from /opt/airflow/dags/marketing_dbt_transformation.py
[2024-10-19T20:03:46.384+0000] {processor.py:840} INFO - DAG(s) 'dbt_dag' retrieved from /opt/airflow/dags/marketing_dbt_transformation.py
[2024-10-19T20:03:46.406+0000] {logging_mixin.py:188} INFO - [2024-10-19T20:03:46.406+0000] {dag.py:3047} INFO - Sync 1 DAGs
[2024-10-19T20:03:46.425+0000] {logging_mixin.py:188} INFO - [2024-10-19T20:03:46.425+0000] {dag.py:3834} INFO - Setting next_dagrun for dbt_dag to 2024-10-20 00:00:00+00:00, run_after=2024-10-21 00:00:00+00:00
[2024-10-19T20:03:46.443+0000] {processor.py:183} INFO - Processing /opt/airflow/dags/marketing_dbt_transformation.py took 0.080 seconds
[2024-10-19T20:04:16.535+0000] {processor.py:161} INFO - Started process (PID=376) to work on /opt/airflow/dags/marketing_dbt_transformation.py
[2024-10-19T20:04:16.643+0000] {processor.py:830} INFO - Processing file /opt/airflow/dags/marketing_dbt_transformation.py for tasks to queue
[2024-10-19T20:04:16.645+0000] {logging_mixin.py:188} INFO - [2024-10-19T20:04:16.644+0000] {dagbag.py:540} INFO - Filling up the DagBag from /opt/airflow/dags/marketing_dbt_transformation.py
[2024-10-19T20:04:16.658+0000] {processor.py:840} INFO - DAG(s) 'dbt_dag' retrieved from /opt/airflow/dags/marketing_dbt_transformation.py
[2024-10-19T20:04:16.678+0000] {logging_mixin.py:188} INFO - [2024-10-19T20:04:16.678+0000] {dag.py:3047} INFO - Sync 1 DAGs
[2024-10-19T20:04:16.693+0000] {logging_mixin.py:188} INFO - [2024-10-19T20:04:16.693+0000] {dag.py:3834} INFO - Setting next_dagrun for dbt_dag to 2024-10-20 00:00:00+00:00, run_after=2024-10-21 00:00:00+00:00
[2024-10-19T20:04:16.710+0000] {processor.py:183} INFO - Processing /opt/airflow/dags/marketing_dbt_transformation.py took 0.178 seconds
[2024-10-19T20:04:46.821+0000] {processor.py:161} INFO - Started process (PID=381) to work on /opt/airflow/dags/marketing_dbt_transformation.py
[2024-10-19T20:04:46.822+0000] {processor.py:830} INFO - Processing file /opt/airflow/dags/marketing_dbt_transformation.py for tasks to queue
[2024-10-19T20:04:46.823+0000] {logging_mixin.py:188} INFO - [2024-10-19T20:04:46.823+0000] {dagbag.py:540} INFO - Filling up the DagBag from /opt/airflow/dags/marketing_dbt_transformation.py
[2024-10-19T20:04:46.839+0000] {processor.py:840} INFO - DAG(s) 'dbt_dag' retrieved from /opt/airflow/dags/marketing_dbt_transformation.py
[2024-10-19T20:04:46.861+0000] {logging_mixin.py:188} INFO - [2024-10-19T20:04:46.861+0000] {dag.py:3047} INFO - Sync 1 DAGs
[2024-10-19T20:04:46.881+0000] {logging_mixin.py:188} INFO - [2024-10-19T20:04:46.881+0000] {dag.py:3834} INFO - Setting next_dagrun for dbt_dag to 2024-10-20 00:00:00+00:00, run_after=2024-10-21 00:00:00+00:00
[2024-10-19T20:04:46.913+0000] {processor.py:183} INFO - Processing /opt/airflow/dags/marketing_dbt_transformation.py took 0.094 seconds
[2024-10-19T20:05:17.250+0000] {processor.py:161} INFO - Started process (PID=386) to work on /opt/airflow/dags/marketing_dbt_transformation.py
[2024-10-19T20:05:17.251+0000] {processor.py:830} INFO - Processing file /opt/airflow/dags/marketing_dbt_transformation.py for tasks to queue
[2024-10-19T20:05:17.251+0000] {logging_mixin.py:188} INFO - [2024-10-19T20:05:17.251+0000] {dagbag.py:540} INFO - Filling up the DagBag from /opt/airflow/dags/marketing_dbt_transformation.py
[2024-10-19T20:05:17.265+0000] {processor.py:840} INFO - DAG(s) 'dbt_dag' retrieved from /opt/airflow/dags/marketing_dbt_transformation.py
[2024-10-19T20:05:17.284+0000] {logging_mixin.py:188} INFO - [2024-10-19T20:05:17.284+0000] {dag.py:3047} INFO - Sync 1 DAGs
[2024-10-19T20:05:17.300+0000] {logging_mixin.py:188} INFO - [2024-10-19T20:05:17.300+0000] {dag.py:3834} INFO - Setting next_dagrun for dbt_dag to 2024-10-20 00:00:00+00:00, run_after=2024-10-21 00:00:00+00:00
[2024-10-19T20:05:17.321+0000] {processor.py:183} INFO - Processing /opt/airflow/dags/marketing_dbt_transformation.py took 0.073 seconds
[2024-10-19T20:05:47.418+0000] {processor.py:161} INFO - Started process (PID=391) to work on /opt/airflow/dags/marketing_dbt_transformation.py
[2024-10-19T20:05:47.419+0000] {processor.py:830} INFO - Processing file /opt/airflow/dags/marketing_dbt_transformation.py for tasks to queue
[2024-10-19T20:05:47.420+0000] {logging_mixin.py:188} INFO - [2024-10-19T20:05:47.420+0000] {dagbag.py:540} INFO - Filling up the DagBag from /opt/airflow/dags/marketing_dbt_transformation.py
[2024-10-19T20:05:47.434+0000] {processor.py:840} INFO - DAG(s) 'dbt_dag' retrieved from /opt/airflow/dags/marketing_dbt_transformation.py
[2024-10-19T20:05:47.457+0000] {logging_mixin.py:188} INFO - [2024-10-19T20:05:47.457+0000] {dag.py:3047} INFO - Sync 1 DAGs
[2024-10-19T20:05:47.474+0000] {logging_mixin.py:188} INFO - [2024-10-19T20:05:47.474+0000] {dag.py:3834} INFO - Setting next_dagrun for dbt_dag to 2024-10-20 00:00:00+00:00, run_after=2024-10-21 00:00:00+00:00
[2024-10-19T20:05:47.500+0000] {processor.py:183} INFO - Processing /opt/airflow/dags/marketing_dbt_transformation.py took 0.085 seconds
[2024-10-19T20:06:17.655+0000] {processor.py:161} INFO - Started process (PID=396) to work on /opt/airflow/dags/marketing_dbt_transformation.py
[2024-10-19T20:06:17.656+0000] {processor.py:830} INFO - Processing file /opt/airflow/dags/marketing_dbt_transformation.py for tasks to queue
[2024-10-19T20:06:17.657+0000] {logging_mixin.py:188} INFO - [2024-10-19T20:06:17.657+0000] {dagbag.py:540} INFO - Filling up the DagBag from /opt/airflow/dags/marketing_dbt_transformation.py
[2024-10-19T20:06:17.669+0000] {processor.py:840} INFO - DAG(s) 'dbt_dag' retrieved from /opt/airflow/dags/marketing_dbt_transformation.py
[2024-10-19T20:06:17.692+0000] {logging_mixin.py:188} INFO - [2024-10-19T20:06:17.691+0000] {dag.py:3047} INFO - Sync 1 DAGs
[2024-10-19T20:06:17.711+0000] {logging_mixin.py:188} INFO - [2024-10-19T20:06:17.710+0000] {dag.py:3834} INFO - Setting next_dagrun for dbt_dag to 2024-10-20 00:00:00+00:00, run_after=2024-10-21 00:00:00+00:00
[2024-10-19T20:06:17.725+0000] {processor.py:183} INFO - Processing /opt/airflow/dags/marketing_dbt_transformation.py took 0.072 seconds
[2024-10-19T20:06:31.741+0000] {processor.py:161} INFO - Started process (PID=401) to work on /opt/airflow/dags/marketing_dbt_transformation.py
[2024-10-19T20:06:31.742+0000] {processor.py:830} INFO - Processing file /opt/airflow/dags/marketing_dbt_transformation.py for tasks to queue
[2024-10-19T20:06:31.743+0000] {logging_mixin.py:188} INFO - [2024-10-19T20:06:31.743+0000] {dagbag.py:540} INFO - Filling up the DagBag from /opt/airflow/dags/marketing_dbt_transformation.py
[2024-10-19T20:06:31.765+0000] {processor.py:840} INFO - DAG(s) 'dbt_dag' retrieved from /opt/airflow/dags/marketing_dbt_transformation.py
[2024-10-19T20:06:31.786+0000] {logging_mixin.py:188} INFO - [2024-10-19T20:06:31.786+0000] {dag.py:3047} INFO - Sync 1 DAGs
[2024-10-19T20:06:31.804+0000] {logging_mixin.py:188} INFO - [2024-10-19T20:06:31.804+0000] {dag.py:3834} INFO - Setting next_dagrun for dbt_dag to 2024-10-20 00:00:00+00:00, run_after=2024-10-21 00:00:00+00:00
[2024-10-19T20:06:31.830+0000] {processor.py:183} INFO - Processing /opt/airflow/dags/marketing_dbt_transformation.py took 0.091 seconds
[2024-10-19T20:07:01.963+0000] {processor.py:161} INFO - Started process (PID=406) to work on /opt/airflow/dags/marketing_dbt_transformation.py
[2024-10-19T20:07:01.964+0000] {processor.py:830} INFO - Processing file /opt/airflow/dags/marketing_dbt_transformation.py for tasks to queue
[2024-10-19T20:07:01.965+0000] {logging_mixin.py:188} INFO - [2024-10-19T20:07:01.965+0000] {dagbag.py:540} INFO - Filling up the DagBag from /opt/airflow/dags/marketing_dbt_transformation.py
[2024-10-19T20:07:01.981+0000] {processor.py:840} INFO - DAG(s) 'dbt_dag' retrieved from /opt/airflow/dags/marketing_dbt_transformation.py
[2024-10-19T20:07:02.006+0000] {logging_mixin.py:188} INFO - [2024-10-19T20:07:02.006+0000] {dag.py:3047} INFO - Sync 1 DAGs
[2024-10-19T20:07:02.027+0000] {logging_mixin.py:188} INFO - [2024-10-19T20:07:02.027+0000] {dag.py:3834} INFO - Setting next_dagrun for dbt_dag to 2024-10-20 00:00:00+00:00, run_after=2024-10-21 00:00:00+00:00
[2024-10-19T20:07:02.045+0000] {processor.py:183} INFO - Processing /opt/airflow/dags/marketing_dbt_transformation.py took 0.084 seconds
[2024-10-19T20:07:32.136+0000] {processor.py:161} INFO - Started process (PID=411) to work on /opt/airflow/dags/marketing_dbt_transformation.py
[2024-10-19T20:07:32.137+0000] {processor.py:830} INFO - Processing file /opt/airflow/dags/marketing_dbt_transformation.py for tasks to queue
[2024-10-19T20:07:32.138+0000] {logging_mixin.py:188} INFO - [2024-10-19T20:07:32.137+0000] {dagbag.py:540} INFO - Filling up the DagBag from /opt/airflow/dags/marketing_dbt_transformation.py
[2024-10-19T20:07:32.155+0000] {processor.py:840} INFO - DAG(s) 'dbt_dag' retrieved from /opt/airflow/dags/marketing_dbt_transformation.py
[2024-10-19T20:07:32.179+0000] {logging_mixin.py:188} INFO - [2024-10-19T20:07:32.179+0000] {dag.py:3047} INFO - Sync 1 DAGs
[2024-10-19T20:07:32.196+0000] {logging_mixin.py:188} INFO - [2024-10-19T20:07:32.195+0000] {dag.py:3834} INFO - Setting next_dagrun for dbt_dag to 2024-10-20 00:00:00+00:00, run_after=2024-10-21 00:00:00+00:00
[2024-10-19T20:07:32.217+0000] {processor.py:183} INFO - Processing /opt/airflow/dags/marketing_dbt_transformation.py took 0.084 seconds
[2024-10-19T20:08:02.347+0000] {processor.py:161} INFO - Started process (PID=416) to work on /opt/airflow/dags/marketing_dbt_transformation.py
[2024-10-19T20:08:02.348+0000] {processor.py:830} INFO - Processing file /opt/airflow/dags/marketing_dbt_transformation.py for tasks to queue
[2024-10-19T20:08:02.349+0000] {logging_mixin.py:188} INFO - [2024-10-19T20:08:02.348+0000] {dagbag.py:540} INFO - Filling up the DagBag from /opt/airflow/dags/marketing_dbt_transformation.py
[2024-10-19T20:08:02.362+0000] {processor.py:840} INFO - DAG(s) 'dbt_dag' retrieved from /opt/airflow/dags/marketing_dbt_transformation.py
[2024-10-19T20:08:02.383+0000] {logging_mixin.py:188} INFO - [2024-10-19T20:08:02.383+0000] {dag.py:3047} INFO - Sync 1 DAGs
[2024-10-19T20:08:02.399+0000] {logging_mixin.py:188} INFO - [2024-10-19T20:08:02.399+0000] {dag.py:3834} INFO - Setting next_dagrun for dbt_dag to 2024-10-20 00:00:00+00:00, run_after=2024-10-21 00:00:00+00:00
[2024-10-19T20:08:02.424+0000] {processor.py:183} INFO - Processing /opt/airflow/dags/marketing_dbt_transformation.py took 0.079 seconds
[2024-10-19T20:08:32.517+0000] {processor.py:161} INFO - Started process (PID=421) to work on /opt/airflow/dags/marketing_dbt_transformation.py
[2024-10-19T20:08:32.518+0000] {processor.py:830} INFO - Processing file /opt/airflow/dags/marketing_dbt_transformation.py for tasks to queue
[2024-10-19T20:08:32.519+0000] {logging_mixin.py:188} INFO - [2024-10-19T20:08:32.519+0000] {dagbag.py:540} INFO - Filling up the DagBag from /opt/airflow/dags/marketing_dbt_transformation.py
[2024-10-19T20:08:32.536+0000] {processor.py:840} INFO - DAG(s) 'dbt_dag' retrieved from /opt/airflow/dags/marketing_dbt_transformation.py
[2024-10-19T20:08:32.561+0000] {logging_mixin.py:188} INFO - [2024-10-19T20:08:32.561+0000] {dag.py:3047} INFO - Sync 1 DAGs
[2024-10-19T20:08:32.580+0000] {logging_mixin.py:188} INFO - [2024-10-19T20:08:32.579+0000] {dag.py:3834} INFO - Setting next_dagrun for dbt_dag to 2024-10-20 00:00:00+00:00, run_after=2024-10-21 00:00:00+00:00
[2024-10-19T20:08:32.599+0000] {processor.py:183} INFO - Processing /opt/airflow/dags/marketing_dbt_transformation.py took 0.084 seconds
[2024-10-19T20:09:02.739+0000] {processor.py:161} INFO - Started process (PID=426) to work on /opt/airflow/dags/marketing_dbt_transformation.py
[2024-10-19T20:09:02.739+0000] {processor.py:830} INFO - Processing file /opt/airflow/dags/marketing_dbt_transformation.py for tasks to queue
[2024-10-19T20:09:02.740+0000] {logging_mixin.py:188} INFO - [2024-10-19T20:09:02.740+0000] {dagbag.py:540} INFO - Filling up the DagBag from /opt/airflow/dags/marketing_dbt_transformation.py
[2024-10-19T20:09:02.754+0000] {processor.py:840} INFO - DAG(s) 'dbt_dag' retrieved from /opt/airflow/dags/marketing_dbt_transformation.py
[2024-10-19T20:09:02.772+0000] {logging_mixin.py:188} INFO - [2024-10-19T20:09:02.772+0000] {dag.py:3047} INFO - Sync 1 DAGs
[2024-10-19T20:09:02.789+0000] {logging_mixin.py:188} INFO - [2024-10-19T20:09:02.788+0000] {dag.py:3834} INFO - Setting next_dagrun for dbt_dag to 2024-10-20 00:00:00+00:00, run_after=2024-10-21 00:00:00+00:00
[2024-10-19T20:09:02.805+0000] {processor.py:183} INFO - Processing /opt/airflow/dags/marketing_dbt_transformation.py took 0.069 seconds
[2024-10-19T20:09:20.848+0000] {processor.py:161} INFO - Started process (PID=431) to work on /opt/airflow/dags/marketing_dbt_transformation.py
[2024-10-19T20:09:20.849+0000] {processor.py:830} INFO - Processing file /opt/airflow/dags/marketing_dbt_transformation.py for tasks to queue
[2024-10-19T20:09:20.850+0000] {logging_mixin.py:188} INFO - [2024-10-19T20:09:20.850+0000] {dagbag.py:540} INFO - Filling up the DagBag from /opt/airflow/dags/marketing_dbt_transformation.py
[2024-10-19T20:09:20.871+0000] {processor.py:840} INFO - DAG(s) 'dbt_dag' retrieved from /opt/airflow/dags/marketing_dbt_transformation.py
[2024-10-19T20:09:20.891+0000] {logging_mixin.py:188} INFO - [2024-10-19T20:09:20.891+0000] {dag.py:3047} INFO - Sync 1 DAGs
[2024-10-19T20:09:20.907+0000] {logging_mixin.py:188} INFO - [2024-10-19T20:09:20.907+0000] {dag.py:3834} INFO - Setting next_dagrun for dbt_dag to 2024-10-20 00:00:00+00:00, run_after=2024-10-21 00:00:00+00:00
[2024-10-19T20:09:20.932+0000] {processor.py:183} INFO - Processing /opt/airflow/dags/marketing_dbt_transformation.py took 0.086 seconds
[2024-10-19T20:09:51.072+0000] {processor.py:161} INFO - Started process (PID=436) to work on /opt/airflow/dags/marketing_dbt_transformation.py
[2024-10-19T20:09:51.073+0000] {processor.py:830} INFO - Processing file /opt/airflow/dags/marketing_dbt_transformation.py for tasks to queue
[2024-10-19T20:09:51.074+0000] {logging_mixin.py:188} INFO - [2024-10-19T20:09:51.073+0000] {dagbag.py:540} INFO - Filling up the DagBag from /opt/airflow/dags/marketing_dbt_transformation.py
[2024-10-19T20:09:51.093+0000] {processor.py:840} INFO - DAG(s) 'dbt_dag' retrieved from /opt/airflow/dags/marketing_dbt_transformation.py
[2024-10-19T20:09:51.118+0000] {logging_mixin.py:188} INFO - [2024-10-19T20:09:51.117+0000] {dag.py:3047} INFO - Sync 1 DAGs
[2024-10-19T20:09:51.138+0000] {logging_mixin.py:188} INFO - [2024-10-19T20:09:51.138+0000] {dag.py:3834} INFO - Setting next_dagrun for dbt_dag to 2024-10-20 00:00:00+00:00, run_after=2024-10-21 00:00:00+00:00
[2024-10-19T20:09:51.160+0000] {processor.py:183} INFO - Processing /opt/airflow/dags/marketing_dbt_transformation.py took 0.091 seconds
[2024-10-19T20:10:21.865+0000] {processor.py:161} INFO - Started process (PID=441) to work on /opt/airflow/dags/marketing_dbt_transformation.py
[2024-10-19T20:10:21.867+0000] {processor.py:830} INFO - Processing file /opt/airflow/dags/marketing_dbt_transformation.py for tasks to queue
[2024-10-19T20:10:21.869+0000] {logging_mixin.py:188} INFO - [2024-10-19T20:10:21.868+0000] {dagbag.py:540} INFO - Filling up the DagBag from /opt/airflow/dags/marketing_dbt_transformation.py
[2024-10-19T20:10:21.930+0000] {processor.py:840} INFO - DAG(s) 'dbt_dag' retrieved from /opt/airflow/dags/marketing_dbt_transformation.py
[2024-10-19T20:10:22.160+0000] {logging_mixin.py:188} INFO - [2024-10-19T20:10:22.160+0000] {dag.py:3047} INFO - Sync 1 DAGs
[2024-10-19T20:10:22.232+0000] {logging_mixin.py:188} INFO - [2024-10-19T20:10:22.231+0000] {dag.py:3834} INFO - Setting next_dagrun for dbt_dag to 2024-10-20 00:00:00+00:00, run_after=2024-10-21 00:00:00+00:00
[2024-10-19T20:10:22.322+0000] {processor.py:183} INFO - Processing /opt/airflow/dags/marketing_dbt_transformation.py took 0.499 seconds
[2024-10-19T20:10:52.497+0000] {processor.py:161} INFO - Started process (PID=446) to work on /opt/airflow/dags/marketing_dbt_transformation.py
[2024-10-19T20:10:52.498+0000] {processor.py:830} INFO - Processing file /opt/airflow/dags/marketing_dbt_transformation.py for tasks to queue
[2024-10-19T20:10:52.499+0000] {logging_mixin.py:188} INFO - [2024-10-19T20:10:52.499+0000] {dagbag.py:540} INFO - Filling up the DagBag from /opt/airflow/dags/marketing_dbt_transformation.py
[2024-10-19T20:10:52.529+0000] {processor.py:840} INFO - DAG(s) 'dbt_dag' retrieved from /opt/airflow/dags/marketing_dbt_transformation.py
[2024-10-19T20:10:52.568+0000] {logging_mixin.py:188} INFO - [2024-10-19T20:10:52.568+0000] {dag.py:3047} INFO - Sync 1 DAGs
[2024-10-19T20:10:52.607+0000] {logging_mixin.py:188} INFO - [2024-10-19T20:10:52.607+0000] {dag.py:3834} INFO - Setting next_dagrun for dbt_dag to 2024-10-20 00:00:00+00:00, run_after=2024-10-21 00:00:00+00:00
[2024-10-19T20:10:52.670+0000] {processor.py:183} INFO - Processing /opt/airflow/dags/marketing_dbt_transformation.py took 0.177 seconds
[2024-10-19T20:10:56.537+0000] {processor.py:161} INFO - Started process (PID=451) to work on /opt/airflow/dags/marketing_dbt_transformation.py
[2024-10-19T20:10:56.537+0000] {processor.py:830} INFO - Processing file /opt/airflow/dags/marketing_dbt_transformation.py for tasks to queue
[2024-10-19T20:10:56.538+0000] {logging_mixin.py:188} INFO - [2024-10-19T20:10:56.538+0000] {dagbag.py:540} INFO - Filling up the DagBag from /opt/airflow/dags/marketing_dbt_transformation.py
[2024-10-19T20:10:56.560+0000] {processor.py:840} INFO - DAG(s) 'dbt_dag' retrieved from /opt/airflow/dags/marketing_dbt_transformation.py
[2024-10-19T20:10:57.002+0000] {logging_mixin.py:188} INFO - [2024-10-19T20:10:57.002+0000] {dag.py:3047} INFO - Sync 1 DAGs
[2024-10-19T20:10:57.026+0000] {logging_mixin.py:188} INFO - [2024-10-19T20:10:57.025+0000] {dag.py:3834} INFO - Setting next_dagrun for dbt_dag to 2024-10-20 00:00:00+00:00, run_after=2024-10-21 00:00:00+00:00
[2024-10-19T20:10:57.733+0000] {processor.py:183} INFO - Processing /opt/airflow/dags/marketing_dbt_transformation.py took 1.199 seconds
[2024-10-19T20:11:28.549+0000] {processor.py:161} INFO - Started process (PID=456) to work on /opt/airflow/dags/marketing_dbt_transformation.py
[2024-10-19T20:11:28.550+0000] {processor.py:830} INFO - Processing file /opt/airflow/dags/marketing_dbt_transformation.py for tasks to queue
[2024-10-19T20:11:28.551+0000] {logging_mixin.py:188} INFO - [2024-10-19T20:11:28.551+0000] {dagbag.py:540} INFO - Filling up the DagBag from /opt/airflow/dags/marketing_dbt_transformation.py
[2024-10-19T20:11:28.589+0000] {processor.py:840} INFO - DAG(s) 'dbt_dag' retrieved from /opt/airflow/dags/marketing_dbt_transformation.py
[2024-10-19T20:11:28.632+0000] {logging_mixin.py:188} INFO - [2024-10-19T20:11:28.632+0000] {dag.py:3047} INFO - Sync 1 DAGs
[2024-10-19T20:11:28.656+0000] {logging_mixin.py:188} INFO - [2024-10-19T20:11:28.656+0000] {dag.py:3834} INFO - Setting next_dagrun for dbt_dag to 2024-10-20 00:00:00+00:00, run_after=2024-10-21 00:00:00+00:00
[2024-10-19T20:11:28.682+0000] {processor.py:183} INFO - Processing /opt/airflow/dags/marketing_dbt_transformation.py took 0.137 seconds
[2024-10-19T20:11:58.953+0000] {processor.py:161} INFO - Started process (PID=461) to work on /opt/airflow/dags/marketing_dbt_transformation.py
[2024-10-19T20:11:58.955+0000] {processor.py:830} INFO - Processing file /opt/airflow/dags/marketing_dbt_transformation.py for tasks to queue
[2024-10-19T20:11:58.956+0000] {logging_mixin.py:188} INFO - [2024-10-19T20:11:58.956+0000] {dagbag.py:540} INFO - Filling up the DagBag from /opt/airflow/dags/marketing_dbt_transformation.py
[2024-10-19T20:11:58.984+0000] {processor.py:840} INFO - DAG(s) 'dbt_dag' retrieved from /opt/airflow/dags/marketing_dbt_transformation.py
[2024-10-19T20:11:59.041+0000] {logging_mixin.py:188} INFO - [2024-10-19T20:11:59.041+0000] {dag.py:3047} INFO - Sync 1 DAGs
[2024-10-19T20:11:59.073+0000] {logging_mixin.py:188} INFO - [2024-10-19T20:11:59.072+0000] {dag.py:3834} INFO - Setting next_dagrun for dbt_dag to 2024-10-20 00:00:00+00:00, run_after=2024-10-21 00:00:00+00:00
[2024-10-19T20:11:59.304+0000] {processor.py:183} INFO - Processing /opt/airflow/dags/marketing_dbt_transformation.py took 0.354 seconds
[2024-10-19T20:12:29.482+0000] {processor.py:161} INFO - Started process (PID=466) to work on /opt/airflow/dags/marketing_dbt_transformation.py
[2024-10-19T20:12:29.554+0000] {processor.py:830} INFO - Processing file /opt/airflow/dags/marketing_dbt_transformation.py for tasks to queue
[2024-10-19T20:12:29.555+0000] {logging_mixin.py:188} INFO - [2024-10-19T20:12:29.555+0000] {dagbag.py:540} INFO - Filling up the DagBag from /opt/airflow/dags/marketing_dbt_transformation.py
[2024-10-19T20:12:29.574+0000] {processor.py:840} INFO - DAG(s) 'dbt_dag' retrieved from /opt/airflow/dags/marketing_dbt_transformation.py
[2024-10-19T20:12:29.610+0000] {logging_mixin.py:188} INFO - [2024-10-19T20:12:29.610+0000] {dag.py:3047} INFO - Sync 1 DAGs
[2024-10-19T20:12:29.628+0000] {logging_mixin.py:188} INFO - [2024-10-19T20:12:29.628+0000] {dag.py:3834} INFO - Setting next_dagrun for dbt_dag to 2024-10-20 00:00:00+00:00, run_after=2024-10-21 00:00:00+00:00
[2024-10-19T20:12:29.661+0000] {processor.py:183} INFO - Processing /opt/airflow/dags/marketing_dbt_transformation.py took 0.190 seconds
[2024-10-19T20:13:01.469+0000] {processor.py:161} INFO - Started process (PID=471) to work on /opt/airflow/dags/marketing_dbt_transformation.py
[2024-10-19T20:13:01.832+0000] {processor.py:830} INFO - Processing file /opt/airflow/dags/marketing_dbt_transformation.py for tasks to queue
[2024-10-19T20:13:02.084+0000] {logging_mixin.py:188} INFO - [2024-10-19T20:13:02.029+0000] {dagbag.py:540} INFO - Filling up the DagBag from /opt/airflow/dags/marketing_dbt_transformation.py
[2024-10-19T20:13:05.239+0000] {processor.py:840} INFO - DAG(s) 'dbt_dag' retrieved from /opt/airflow/dags/marketing_dbt_transformation.py
[2024-10-19T20:13:08.178+0000] {logging_mixin.py:188} INFO - [2024-10-19T20:13:08.178+0000] {dag.py:3047} INFO - Sync 1 DAGs
[2024-10-19T20:13:08.689+0000] {logging_mixin.py:188} INFO - [2024-10-19T20:13:08.689+0000] {dag.py:3834} INFO - Setting next_dagrun for dbt_dag to 2024-10-20 00:00:00+00:00, run_after=2024-10-21 00:00:00+00:00
[2024-10-19T20:13:09.285+0000] {processor.py:183} INFO - Processing /opt/airflow/dags/marketing_dbt_transformation.py took 7.909 seconds
[2024-10-19T20:13:39.833+0000] {processor.py:161} INFO - Started process (PID=476) to work on /opt/airflow/dags/marketing_dbt_transformation.py
[2024-10-19T20:13:39.841+0000] {processor.py:830} INFO - Processing file /opt/airflow/dags/marketing_dbt_transformation.py for tasks to queue
[2024-10-19T20:13:40.012+0000] {logging_mixin.py:188} INFO - [2024-10-19T20:13:39.843+0000] {dagbag.py:540} INFO - Filling up the DagBag from /opt/airflow/dags/marketing_dbt_transformation.py
[2024-10-19T20:13:40.369+0000] {processor.py:840} INFO - DAG(s) 'dbt_dag' retrieved from /opt/airflow/dags/marketing_dbt_transformation.py
[2024-10-19T20:13:40.709+0000] {logging_mixin.py:188} INFO - [2024-10-19T20:13:40.709+0000] {dag.py:3047} INFO - Sync 1 DAGs
[2024-10-19T20:13:41.102+0000] {logging_mixin.py:188} INFO - [2024-10-19T20:13:41.102+0000] {dag.py:3834} INFO - Setting next_dagrun for dbt_dag to 2024-10-20 00:00:00+00:00, run_after=2024-10-21 00:00:00+00:00
[2024-10-19T20:13:41.305+0000] {processor.py:183} INFO - Processing /opt/airflow/dags/marketing_dbt_transformation.py took 1.665 seconds
[2024-10-19T20:14:11.363+0000] {processor.py:161} INFO - Started process (PID=481) to work on /opt/airflow/dags/marketing_dbt_transformation.py
[2024-10-19T20:14:11.365+0000] {processor.py:830} INFO - Processing file /opt/airflow/dags/marketing_dbt_transformation.py for tasks to queue
[2024-10-19T20:14:11.366+0000] {logging_mixin.py:188} INFO - [2024-10-19T20:14:11.366+0000] {dagbag.py:540} INFO - Filling up the DagBag from /opt/airflow/dags/marketing_dbt_transformation.py
[2024-10-19T20:14:11.384+0000] {processor.py:840} INFO - DAG(s) 'dbt_dag' retrieved from /opt/airflow/dags/marketing_dbt_transformation.py
[2024-10-19T20:14:11.410+0000] {logging_mixin.py:188} INFO - [2024-10-19T20:14:11.410+0000] {dag.py:3047} INFO - Sync 1 DAGs
[2024-10-19T20:14:11.431+0000] {logging_mixin.py:188} INFO - [2024-10-19T20:14:11.431+0000] {dag.py:3834} INFO - Setting next_dagrun for dbt_dag to 2024-10-20 00:00:00+00:00, run_after=2024-10-21 00:00:00+00:00
[2024-10-19T20:14:11.446+0000] {processor.py:183} INFO - Processing /opt/airflow/dags/marketing_dbt_transformation.py took 0.087 seconds
[2024-10-19T20:14:41.643+0000] {processor.py:161} INFO - Started process (PID=486) to work on /opt/airflow/dags/marketing_dbt_transformation.py
[2024-10-19T20:14:41.645+0000] {processor.py:830} INFO - Processing file /opt/airflow/dags/marketing_dbt_transformation.py for tasks to queue
[2024-10-19T20:14:41.646+0000] {logging_mixin.py:188} INFO - [2024-10-19T20:14:41.645+0000] {dagbag.py:540} INFO - Filling up the DagBag from /opt/airflow/dags/marketing_dbt_transformation.py
[2024-10-19T20:14:41.666+0000] {processor.py:840} INFO - DAG(s) 'dbt_dag' retrieved from /opt/airflow/dags/marketing_dbt_transformation.py
[2024-10-19T20:14:41.704+0000] {logging_mixin.py:188} INFO - [2024-10-19T20:14:41.704+0000] {dag.py:3047} INFO - Sync 1 DAGs
[2024-10-19T20:14:41.726+0000] {logging_mixin.py:188} INFO - [2024-10-19T20:14:41.726+0000] {dag.py:3834} INFO - Setting next_dagrun for dbt_dag to 2024-10-20 00:00:00+00:00, run_after=2024-10-21 00:00:00+00:00
[2024-10-19T20:14:41.748+0000] {processor.py:183} INFO - Processing /opt/airflow/dags/marketing_dbt_transformation.py took 0.109 seconds
[2024-10-19T20:15:11.813+0000] {processor.py:161} INFO - Started process (PID=491) to work on /opt/airflow/dags/marketing_dbt_transformation.py
[2024-10-19T20:15:11.814+0000] {processor.py:830} INFO - Processing file /opt/airflow/dags/marketing_dbt_transformation.py for tasks to queue
[2024-10-19T20:15:11.815+0000] {logging_mixin.py:188} INFO - [2024-10-19T20:15:11.815+0000] {dagbag.py:540} INFO - Filling up the DagBag from /opt/airflow/dags/marketing_dbt_transformation.py
[2024-10-19T20:15:11.830+0000] {processor.py:840} INFO - DAG(s) 'dbt_dag' retrieved from /opt/airflow/dags/marketing_dbt_transformation.py
[2024-10-19T20:15:11.855+0000] {logging_mixin.py:188} INFO - [2024-10-19T20:15:11.855+0000] {dag.py:3047} INFO - Sync 1 DAGs
[2024-10-19T20:15:11.876+0000] {logging_mixin.py:188} INFO - [2024-10-19T20:15:11.876+0000] {dag.py:3834} INFO - Setting next_dagrun for dbt_dag to 2024-10-20 00:00:00+00:00, run_after=2024-10-21 00:00:00+00:00
[2024-10-19T20:15:11.896+0000] {processor.py:183} INFO - Processing /opt/airflow/dags/marketing_dbt_transformation.py took 0.085 seconds
[2024-10-19T20:15:42.072+0000] {processor.py:161} INFO - Started process (PID=496) to work on /opt/airflow/dags/marketing_dbt_transformation.py
[2024-10-19T20:15:42.073+0000] {processor.py:830} INFO - Processing file /opt/airflow/dags/marketing_dbt_transformation.py for tasks to queue
[2024-10-19T20:15:42.074+0000] {logging_mixin.py:188} INFO - [2024-10-19T20:15:42.074+0000] {dagbag.py:540} INFO - Filling up the DagBag from /opt/airflow/dags/marketing_dbt_transformation.py
[2024-10-19T20:15:42.089+0000] {processor.py:840} INFO - DAG(s) 'dbt_dag' retrieved from /opt/airflow/dags/marketing_dbt_transformation.py
[2024-10-19T20:15:42.110+0000] {logging_mixin.py:188} INFO - [2024-10-19T20:15:42.110+0000] {dag.py:3047} INFO - Sync 1 DAGs
[2024-10-19T20:15:42.134+0000] {logging_mixin.py:188} INFO - [2024-10-19T20:15:42.134+0000] {dag.py:3834} INFO - Setting next_dagrun for dbt_dag to 2024-10-20 00:00:00+00:00, run_after=2024-10-21 00:00:00+00:00
[2024-10-19T20:15:42.151+0000] {processor.py:183} INFO - Processing /opt/airflow/dags/marketing_dbt_transformation.py took 0.081 seconds
[2024-10-19T20:16:12.271+0000] {processor.py:161} INFO - Started process (PID=501) to work on /opt/airflow/dags/marketing_dbt_transformation.py
[2024-10-19T20:16:12.272+0000] {processor.py:830} INFO - Processing file /opt/airflow/dags/marketing_dbt_transformation.py for tasks to queue
[2024-10-19T20:16:12.273+0000] {logging_mixin.py:188} INFO - [2024-10-19T20:16:12.272+0000] {dagbag.py:540} INFO - Filling up the DagBag from /opt/airflow/dags/marketing_dbt_transformation.py
[2024-10-19T20:16:12.287+0000] {processor.py:840} INFO - DAG(s) 'dbt_dag' retrieved from /opt/airflow/dags/marketing_dbt_transformation.py
[2024-10-19T20:16:12.308+0000] {logging_mixin.py:188} INFO - [2024-10-19T20:16:12.308+0000] {dag.py:3047} INFO - Sync 1 DAGs
[2024-10-19T20:16:12.323+0000] {logging_mixin.py:188} INFO - [2024-10-19T20:16:12.323+0000] {dag.py:3834} INFO - Setting next_dagrun for dbt_dag to 2024-10-20 00:00:00+00:00, run_after=2024-10-21 00:00:00+00:00
[2024-10-19T20:16:12.338+0000] {processor.py:183} INFO - Processing /opt/airflow/dags/marketing_dbt_transformation.py took 0.070 seconds
[2024-10-19T20:16:42.458+0000] {processor.py:161} INFO - Started process (PID=506) to work on /opt/airflow/dags/marketing_dbt_transformation.py
[2024-10-19T20:16:42.459+0000] {processor.py:830} INFO - Processing file /opt/airflow/dags/marketing_dbt_transformation.py for tasks to queue
[2024-10-19T20:16:42.460+0000] {logging_mixin.py:188} INFO - [2024-10-19T20:16:42.460+0000] {dagbag.py:540} INFO - Filling up the DagBag from /opt/airflow/dags/marketing_dbt_transformation.py
[2024-10-19T20:16:42.474+0000] {processor.py:840} INFO - DAG(s) 'dbt_dag' retrieved from /opt/airflow/dags/marketing_dbt_transformation.py
[2024-10-19T20:16:42.495+0000] {logging_mixin.py:188} INFO - [2024-10-19T20:16:42.495+0000] {dag.py:3047} INFO - Sync 1 DAGs
[2024-10-19T20:16:42.512+0000] {logging_mixin.py:188} INFO - [2024-10-19T20:16:42.511+0000] {dag.py:3834} INFO - Setting next_dagrun for dbt_dag to 2024-10-20 00:00:00+00:00, run_after=2024-10-21 00:00:00+00:00
[2024-10-19T20:16:42.526+0000] {processor.py:183} INFO - Processing /opt/airflow/dags/marketing_dbt_transformation.py took 0.071 seconds
[2024-10-19T20:17:00.598+0000] {processor.py:161} INFO - Started process (PID=511) to work on /opt/airflow/dags/marketing_dbt_transformation.py
[2024-10-19T20:17:00.599+0000] {processor.py:830} INFO - Processing file /opt/airflow/dags/marketing_dbt_transformation.py for tasks to queue
[2024-10-19T20:17:00.600+0000] {logging_mixin.py:188} INFO - [2024-10-19T20:17:00.600+0000] {dagbag.py:540} INFO - Filling up the DagBag from /opt/airflow/dags/marketing_dbt_transformation.py
[2024-10-19T20:17:00.626+0000] {logging_mixin.py:188} INFO - [2024-10-19T20:17:00.621+0000] {dagbag.py:350} ERROR - Failed to import: /opt/airflow/dags/marketing_dbt_transformation.py
Traceback (most recent call last):
  File "/home/airflow/.local/lib/python3.9/site-packages/airflow/models/dagbag.py", line 346, in parse
    loader.exec_module(new_module)
  File "<frozen importlib._bootstrap_external>", line 850, in exec_module
  File "<frozen importlib._bootstrap>", line 228, in _call_with_frames_removed
  File "/opt/airflow/dags/marketing_dbt_transformation.py", line 27, in <module>
    app_related_staging
NameError: name 'app_related_staging' is not defined
[2024-10-19T20:17:00.627+0000] {processor.py:842} WARNING - No viable dags retrieved from /opt/airflow/dags/marketing_dbt_transformation.py
[2024-10-19T20:17:00.656+0000] {processor.py:183} INFO - Processing /opt/airflow/dags/marketing_dbt_transformation.py took 0.061 seconds
[2024-10-19T20:17:02.640+0000] {processor.py:161} INFO - Started process (PID=516) to work on /opt/airflow/dags/marketing_dbt_transformation.py
[2024-10-19T20:17:02.641+0000] {processor.py:830} INFO - Processing file /opt/airflow/dags/marketing_dbt_transformation.py for tasks to queue
[2024-10-19T20:17:02.642+0000] {logging_mixin.py:188} INFO - [2024-10-19T20:17:02.641+0000] {dagbag.py:540} INFO - Filling up the DagBag from /opt/airflow/dags/marketing_dbt_transformation.py
[2024-10-19T20:17:02.661+0000] {logging_mixin.py:188} INFO - [2024-10-19T20:17:02.659+0000] {dagbag.py:350} ERROR - Failed to import: /opt/airflow/dags/marketing_dbt_transformation.py
Traceback (most recent call last):
  File "/home/airflow/.local/lib/python3.9/site-packages/airflow/models/dagbag.py", line 346, in parse
    loader.exec_module(new_module)
  File "<frozen importlib._bootstrap_external>", line 850, in exec_module
  File "<frozen importlib._bootstrap>", line 228, in _call_with_frames_removed
  File "/opt/airflow/dags/marketing_dbt_transformation.py", line 27, in <module>
    app_related_staging
NameError: name 'app_related_staging' is not defined
[2024-10-19T20:17:02.662+0000] {processor.py:842} WARNING - No viable dags retrieved from /opt/airflow/dags/marketing_dbt_transformation.py
[2024-10-19T20:17:02.687+0000] {processor.py:183} INFO - Processing /opt/airflow/dags/marketing_dbt_transformation.py took 0.050 seconds
[2024-10-19T20:17:09.739+0000] {processor.py:161} INFO - Started process (PID=521) to work on /opt/airflow/dags/marketing_dbt_transformation.py
[2024-10-19T20:17:09.739+0000] {processor.py:830} INFO - Processing file /opt/airflow/dags/marketing_dbt_transformation.py for tasks to queue
[2024-10-19T20:17:09.740+0000] {logging_mixin.py:188} INFO - [2024-10-19T20:17:09.740+0000] {dagbag.py:540} INFO - Filling up the DagBag from /opt/airflow/dags/marketing_dbt_transformation.py
[2024-10-19T20:17:09.760+0000] {logging_mixin.py:188} INFO - [2024-10-19T20:17:09.757+0000] {dagbag.py:350} ERROR - Failed to import: /opt/airflow/dags/marketing_dbt_transformation.py
Traceback (most recent call last):
  File "/home/airflow/.local/lib/python3.9/site-packages/airflow/models/dagbag.py", line 346, in parse
    loader.exec_module(new_module)
  File "<frozen importlib._bootstrap_external>", line 850, in exec_module
  File "<frozen importlib._bootstrap>", line 228, in _call_with_frames_removed
  File "/opt/airflow/dags/marketing_dbt_transformation.py", line 27, in <module>
    dbt_test > dbt_run
  File "/home/airflow/.local/lib/python3.9/site-packages/airflow/models/baseoperator.py", line 1023, in __gt__
    raise TypeError(f"Left hand side ({obj}) is not an outlet")
TypeError: Left hand side (<Task(BashOperator): dbt_run>) is not an outlet
[2024-10-19T20:17:09.761+0000] {processor.py:842} WARNING - No viable dags retrieved from /opt/airflow/dags/marketing_dbt_transformation.py
[2024-10-19T20:17:09.780+0000] {processor.py:183} INFO - Processing /opt/airflow/dags/marketing_dbt_transformation.py took 0.044 seconds
[2024-10-19T20:17:17.801+0000] {processor.py:161} INFO - Started process (PID=526) to work on /opt/airflow/dags/marketing_dbt_transformation.py
[2024-10-19T20:17:17.801+0000] {processor.py:830} INFO - Processing file /opt/airflow/dags/marketing_dbt_transformation.py for tasks to queue
[2024-10-19T20:17:17.802+0000] {logging_mixin.py:188} INFO - [2024-10-19T20:17:17.802+0000] {dagbag.py:540} INFO - Filling up the DagBag from /opt/airflow/dags/marketing_dbt_transformation.py
[2024-10-19T20:17:17.826+0000] {processor.py:840} INFO - DAG(s) 'dbt_dag' retrieved from /opt/airflow/dags/marketing_dbt_transformation.py
[2024-10-19T20:17:18.065+0000] {logging_mixin.py:188} INFO - [2024-10-19T20:17:18.065+0000] {dag.py:3047} INFO - Sync 1 DAGs
[2024-10-19T20:17:18.090+0000] {logging_mixin.py:188} INFO - [2024-10-19T20:17:18.090+0000] {dag.py:3834} INFO - Setting next_dagrun for dbt_dag to 2024-10-20 00:00:00+00:00, run_after=2024-10-21 00:00:00+00:00
[2024-10-19T20:17:18.129+0000] {processor.py:183} INFO - Processing /opt/airflow/dags/marketing_dbt_transformation.py took 0.332 seconds
[2024-10-19T20:17:48.293+0000] {processor.py:161} INFO - Started process (PID=531) to work on /opt/airflow/dags/marketing_dbt_transformation.py
[2024-10-19T20:17:48.294+0000] {processor.py:830} INFO - Processing file /opt/airflow/dags/marketing_dbt_transformation.py for tasks to queue
[2024-10-19T20:17:48.295+0000] {logging_mixin.py:188} INFO - [2024-10-19T20:17:48.295+0000] {dagbag.py:540} INFO - Filling up the DagBag from /opt/airflow/dags/marketing_dbt_transformation.py
[2024-10-19T20:17:48.311+0000] {processor.py:840} INFO - DAG(s) 'dbt_dag' retrieved from /opt/airflow/dags/marketing_dbt_transformation.py
[2024-10-19T20:17:48.333+0000] {logging_mixin.py:188} INFO - [2024-10-19T20:17:48.333+0000] {dag.py:3047} INFO - Sync 1 DAGs
[2024-10-19T20:17:48.350+0000] {logging_mixin.py:188} INFO - [2024-10-19T20:17:48.350+0000] {dag.py:3834} INFO - Setting next_dagrun for dbt_dag to 2024-10-20 00:00:00+00:00, run_after=2024-10-21 00:00:00+00:00
[2024-10-19T20:17:48.365+0000] {processor.py:183} INFO - Processing /opt/airflow/dags/marketing_dbt_transformation.py took 0.074 seconds
[2024-10-19T20:18:13.450+0000] {processor.py:161} INFO - Started process (PID=536) to work on /opt/airflow/dags/marketing_dbt_transformation.py
[2024-10-19T20:18:13.450+0000] {processor.py:830} INFO - Processing file /opt/airflow/dags/marketing_dbt_transformation.py for tasks to queue
[2024-10-19T20:18:13.451+0000] {logging_mixin.py:188} INFO - [2024-10-19T20:18:13.451+0000] {dagbag.py:540} INFO - Filling up the DagBag from /opt/airflow/dags/marketing_dbt_transformation.py
[2024-10-19T20:18:13.471+0000] {processor.py:840} INFO - DAG(s) 'dbt_dag' retrieved from /opt/airflow/dags/marketing_dbt_transformation.py
[2024-10-19T20:18:13.552+0000] {logging_mixin.py:188} INFO - [2024-10-19T20:18:13.551+0000] {dag.py:3047} INFO - Sync 1 DAGs
[2024-10-19T20:18:13.569+0000] {logging_mixin.py:188} INFO - [2024-10-19T20:18:13.569+0000] {dag.py:3834} INFO - Setting next_dagrun for dbt_dag to 2024-10-20 00:00:00+00:00, run_after=2024-10-21 00:00:00+00:00
[2024-10-19T20:18:13.590+0000] {processor.py:183} INFO - Processing /opt/airflow/dags/marketing_dbt_transformation.py took 0.143 seconds
[2024-10-19T20:18:43.662+0000] {processor.py:161} INFO - Started process (PID=541) to work on /opt/airflow/dags/marketing_dbt_transformation.py
[2024-10-19T20:18:43.663+0000] {processor.py:830} INFO - Processing file /opt/airflow/dags/marketing_dbt_transformation.py for tasks to queue
[2024-10-19T20:18:43.664+0000] {logging_mixin.py:188} INFO - [2024-10-19T20:18:43.664+0000] {dagbag.py:540} INFO - Filling up the DagBag from /opt/airflow/dags/marketing_dbt_transformation.py
[2024-10-19T20:18:43.682+0000] {processor.py:840} INFO - DAG(s) 'dbt_dag' retrieved from /opt/airflow/dags/marketing_dbt_transformation.py
[2024-10-19T20:18:43.703+0000] {logging_mixin.py:188} INFO - [2024-10-19T20:18:43.703+0000] {dag.py:3047} INFO - Sync 1 DAGs
[2024-10-19T20:18:43.719+0000] {logging_mixin.py:188} INFO - [2024-10-19T20:18:43.719+0000] {dag.py:3834} INFO - Setting next_dagrun for dbt_dag to 2024-10-20 00:00:00+00:00, run_after=2024-10-21 00:00:00+00:00
[2024-10-19T20:18:43.735+0000] {processor.py:183} INFO - Processing /opt/airflow/dags/marketing_dbt_transformation.py took 0.075 seconds
[2024-10-19T20:18:46.769+0000] {processor.py:161} INFO - Started process (PID=546) to work on /opt/airflow/dags/marketing_dbt_transformation.py
[2024-10-19T20:18:46.770+0000] {processor.py:830} INFO - Processing file /opt/airflow/dags/marketing_dbt_transformation.py for tasks to queue
[2024-10-19T20:18:46.771+0000] {logging_mixin.py:188} INFO - [2024-10-19T20:18:46.771+0000] {dagbag.py:540} INFO - Filling up the DagBag from /opt/airflow/dags/marketing_dbt_transformation.py
[2024-10-19T20:18:46.794+0000] {processor.py:840} INFO - DAG(s) 'dbt_dag' retrieved from /opt/airflow/dags/marketing_dbt_transformation.py
[2024-10-19T20:18:46.817+0000] {logging_mixin.py:188} INFO - [2024-10-19T20:18:46.817+0000] {dag.py:3047} INFO - Sync 1 DAGs
[2024-10-19T20:18:46.834+0000] {logging_mixin.py:188} INFO - [2024-10-19T20:18:46.834+0000] {dag.py:3834} INFO - Setting next_dagrun for dbt_dag to 2024-10-20 00:00:00+00:00, run_after=2024-10-21 00:00:00+00:00
[2024-10-19T20:18:46.851+0000] {processor.py:183} INFO - Processing /opt/airflow/dags/marketing_dbt_transformation.py took 0.085 seconds
[2024-10-19T20:19:16.938+0000] {processor.py:161} INFO - Started process (PID=551) to work on /opt/airflow/dags/marketing_dbt_transformation.py
[2024-10-19T20:19:16.940+0000] {processor.py:830} INFO - Processing file /opt/airflow/dags/marketing_dbt_transformation.py for tasks to queue
[2024-10-19T20:19:16.941+0000] {logging_mixin.py:188} INFO - [2024-10-19T20:19:16.941+0000] {dagbag.py:540} INFO - Filling up the DagBag from /opt/airflow/dags/marketing_dbt_transformation.py
[2024-10-19T20:19:16.955+0000] {processor.py:840} INFO - DAG(s) 'dbt_dag' retrieved from /opt/airflow/dags/marketing_dbt_transformation.py
[2024-10-19T20:19:16.977+0000] {logging_mixin.py:188} INFO - [2024-10-19T20:19:16.977+0000] {dag.py:3047} INFO - Sync 1 DAGs
[2024-10-19T20:19:16.995+0000] {logging_mixin.py:188} INFO - [2024-10-19T20:19:16.995+0000] {dag.py:3834} INFO - Setting next_dagrun for dbt_dag to 2024-10-20 00:00:00+00:00, run_after=2024-10-21 00:00:00+00:00
[2024-10-19T20:19:17.009+0000] {processor.py:183} INFO - Processing /opt/airflow/dags/marketing_dbt_transformation.py took 0.073 seconds
