[2024-10-19T07:47:48.310+0000] {manager.py:469} INFO - Processing files using up to 2 processes at a time 
[2024-10-19T07:47:48.311+0000] {manager.py:470} INFO - Process each file at most once every 30 seconds
[2024-10-19T07:47:48.312+0000] {manager.py:471} INFO - Checking for new files in /opt/airflow/dags every 300 seconds
[2024-10-19T07:47:48.313+0000] {manager.py:738} INFO - Searching for files in /opt/airflow/dags
[2024-10-19T07:47:48.316+0000] {manager.py:741} INFO - There are 0 files in /opt/airflow/dags
[2024-10-19T07:52:48.748+0000] {manager.py:738} INFO - Searching for files in /opt/airflow/dags
[2024-10-19T07:52:48.753+0000] {manager.py:741} INFO - There are 0 files in /opt/airflow/dags
[2024-10-19T07:53:56.261+0000] {manager.py:469} INFO - Processing files using up to 2 processes at a time 
[2024-10-19T07:53:56.262+0000] {manager.py:470} INFO - Process each file at most once every 30 seconds
[2024-10-19T07:53:56.263+0000] {manager.py:471} INFO - Checking for new files in /opt/airflow/dags every 300 seconds
[2024-10-19T07:53:56.264+0000] {manager.py:738} INFO - Searching for files in /opt/airflow/dags
[2024-10-19T07:53:56.266+0000] {manager.py:741} INFO - There are 0 files in /opt/airflow/dags
[2024-10-19T07:58:56.546+0000] {manager.py:738} INFO - Searching for files in /opt/airflow/dags
[2024-10-19T07:58:56.552+0000] {manager.py:741} INFO - There are 0 files in /opt/airflow/dags
[2024-10-19T08:03:57.263+0000] {manager.py:738} INFO - Searching for files in /opt/airflow/dags
[2024-10-19T08:03:57.268+0000] {manager.py:741} INFO - There are 0 files in /opt/airflow/dags
[2024-10-19T14:32:22.438+0000] {manager.py:469} INFO - Processing files using up to 2 processes at a time 
[2024-10-19T14:32:22.440+0000] {manager.py:470} INFO - Process each file at most once every 30 seconds
[2024-10-19T14:32:22.441+0000] {manager.py:471} INFO - Checking for new files in /opt/airflow/dags every 300 seconds
[2024-10-19T14:32:22.442+0000] {manager.py:738} INFO - Searching for files in /opt/airflow/dags
[2024-10-19T14:32:22.445+0000] {manager.py:741} INFO - There are 0 files in /opt/airflow/dags
[2024-10-19T14:33:31.497+0000] {manager.py:451} INFO - Exiting gracefully upon receiving signal 15
[2024-10-19T14:35:57.213+0000] {manager.py:469} INFO - Processing files using up to 2 processes at a time 
[2024-10-19T14:35:57.214+0000] {manager.py:470} INFO - Process each file at most once every 30 seconds
[2024-10-19T14:35:57.214+0000] {manager.py:471} INFO - Checking for new files in /opt/airflow/dags every 300 seconds
[2024-10-19T14:35:57.215+0000] {manager.py:738} INFO - Searching for files in /opt/airflow/dags
[2024-10-19T14:35:57.218+0000] {manager.py:741} INFO - There are 0 files in /opt/airflow/dags
[2024-10-19T14:40:57.434+0000] {manager.py:738} INFO - Searching for files in /opt/airflow/dags
[2024-10-19T14:40:57.439+0000] {manager.py:741} INFO - There are 0 files in /opt/airflow/dags
[2024-10-19T14:45:57.683+0000] {manager.py:738} INFO - Searching for files in /opt/airflow/dags
[2024-10-19T14:45:57.686+0000] {manager.py:741} INFO - There are 0 files in /opt/airflow/dags
[2024-10-19T14:50:57.884+0000] {manager.py:738} INFO - Searching for files in /opt/airflow/dags
[2024-10-19T14:50:57.887+0000] {manager.py:741} INFO - There are 0 files in /opt/airflow/dags
[2024-10-19T14:55:58.067+0000] {manager.py:738} INFO - Searching for files in /opt/airflow/dags
[2024-10-19T14:55:58.070+0000] {manager.py:741} INFO - There are 0 files in /opt/airflow/dags
[2024-10-19T15:00:58.275+0000] {manager.py:738} INFO - Searching for files in /opt/airflow/dags
[2024-10-19T15:00:58.281+0000] {manager.py:741} INFO - There are 0 files in /opt/airflow/dags
[2024-10-19T15:05:58.468+0000] {manager.py:738} INFO - Searching for files in /opt/airflow/dags
[2024-10-19T15:05:58.472+0000] {manager.py:741} INFO - There are 0 files in /opt/airflow/dags
[2024-10-19T15:10:58.639+0000] {manager.py:738} INFO - Searching for files in /opt/airflow/dags
[2024-10-19T15:10:58.643+0000] {manager.py:741} INFO - There are 0 files in /opt/airflow/dags
[2024-10-19T15:15:58.810+0000] {manager.py:738} INFO - Searching for files in /opt/airflow/dags
[2024-10-19T15:15:58.814+0000] {manager.py:741} INFO - There are 0 files in /opt/airflow/dags
[2024-10-19T15:20:58.978+0000] {manager.py:738} INFO - Searching for files in /opt/airflow/dags
[2024-10-19T15:20:58.985+0000] {manager.py:741} INFO - There are 0 files in /opt/airflow/dags
[2024-10-19T15:25:59.183+0000] {manager.py:738} INFO - Searching for files in /opt/airflow/dags
[2024-10-19T15:25:59.187+0000] {manager.py:741} INFO - There are 0 files in /opt/airflow/dags
[2024-10-19T15:30:59.381+0000] {manager.py:738} INFO - Searching for files in /opt/airflow/dags
[2024-10-19T15:30:59.385+0000] {manager.py:741} INFO - There are 0 files in /opt/airflow/dags
[2024-10-19T15:35:59.561+0000] {manager.py:738} INFO - Searching for files in /opt/airflow/dags
[2024-10-19T15:35:59.565+0000] {manager.py:741} INFO - There are 0 files in /opt/airflow/dags
[2024-10-19T15:40:59.718+0000] {manager.py:738} INFO - Searching for files in /opt/airflow/dags
[2024-10-19T15:40:59.722+0000] {manager.py:741} INFO - There are 0 files in /opt/airflow/dags
[2024-10-19T15:45:59.871+0000] {manager.py:738} INFO - Searching for files in /opt/airflow/dags
[2024-10-19T15:45:59.875+0000] {manager.py:741} INFO - There are 0 files in /opt/airflow/dags
[2024-10-19T15:51:00.049+0000] {manager.py:738} INFO - Searching for files in /opt/airflow/dags
[2024-10-19T15:51:00.054+0000] {manager.py:741} INFO - There are 0 files in /opt/airflow/dags
[2024-10-19T15:56:00.231+0000] {manager.py:738} INFO - Searching for files in /opt/airflow/dags
[2024-10-19T15:56:00.235+0000] {manager.py:741} INFO - There are 0 files in /opt/airflow/dags
[2024-10-19T16:01:00.421+0000] {manager.py:738} INFO - Searching for files in /opt/airflow/dags
[2024-10-19T16:01:00.426+0000] {manager.py:741} INFO - There are 0 files in /opt/airflow/dags
[2024-10-19T16:06:00.601+0000] {manager.py:738} INFO - Searching for files in /opt/airflow/dags
[2024-10-19T16:06:00.605+0000] {manager.py:741} INFO - There are 0 files in /opt/airflow/dags
[2024-10-19T16:11:00.798+0000] {manager.py:738} INFO - Searching for files in /opt/airflow/dags
[2024-10-19T16:11:00.801+0000] {manager.py:741} INFO - There are 0 files in /opt/airflow/dags
[2024-10-19T16:16:00.984+0000] {manager.py:738} INFO - Searching for files in /opt/airflow/dags
[2024-10-19T16:16:00.988+0000] {manager.py:741} INFO - There are 0 files in /opt/airflow/dags
[2024-10-19T16:21:01.165+0000] {manager.py:738} INFO - Searching for files in /opt/airflow/dags
[2024-10-19T16:21:01.170+0000] {manager.py:741} INFO - There are 0 files in /opt/airflow/dags
[2024-10-19T16:26:01.332+0000] {manager.py:738} INFO - Searching for files in /opt/airflow/dags
[2024-10-19T16:26:01.336+0000] {manager.py:741} INFO - There are 0 files in /opt/airflow/dags
[2024-10-19T16:31:01.518+0000] {manager.py:738} INFO - Searching for files in /opt/airflow/dags
[2024-10-19T16:31:01.521+0000] {manager.py:741} INFO - There are 0 files in /opt/airflow/dags
[2024-10-19T16:36:01.696+0000] {manager.py:738} INFO - Searching for files in /opt/airflow/dags
[2024-10-19T16:36:01.768+0000] {manager.py:741} INFO - There are 0 files in /opt/airflow/dags
[2024-10-19T16:41:01.933+0000] {manager.py:738} INFO - Searching for files in /opt/airflow/dags
[2024-10-19T16:41:01.938+0000] {manager.py:741} INFO - There are 0 files in /opt/airflow/dags
[2024-10-19T16:46:02.093+0000] {manager.py:738} INFO - Searching for files in /opt/airflow/dags
[2024-10-19T16:46:02.096+0000] {manager.py:741} INFO - There are 0 files in /opt/airflow/dags
[2024-10-19T16:51:02.244+0000] {manager.py:738} INFO - Searching for files in /opt/airflow/dags
[2024-10-19T16:51:02.248+0000] {manager.py:741} INFO - There are 0 files in /opt/airflow/dags
[2024-10-19T16:56:02.418+0000] {manager.py:738} INFO - Searching for files in /opt/airflow/dags
[2024-10-19T16:56:02.421+0000] {manager.py:741} INFO - There are 0 files in /opt/airflow/dags
[2024-10-19T17:01:02.580+0000] {manager.py:738} INFO - Searching for files in /opt/airflow/dags
[2024-10-19T17:01:02.582+0000] {manager.py:741} INFO - There are 0 files in /opt/airflow/dags
[2024-10-19T17:06:02.757+0000] {manager.py:738} INFO - Searching for files in /opt/airflow/dags
[2024-10-19T17:06:02.761+0000] {manager.py:741} INFO - There are 0 files in /opt/airflow/dags
[2024-10-19T17:11:02.902+0000] {manager.py:738} INFO - Searching for files in /opt/airflow/dags
[2024-10-19T17:11:02.905+0000] {manager.py:741} INFO - There are 0 files in /opt/airflow/dags
[2024-10-19T17:16:03.051+0000] {manager.py:738} INFO - Searching for files in /opt/airflow/dags
[2024-10-19T17:16:03.056+0000] {manager.py:741} INFO - There are 0 files in /opt/airflow/dags
[2024-10-19T17:21:03.220+0000] {manager.py:738} INFO - Searching for files in /opt/airflow/dags
[2024-10-19T17:21:03.224+0000] {manager.py:741} INFO - There are 0 files in /opt/airflow/dags
[2024-10-19T17:26:03.392+0000] {manager.py:738} INFO - Searching for files in /opt/airflow/dags
[2024-10-19T17:26:03.395+0000] {manager.py:741} INFO - There are 0 files in /opt/airflow/dags
[2024-10-19T17:31:03.582+0000] {manager.py:738} INFO - Searching for files in /opt/airflow/dags
[2024-10-19T17:31:03.586+0000] {manager.py:741} INFO - There are 0 files in /opt/airflow/dags
[2024-10-19T17:36:03.776+0000] {manager.py:738} INFO - Searching for files in /opt/airflow/dags
[2024-10-19T17:36:03.781+0000] {manager.py:741} INFO - There are 0 files in /opt/airflow/dags
[2024-10-19T17:41:03.956+0000] {manager.py:738} INFO - Searching for files in /opt/airflow/dags
[2024-10-19T17:41:03.961+0000] {manager.py:741} INFO - There are 0 files in /opt/airflow/dags
[2024-10-19T17:46:04.147+0000] {manager.py:738} INFO - Searching for files in /opt/airflow/dags
[2024-10-19T17:46:04.151+0000] {manager.py:741} INFO - There are 0 files in /opt/airflow/dags
[2024-10-19T17:51:04.311+0000] {manager.py:738} INFO - Searching for files in /opt/airflow/dags
[2024-10-19T17:51:04.313+0000] {manager.py:741} INFO - There are 0 files in /opt/airflow/dags
[2024-10-19T17:56:04.469+0000] {manager.py:738} INFO - Searching for files in /opt/airflow/dags
[2024-10-19T17:56:04.472+0000] {manager.py:741} INFO - There are 0 files in /opt/airflow/dags
[2024-10-19T18:01:04.659+0000] {manager.py:738} INFO - Searching for files in /opt/airflow/dags
[2024-10-19T18:01:04.664+0000] {manager.py:741} INFO - There are 0 files in /opt/airflow/dags
[2024-10-19T18:06:04.864+0000] {manager.py:738} INFO - Searching for files in /opt/airflow/dags
[2024-10-19T18:06:04.868+0000] {manager.py:741} INFO - There are 0 files in /opt/airflow/dags
